256 -7.8045 -0.295695 1.76335 0.992896 0.00946507 -0.0796069 -0.0879191
257 -7.69832 -0.24102 1.7494 0.99112 0.0129109 -0.113873 -0.067435
277 -7.6304 -0.191306 1.74073 0.991168 -0.00348684 -0.124543 -0.0454245
279 -7.6853 -0.176774 1.75878 0.994028 -0.00527735 -0.101086 -0.0407618
282 -7.58968 -0.237921 1.70877 0.989347 0.000631731 -0.129372 -0.0667384
283 -7.58729 -0.233898 1.70767 0.989403 0.00106757 -0.129513 -0.0656331
294 -7.54067 -0.227368 1.69653 0.98692 0.000811539 -0.14668 -0.0668802
297 -7.52961 -0.279986 1.69189 0.985144 0.000468217 -0.147607 -0.0877643
309 -7.50224 -0.241969 1.769 0.988316 -0.00216053 -0.13693 -0.0669155
312 -7.46831 -0.17272 1.77427 0.988877 -0.00405601 -0.143495 -0.0389343
327 -7.41994 -0.240715 1.79206 0.988977 0.000310503 -0.133522 -0.0639938
332 -7.39344 -0.256344 1.77069 0.987495 0.00216668 -0.13918 -0.0740128
336 -7.38983 -0.294965 1.76971 0.987142 0.0108292 -0.130696 -0.091394
428 -6.78625 -0.245846 1.82436 0.98589 0.0090695 -0.149208 -0.0753427
429 -6.79822 -0.282738 1.82598 0.985828 0.00751462 -0.143744 -0.0861606
430 -6.80713 -0.321471 1.82471 0.98528 0.00790926 -0.139362 -0.0986899
431 -6.75598 -0.238106 1.80999 0.985148 0.00709178 -0.155918 -0.0715693
437 -6.74946 -0.241732 1.79606 0.984613 0.00254808 -0.159711 -0.0708768
455 -6.68998 -0.287751 1.72617 0.97869 0.0109508 -0.18095 -0.0964564
456 -6.66458 -0.251406 1.71563 0.978511 0.0102115 -0.188322 -0.0833463
458 -6.64649 -0.275007 1.70452 0.977266 0.0126364 -0.190675 -0.0918409
459 -6.66023 -0.267025 1.71917 0.978813 0.0108274 -0.18374 -0.0897097
460 -6.62516 -0.240458 1.69391 0.977081 0.00945172 -0.196266 -0.0818714
461 -6.63803 -0.261246 1.71366 0.978053 0.00873451 -0.188573 -0.0881791
462 -6.62092 -0.258895 1.70095 0.977029 0.00860915 -0.193869 -0.0880652
463 -6.60163 -0.22618 1.69332 0.97676 0.00702499 -0.200213 -0.0761961
465 -6.65984 -0.301056 1.73961 0.979528 0.00575966 -0.174997 -0.0993376
470 -6.62083 -0.280832 1.75635 0.978955 0.00265162 -0.18044 -0.0953009
471 -6.6246 -0.273428 1.76574 0.979801 0.00198381 -0.177757 -0.0915898
473 -6.82753 -0.229914 1.89781 0.991598 -0.00450736 -0.108385 -0.0704741
475 -6.57243 -0.256101 1.7614 0.978414 0.00689891 -0.190503 -0.0798005
477 -6.57708 -0.336946 1.76721 0.977258 0.010783 -0.184694 -0.103627
478 -6.5842 -0.277653 1.78864 0.980065 0.00852234 -0.180848 -0.0818173
479 -6.5634 -0.267711 1.79272 0.979746 0.00956248 -0.184606 -0.0769924
482 -6.54959 -0.262623 1.79991 0.980059 0.0130148 -0.184111 -0.0736101
483 -6.54906 -0.303699 1.79965 0.979333 0.0147191 -0.181931 -0.087129
486 -6.50152 -0.241322 1.78139 0.978318 0.0155583 -0.194366 -0.0698067
505 -6.4173 -0.225918 1.71915 0.972523 0.0178831 -0.217325 -0.08154
509 -6.39896 -0.245639 1.69838 0.970583 0.0216206 -0.222374 -0.0897235
512 -6.37133 -0.231659 1.68148 0.969156 0.021557 -0.230165 -0.085415
514 -6.42538 -0.351456 1.74693 0.971913 0.0229882 -0.19997 -0.121938
515 -6.38283 -0.289702 1.70866 0.970347 0.0245356 -0.216094 -0.10549
519 -6.3739 -0.282896 1.74371 0.972149 0.0205736 -0.208255 -0.105512
520 -6.34559 -0.248787 1.70723 0.970561 0.0161846 -0.22072 -0.0950369
521 -6.36535 -0.271468 1.75435 0.973004 0.0156909 -0.206878 -0.101088
522 -6.49015 -0.328687 1.88391 0.980914 0.0122357 -0.15719 -0.113797
526 -6.3168 -0.244581 1.7391 0.971339 0.0159894 -0.216031 -0.0978583
527 -6.29982 -0.227895 1.72632 0.97065 0.0155189 -0.221756 -0.0917767
528 -6.30688 -0.251628 1.74982 0.971611 0.0151353 -0.215084 -0.097376
529 -6.31673 -0.276935 1.77768 0.972587 0.0164979 -0.207177 -0.10431
533 -6.28788 -0.279364 1.80155 0.972976 0.0186646 -0.209005 -0.0963638
535 -6.29556 -0.290377 1.82855 0.974631 0.0205682 -0.201069 -0.0961425
536 -6.28804 -0.303823 1.84069 0.974698 0.0235873 -0.198428 -0.10017
537 -6.29762 -0.326994 1.85819 0.975361 0.0244207 -0.191897 -0.106068
540 -6.26151 -0.292338 1.85596 0.975778 0.0269418 -0.194368 -0.0967081
543 -6.22563 -0.268719 1.81983 0.974653 0.0274448 -0.202788 -0.0904221
672 -5.56506 -0.229513 1.72041 0.961645 0.0276793 -0.25805 -0.0887883
679 -5.54695 -0.226395 1.71834 0.964061 0.0197785 -0.249461 -0.0892373
688 -5.51595 -0.254415 1.67396 0.962939 0.0258992 -0.250427 -0.0967711
689 -5.49531 -0.215103 1.65639 0.962221 0.0233636 -0.258006 -0.0837754
693 -5.47831 -0.211181 1.64119 0.960864 0.0249301 -0.263245 -0.0825868
695 -5.4763 -0.227878 1.64336 0.960475 0.0265336 -0.262774 -0.0879391
707 -5.43242 -0.200764 1.66626 0.961424 0.0189535 -0.262177 -0.0810473
710 -5.42464 -0.198201 1.67472 0.962237 0.0174554 -0.258904 -0.0822404
715 -5.38305 -0.216969 1.66815 0.959977 0.0202179 -0.26461 -0.0895364
721 -5.37839 -0.188993 1.75594 0.965678 0.0201602 -0.24972 -0.068547
722 -5.35988 -0.269116 1.71354 0.961543 0.029272 -0.255474 -0.0965005
723 -5.34779 -0.272066 1.7214 0.961847 0.0290446 -0.254927 -0.094968
727 -5.31773 -0.227241 1.70771 0.962503 0.0311626 -0.257121 -0.0806531
781 -4.97576 -0.293187 1.54483 0.968527 0.0673199 -0.201542 -0.129635
782 -5.00293 -0.208348 1.60091 0.975516 0.0622488 -0.188708 -0.0942457
788 -5.01979 -0.247583 1.64797 0.979683 0.0662508 -0.157563 -0.104911
789 -4.96573 -0.215054 1.62901 0.977982 0.0681812 -0.172282 -0.0960253
790 -4.99626 -0.233264 1.6509 0.980184 0.0670356 -0.15724 -0.100103
791 -4.95622 -0.222542 1.63015 0.978422 0.069545 -0.167495 -0.0989904
794 -4.94984 -0.207152 1.6383 0.980434 0.0670009 -0.159672 -0.0936221
806 -4.89874 -0.200235 1.59812 0.980627 0.060407 -0.160063 -0.0954021
810 -4.87916 -0.198649 1.57879 0.980393 0.0594492 -0.160119 -0.0982729
875 -4.42287 -0.153269 1.48313 0.981243 0.0737886 -0.152491 -0.0920032
882 -4.39112 -0.156066 1.48025 0.981475 0.068569 -0.150742 -0.0963439
884 -4.38184 -0.14204 1.48707 0.982406 0.0663181 -0.148349 -0.092046
885 -4.34479 -0.216847 1.45366 0.977398 0.067542 -0.157841 -0.123358
887 -4.39245 -0.151437 1.50634 0.984029 0.0642056 -0.134915 -0.0967647
888 -4.39002 -0.148351 1.51351 0.984454 0.0636356 -0.132623 -0.0959838
889 -4.37824 -0.138778 1.52606 0.984883 0.0629352 -0.13257 -0.0920269
891 -4.3783 -0.162966 1.53269 0.985083 0.064532 -0.124164 -0.100154
892 -4.44998 -0.182569 1.57449 0.988072 0.064161 -0.0933886 -0.104284
894 -4.44767 -0.259424 1.58006 0.98557 0.0619495 -0.0835678 -0.133529
895 -4.37356 -0.107038 1.58719 0.989004 0.0721216 -0.103999 -0.076516
897 -4.35296 -0.173655 1.57685 0.987205 0.0772031 -0.0971894 -0.100102
898 -4.31195 -0.164626 1.56723 0.986089 0.0811377 -0.106077 -0.0989629
964 -4.03067 -0.0342385 1.63984 0.993136 0.0919973 -0.0514902 -0.0506541
965 -3.92032 -0.184459 1.62165 0.987676 0.0889968 -0.077762 -0.102612
966 -3.91507 -0.187999 1.61937 0.987567 0.0891191 -0.077014 -0.10411
970 -3.95231 -0.219605 1.63277 0.988527 0.0825186 -0.0594843 -0.111658
977 -3.89235 -0.153315 1.62936 0.990153 0.0759505 -0.0760815 -0.0896709
985 -3.83103 -0.197349 1.58781 0.987079 0.0778711 -0.0909801 -0.106462
986 -3.92925 -0.211923 1.60179 0.989139 0.0791694 -0.060079 -0.108291
989 -3.87488 -0.0787173 1.59635 0.990939 0.0828714 -0.0847851 -0.0631091
990 -3.90918 -0.078994 1.60302 0.991801 0.0833633 -0.0750456 -0.0612331
991 -3.8546 -0.161999 1.57812 0.988143 0.0842581 -0.0921421 -0.0893474
992 -3.81236 -0.162811 1.56964 0.986576 0.0859654 -0.106105 -0.0895474
993 -3.82065 -0.207097 1.56454 0.985817 0.0852175 -0.101929 -0.102533
994 -3.77925 -0.197726 1.55445 0.984581 0.0864145 -0.114832 -0.0997294
995 -3.77053 -0.19096 1.55199 0.984522 0.0866172 -0.117183 -0.0973765
996 -3.81149 -0.148097 1.5727 0.987612 0.0847652 -0.103762 -0.0816803
997 -3.8068 -0.164378 1.57345 0.986849 0.0870706 -0.102549 -0.0896162
999 -3.77785 -0.159152 1.57216 0.986622 0.0808814 -0.109124 -0.0901472
1000 -3.84666 -0.0222717 1.60909 0.991921 0.0800154 -0.0881826 -0.0437511
1006 -3.82485 -0.0396829 1.63745 0.992994 0.075174 -0.0708927 -0.0573163
1007 -3.82288 -0.0644707 1.64465 0.992783 0.0743757 -0.0673852 -0.0656465
1008 -3.79521 -0.146962 1.63361 0.990467 0.0730178 -0.0706036 -0.0930487
1009 -3.70028 -0.193622 1.60105 0.986755 0.0701637 -0.0967526 -0.109682
1010 -3.78399 -0.0418982 1.65478 0.993181 0.0728158 -0.071114 -0.0568524
1014 -3.71127 -0.174334 1.65187 0.989277 0.0723148 -0.0833609 -0.0956658
1015 -3.73814 -0.158304 1.67915 0.990524 0.0751335 -0.073031 -0.0887884
1017 -3.76554 -0.117988 1.71015 0.992387 0.0776511 -0.0638175 -0.0711687
1018 -3.71804 -0.117077 1.70697 0.991784 0.0757745 -0.0767693 -0.0687758
1020 -3.74516 -0.0183103 1.73964 0.993876 0.0793036 -0.0684481 -0.035173
1021 -3.77591 -0.0506115 1.76398 0.994309 0.0799851 -0.0565284 -0.0419205
1024 -3.69115 -0.139146 1.74375 0.991697 0.0812228 -0.0755773 -0.065017
1025 -3.61628 -0.210101 1.71258 0.988384 0.0812018 -0.0943411 -0.0871914
1028 -3.63401 -0.183985 1.73985 0.990277 0.0813537 -0.0841572 -0.0751668
1029 -3.62988 -0.17028 1.74633 0.990471 0.0830481 -0.084611 -0.0700821
1030 -3.59395 -0.205457 1.72917 0.988948 0.0818611 -0.0945982 -0.0795767
1031 -3.58255 -0.20185 1.72714 0.988698 0.0828644 -0.0979716 -0.077532
1035 -3.63481 -0.238995 1.75866 0.989969 0.0787084 -0.0814691 -0.0844379
1040 -3.56895 -0.137732 1.75994 0.990527 0.0755532 -0.0976306 -0.0601339
1041 -3.62283 -0.0412151 1.79148 0.992829 0.0803991 -0.0825472 -0.0318136
1043 -3.54854 -0.135263 1.74017 0.989168 0.0855453 -0.100237 -0.0646589
1045 -3.53997 -0.105141 1.73878 0.987687 0.098215 -0.106119 -0.0597294
1047 -3.47194 -0.191202 1.68566 0.982075 0.105949 -0.12574 -0.0921552
1051 -3.44419 -0.198482 1.67595 0.976745 0.129521 -0.137676 -0.101185
1054 -3.46269 -0.127228 1.7216 0.978177 0.139721 -0.131122 -0.0803395
1055 -3.41538 -0.210647 1.66476 0.973713 0.139851 -0.142827 -0.109205
1068 -3.62521 -0.241868 1.89439 0.997307 0.0310009 -0.0403362 -0.0528358
1069 -3.3697 -0.17084 1.74588 0.992025 0.0292149 -0.11771 -0.0343182
1070 -3.39943 -0.131852 1.79138 0.993735 0.027979 -0.106382 -0.0197852
1072 -3.32843 -0.207258 1.73719 0.99041 0.0298617 -0.128939 -0.039641
1077 -3.31299 -0.167922 1.80206 0.991528 0.0280274 -0.124724 -0.0230185
1081 -3.28793 -0.192653 1.81433 0.991218 0.0214959 -0.126995 -0.0299418
1082 -3.28488 -0.191491 1.81956 0.991258 0.0195679 -0.127046 -0.0297327
1085 -3.27414 -0.204726 1.82797 0.990869 0.0157365 -0.129147 -0.0353721
1086 -3.28222 -0.205632 1.83835 0.991171 0.0132487 -0.126897 -0.0360841
1087 -3.25206 -0.11607 1.83424 0.990629 0.0110959 -0.135581 -0.0121961
1088 -3.25493 -0.164222 1.83639 0.99042 0.00950483 -0.135113 -0.0268711
1089 -3.23281 -0.115542 1.83533 0.989771 0.00766537 -0.141762 -0.0140567
1090 -3.24149 -0.15339 1.83764 0.989828 0.00684299 -0.139826 -0.0253284
1093 -3.23752 -0.186458 1.83405 0.989238 -0.00198029 -0.141274 -0.0380254
1094 -3.23256 -0.18032 1.83336 0.989037 -0.00488192 -0.142805 -0.0372656
1095 -3.25088 -0.150051 1.83795 0.98996 -0.0117794 -0.137704 -0.0296222
1098 -3.19587 -0.124841 1.81843 0.98791 -0.0198991 -0.151499 -0.026195
1100 -3.23308 -0.0966712 1.82548 0.989892 -0.0241183 -0.138357 -0.0197341
1102 -3.26454 -0.463634 1.77074 0.983032 -0.0190522 -0.129352 -0.128663
1103 -3.41135 -0.143447 1.85143 0.995413 -0.0271067 -0.0832378 -0.0385846
1106 -3.21092 -0.530731 1.72924 0.977273 -0.0222895 -0.138789 -0.158677
1107 -3.08624 -0.174818 1.75827 0.98365 -0.0234741 -0.168551 -0.0589284
1108 -3.10289 -0.156583 1.76778 0.984715 -0.0247708 -0.162989 -0.0561847
1109 -3.10861 -0.255223 1.76018 0.982681 -0.0215545 -0.162021 -0.0873117
1111 -3.19206 -0.0936651 1.79437 0.989509 -0.0272864 -0.134837 -0.0441215
1114 -3.15005 -0.229724 1.76339 0.985343 -0.022474 -0.144979 -0.0870354
1115 -3.11208 -0.146774 1.76521 0.985964 -0.0225661 -0.153258 -0.0622705
1124 -3.08408 -0.209894 1.77896 0.984853 -0.0309005 -0.150879 -0.0796549
1125 -3.05025 -0.172312 1.76233 0.984288 -0.0332776 -0.159077 -0.0690207
1126 -3.06715 -0.154336 1.77954 0.985759 -0.037473 -0.151462 -0.0627298
1127 -3.05087 -0.156476 1.77804 0.985282 -0.038795 -0.154507 -0.0619875
1129 -3.03057 -0.186601 1.77697 0.984488 -0.0365931 -0.156089 -0.0712778
1131 -3.14433 -0.0949701 1.8352 0.991037 -0.0396059 -0.118639 -0.0469261
1134 -3.01748 -0.158951 1.8134 0.985983 -0.0369482 -0.148835 -0.0657269
1136 -3.00974 -0.171221 1.82103 0.986266 -0.0344085 -0.146761 -0.0675
1137 -2.98489 -0.189476 1.81425 0.985257 -0.0312049 -0.151799 -0.0724731
1141 -3.49768 -0.124305 1.96788 0.998004 -0.0298381 -0.00453928 -0.0554712
1144 -2.86785 -0.176113 1.77182 0.982327 -0.0219916 -0.170624 -0.0737415
1146 -2.96196 -0.182037 1.83688 0.987309 -0.0266618 -0.137749 -0.0743999
1148 -2.91534 -0.236368 1.81421 0.98445 -0.0235973 -0.149021 -0.089965
1150 -2.93891 -0.17572 1.82644 0.986986 -0.0299504 -0.140303 -0.0726466
1161 -2.88564 -0.176953 1.7475 0.983484 -0.0330306 -0.162062 -0.0735108
1163 -2.86703 -0.177348 1.72447 0.982604 -0.0318969 -0.165752 -0.0774509
1183 -2.77149 -0.174198 1.67217 0.981667 -0.0307632 -0.170814 -0.0787847
1185 -2.76116 -0.180042 1.68167 0.981784 -0.0311158 -0.169442 -0.0801296
1186 -2.76222 -0.197312 1.69519 0.982078 -0.0287641 -0.166066 -0.0843643
1193 -2.74781 -0.205114 1.74231 0.984476 -0.022011 -0.15287 -0.0833858
1194 -2.73227 -0.206943 1.74074 0.984264 -0.0216562 -0.154375 -0.0832116
1196 -2.67629 -0.188635 1.71668 0.98308 -0.0168044 -0.164225 -0.0793812
1208 -2.61754 -0.224128 1.72735 0.982673 -0.01633 -0.16235 -0.0879226
1210 -2.60402 -0.29183 1.72082 0.980709 -0.0203234 -0.162658 -0.106484
1211 -2.5883 -0.177902 1.69348 0.982515 -0.0220842 -0.16902 -0.0748896
1214 -2.63117 -0.191876 1.74621 0.985654 -0.025311 -0.14867 -0.0757747
1217 -2.56415 -0.19507 1.66593 0.982992 -0.0198174 -0.164912 -0.0783394
1219 -2.53228 -0.183312 1.65245 0.982344 -0.0173659 -0.170415 -0.0752165
1223 -2.51138 -0.181746 1.63614 0.982137 -0.0143915 -0.171464 -0.0761528
1224 -2.52461 -0.192278 1.63797 0.982847 -0.0129718 -0.16551 -0.0803087
1225 -2.50057 -0.232198 1.62 0.980691 -0.0101027 -0.171906 -0.0926854
1232 -2.49564 -0.173616 1.63806 0.983243 -0.0166814 -0.166864 -0.0714975
1237 -2.43663 -0.196923 1.63408 0.981927 -0.0197114 -0.170663 -0.0793999
1238 -2.35657 0.0633484 1.62655 0.98115 -0.0315896 -0.190642 0.00157248
1243 -2.41514 -0.182421 1.67104 0.983834 -0.0206132 -0.161233 -0.0751615
1247 -2.48565 -0.147464 1.7464 0.989449 -0.0186349 -0.129965 -0.0612591
1253 -2.33815 -0.097869 1.70544 0.986838 -0.0137357 -0.155103 -0.0436507
1257 -2.34791 -0.181591 1.71571 0.987167 -0.00757648 -0.145389 -0.0656214
1271 -2.27029 -0.207389 1.63351 0.984653 -0.0102236 -0.160133 -0.0686348
1272 -2.2932 -0.158239 1.6696 0.987432 -0.0110611 -0.148349 -0.0533634
1276 -2.23097 -0.18691 1.59512 0.984259 -0.0117913 -0.162426 -0.0686492
1279 -2.25452 -0.14736 1.61828 0.986956 -0.0140721 -0.149727 -0.0574542
1284 -2.19053 -0.18146 1.56364 0.984015 -0.0102906 -0.163374 -0.0701244
1285 -2.18008 -0.235301 1.54827 0.982195 -0.0111841 -0.165609 -0.0879907
1293 -2.14094 -0.175788 1.56525 0.984433 -0.0206333 -0.159352 -0.0712287
1296 -2.12485 -0.180407 1.57854 0.984687 -0.022645 -0.15751 -0.0711982
1304 -2.1033 -0.141643 1.65355 0.987932 -0.0166121 -0.144793 -0.0524331
1307 -2.0454 -0.122112 1.62516 0.986289 -0.0112755 -0.158317 -0.0452007
1311 -2.05732 -0.288461 1.64579 0.985744 -0.00176451 -0.14115 -0.091552
1323 -1.97051 -0.179231 1.60741 0.985752 -0.0121443 -0.155244 -0.0635928
1343 -1.89589 -0.177679 1.47662 0.9843 -0.0172682 -0.161444 -0.0692141
1344 -1.83162 -0.166194 1.44705 0.98118 -0.0135195 -0.180623 -0.0669168
1346 -1.8137 -0.0895692 1.43885 0.98233 -0.0160833 -0.181862 -0.0411743
1352 -1.77955 -0.076011 1.43249 0.982581 -0.0167764 -0.181112 -0.0381089
1355 -1.83714 -0.0453056 1.47963 0.987843 -0.0203727 -0.152188 -0.0243075
1357 -1.78141 -0.152973 1.43387 0.983501 -0.016315 -0.169511 -0.0610391
1368 -1.76025 -0.149412 1.50524 0.984681 -0.0144594 -0.162777 -0.0608165
1369 -1.7648 -0.151315 1.50747 0.985049 -0.0147273 -0.159737 -0.0628208
1370 -1.72654 -0.0655194 1.50653 0.984986 -0.016608 -0.168107 -0.0356008
1371 -1.83375 -0.203518 1.56304 0.988178 -0.0129923 -0.129773 -0.0805881
1373 -1.7023 -0.178061 1.50835 0.983537 -0.0101451 -0.164353 -0.0744277
1382 -1.65733 -0.0469432 1.53842 0.98888 -0.0123113 -0.145434 -0.0285338
1383 -1.62776 -0.163593 1.50244 0.98566 -0.00670356 -0.154254 -0.0680827
1387 -1.63562 -0.153346 1.52907 0.98754 -0.0106232 -0.143594 -0.0634978
1397 -1.55909 -0.162977 1.44291 0.985987 -0.0163465 -0.15083 -0.0693735
1401 -1.57403 -0.145348 1.4565 0.988578 -0.0168491 -0.136272 -0.0621263
1441 -1.42231 -0.224107 1.55142 0.990286 -0.0127407 -0.0969566 -0.0988454
1442 -1.24943 -0.0584526 1.53758 0.987961 -0.00854752 -0.14683 -0.0479674
1443 -1.37127 -0.182174 1.55693 0.990228 -0.0113088 -0.107746 -0.0878185
1444 -1.32976 -0.0735781 1.5738 0.991577 -0.0109073 -0.1175 -0.0533815
1445 -1.38688 -0.251895 1.55073 0.988863 -0.0120547 -0.0988031 -0.110647
1448 -1.35539 -0.145112 1.56532 0.992183 -0.0145358 -0.0978076 -0.0761237
1449 -1.34981 -0.158247 1.56192 0.991963 -0.015084 -0.0967977 -0.0800787
1451 -1.3394 -0.171966 1.55524 0.991962 -0.0143357 -0.0932198 -0.08436
1455 -1.20402 -0.207611 1.49447 0.987554 -0.00719797 -0.124034 -0.0964405
1456 -1.30769 -0.159585 1.5481 0.992968 -0.0129468 -0.0880077 -0.0781126
1458 -1.30064 -0.149261 1.53377 0.993525 -0.0142424 -0.0844783 -0.0746212
1459 -1.19341 -0.0727238 1.49949 0.991874 -0.00922532 -0.115829 -0.0518209
1460 -1.22715 -0.086615 1.50705 0.993018 -0.010604 -0.10325 -0.0560572
1466 -1.16684 -0.0287739 1.46875 0.992958 -0.0108394 -0.113892 -0.0307536
1472 -1.10799 -0.0634791 1.43326 0.991154 -0.00651307 -0.126386 -0.0399858
1475 -1.13846 -0.106452 1.44947 0.992185 -0.00825233 -0.11099 -0.0564068
1477 -1.22133 0.0403031 1.50916 0.996887 -0.0146576 -0.0771226 -0.00727817
1478 -1.14715 -0.132667 1.45075 0.992627 -0.00954256 -0.100738 -0.0667226
1479 -1.26129 0.00351769 1.53355 0.997775 -0.0206626 -0.0594987 -0.0218765
1480 -1.20515 -0.206177 1.48017 0.992962 -0.0171141 -0.0747227 -0.0902814
1482 -1.11552 -0.128905 1.45955 0.992948 -0.0176451 -0.09666 -0.0663275
1485 -1.13585 -0.0789928 1.4937 0.995627 -0.0214685 -0.0755321 -0.0506005
1486 -1.17931 -0.162657 1.51433 0.994791 -0.0290779 -0.0583063 -0.0783923
1507 -0.884845 -0.063707 1.51516 0.996152 -0.0026592 -0.0705654 -0.0519193
1508 -0.937691 -0.0162036 1.5353 0.998054 -0.00661418 -0.0513608 -0.0347226
1509 -0.962986 -0.103954 1.51928 0.997112 -0.00477661 -0.039847 -0.064468
1511 -0.947042 -0.00640958 1.53069 0.998645 -0.00807672 -0.0388354 -0.0336942
1514 -1.05063 -0.172674 1.49426 0.995824 -0.01634 -0.000742959 -0.0898137
1515 -0.950929 -0.0857932 1.50909 0.997657 -0.0140844 -0.0287536 -0.0604586
1517 -0.928994 -0.0120487 1.52093 0.998681 -0.0185382 -0.0327251 -0.0349653
1518 -0.980818 -0.0123638 1.51371 0.999006 -0.0221769 -0.0151157 -0.0355842
1521 -0.934499 -0.030553 1.48895 0.998586 -0.0208606 -0.0253856 -0.0417973
1522 -0.85564 -0.0597653 1.47369 0.997321 -0.0158534 -0.0491793 -0.051778
1523 -0.860098 -0.0436346 1.47081 0.997732 -0.015242 -0.044888 -0.0477837
1529 -0.929408 -0.0167416 1.4463 0.998656 -0.0216913 -0.0101079 -0.0459827
1530 -0.891843 -0.0265285 1.43277 0.998279 -0.0200514 -0.0204153 -0.0511807
1531 -0.927207 -0.0106839 1.43454 0.998558 -0.0238912 -0.00729833 -0.0475281
1532 -0.848139 0.00634144 1.42869 0.998401 -0.0185345 -0.0316709 -0.04301
1533 -0.827256 -0.0422745 1.40782 0.997174 -0.0176665 -0.0372941 -0.0627827
1534 -0.833399 -0.0222452 1.40973 0.997698 -0.0184249 -0.0325826 -0.0565516
1535 -0.871191 -0.0331118 1.40448 0.997762 -0.0200465 -0.0174514 -0.0613487
1540 -0.806113 -0.0764676 1.36691 0.996467 -0.0137733 -0.0301239 -0.0771834
1542 -0.782609 -0.0884445 1.35079 0.995951 -0.0114411 -0.0301353 -0.0839233
1543 -0.884006 -0.183369 1.34576 0.9929 -0.0181022 0.00822968 -0.117275
1544 -0.842241 -0.124796 1.35044 0.995216 -0.0169049 -0.00180212 -0.0962069
1547 -0.841761 -0.134446 1.36251 0.994825 -0.0189818 0.010711 -0.0992354
1548 -0.779943 -0.0503176 1.3609 0.997306 -0.0171127 -0.0065611 -0.0710237
1585 -0.690232 0.00171619 1.41017 0.993994 -0.0429976 0.0758883 -0.0660973
1591 -0.662884 -0.0554382 1.40956 0.993006 -0.0406554 0.075585 -0.081075
1593 -0.719125 -0.0508607 1.37962 0.990812 -0.0447122 0.0991497 -0.0803836
1594 -0.738736 -0.0648783 1.3707 0.989422 -0.0439619 0.108978 -0.0850573
1595 -0.678018 -0.0380527 1.40261 0.992783 -0.0382868 0.0890718 -0.070579
1596 -0.714335 -0.106133 1.37345 0.988836 -0.045468 0.10379 -0.0967663
1598 -0.690882 -0.00230984 1.38926 0.992236 -0.0414274 0.102356 -0.0572296
1604 -0.686223 -0.0307853 1.38953 0.990223 -0.0427655 0.113812 -0.068381
1608 -0.710272 0.00411144 1.38527 0.989005 -0.0395589 0.12958 -0.0592711
1612 -0.722183 0.0323514 1.38495 0.988409 -0.0346471 0.139159 -0.049813
1619 -0.74424 0.0115825 1.40184 0.985608 -0.0316067 0.154196 -0.0616598
1622 -0.755721 -0.0190929 1.41214 0.983563 -0.0276739 0.163934 -0.0704517
1624 -0.716545 -0.069999 1.43433 0.983585 -0.0263703 0.156063 -0.086653
1634 -0.813924 -0.0338179 1.40961 0.971049 -0.0224882 0.22377 -0.0805274
1636 -0.778822 0.0476538 1.43262 0.974965 -0.0110942 0.215879 -0.0521153
1650 -0.720862 -0.0550815 1.47186 0.969963 -5.46361e-05 0.234213 -0.0656952
1663 -0.669366 -0.0598643 1.4167 0.96575 -0.00394967 0.253061 -0.0572047
1686 -0.69605 -0.0827009 1.49856 0.940153 0.00350013 0.335708 -0.0583085
1687 -0.724515 -0.0616241 1.48752 0.937924 0.00718906 0.343131 -0.0500838
1705 -0.774464 -0.0648338 1.56388 0.916931 0.021409 0.396048 -0.0438634
1713 -0.697439 -0.0751699 1.57852 0.914641 0.0207816 0.401122 -0.0458453
1714 -0.690772 -0.0806256 1.57917 0.914408 0.0223974 0.401428 -0.0470308
1765 -0.658087 -0.095654 1.84977 0.863255 0.0368085 0.502015 -0.0376365
1783 -0.615163 -0.071338 1.92418 0.86086 0.0315703 0.507365 -0.0224522
1797 -0.652474 -0.13264 2.0424 0.839316 0.0479727 0.53962 -0.0453621
1798 -0.719512 -0.0791384 2.02404 0.83238 0.0300791 0.552392 -0.0332027
1799 -0.642861 -0.0845901 2.06277 0.843761 0.0308158 0.534754 -0.034002
1801 -0.68981 -0.0654415 2.06997 0.839344 0.0239511 0.542394 -0.0271417
1819 -0.669018 -0.0730374 2.13057 0.842949 0.0197683 0.536942 -0.0271917
1829 -0.607411 -0.116583 2.14004 0.827436 0.0459724 0.558505 -0.0361743
1837 -0.53624 -0.0797249 2.26088 0.836396 0.0400542 0.546175 -0.0230319
1846 -0.553746 -0.0599217 2.31127 0.825295 0.031158 0.563101 -0.0288976
1847 -0.590272 -0.114437 2.28581 0.815322 0.0457538 0.57575 -0.0408425
1852 -0.659927 -0.122246 2.27225 0.79577 0.0435882 0.60288 -0.0372464
1853 -0.60518 -0.0711176 2.35151 0.812189 0.0319279 0.581934 -0.0261263
1860 -0.616901 -0.0528329 2.41141 0.804425 0.0264737 0.593108 -0.0205835
1864 -0.665001 -0.0564018 2.38627 0.787581 0.0260696 0.615323 -0.0203366
1906 -0.64566 -0.00245688 2.45679 0.748724 0.0247894 0.662235 -0.0155785
1907 -0.632734 -0.105653 2.51506 0.758575 0.0571627 0.647905 -0.0389312
1908 -0.628851 -0.185389 2.54061 0.760439 0.0814978 0.641655 -0.0580422
1909 -0.641576 -0.0268732 2.56206 0.767739 0.0323631 0.639463 -0.0248429
1911 -0.68562 -0.0509377 2.48357 0.747346 0.0374288 0.662738 -0.0291781
1912 -0.683406 -0.0172564 2.54264 0.759827 0.0282589 0.64919 -0.0204095
1914 -0.663635 -0.11267 2.60952 0.769837 0.0588966 0.634415 -0.0374097
1915 -0.672409 -0.222203 2.59361 0.760508 0.0909514 0.640203 -0.0591313
1917 -0.706268 -0.039704 2.59242 0.760805 0.0370633 0.647616 -0.0198848
1918 -0.739649 -0.0387974 2.53004 0.744303 0.0373233 0.66654 -0.0185571
1919 -0.717824 -0.030692 2.60474 0.759186 0.0349532 0.649697 -0.0175526
1920 -0.718869 -0.0437727 2.61652 0.759529 0.0393314 0.648989 -0.019541
1924 -0.733647 -0.035005 2.62818 0.753933 0.0365445 0.655708 -0.017224
1936 -0.735011 -0.0492617 2.65601 0.750219 0.0291223 0.659897 -0.0293149
1943 -0.696671 -0.0366933 2.73784 0.765273 0.0262373 0.642819 -0.0212726
1950 -0.681875 -0.133086 2.78628 0.767117 0.0587515 0.638063 -0.03091
1951 -0.677285 -0.0499611 2.79138 0.768771 0.0348428 0.638463 -0.0119738
1953 -0.73806 -0.0420408 2.73448 0.750458 0.0336312 0.660012 -0.00808241
1982 -0.780198 -0.150293 3.07409 0.746555 0.0617122 0.662214 -0.0178791
1983 -0.790696 -0.0353046 3.02501 0.736774 0.029848 0.675465 0.00444739
1984 -0.790429 -0.0317757 3.07054 0.745618 0.027285 0.665811 0.00207579
1993 -0.753268 -0.118992 3.15354 0.753691 0.0472763 0.654996 -0.0263634
1996 -0.716251 -0.270229 3.20944 0.758469 0.0925088 0.642043 -0.0628382
1997 -0.75241 0.0455746 3.14018 0.747289 0.00511055 0.664442 0.00704565
1998 -0.744209 -0.0310626 3.15251 0.747692 0.0247616 0.66346 -0.0128425
1999 -0.740099 -0.0287688 3.16037 0.748736 0.0241261 0.66231 -0.0125827
2003 -0.709747 -0.109628 3.21586 0.755898 0.0519282 0.651989 -0.0288431
2004 -0.720986 -0.0426425 3.19565 0.75121 0.0323639 0.659103 -0.0148106
2008 -0.725321 -0.048961 3.17634 0.741201 0.0348878 0.670191 -0.0157231
2011 -0.717821 -0.0546583 3.22776 0.746685 0.0335317 0.663976 -0.021733
2012 -0.701035 -0.137493 3.27786 0.755268 0.056074 0.651623 -0.0425957
2013 -0.706339 -0.0991516 3.26652 0.749996 0.0398976 0.659368 -0.0338866
2017 -0.728876 -0.177385 3.25629 0.735492 0.0640053 0.672093 -0.0569706
2018 -0.733583 -0.0463843 3.26305 0.737138 0.0278981 0.67462 -0.0271398
2019 -0.788254 0.158811 3.09706 0.690946 -0.025706 0.722034 0.0245107
2020 -0.764199 -0.0425162 3.23123 0.723861 0.0261376 0.688902 -0.0274861
2021 -0.761602 -0.0496657 3.23235 0.722847 0.0285236 0.689852 -0.0279769
2022 -0.774853 0.060078 3.23606 0.72223 -0.0033485 0.691641 -0.0020611
2023 -0.755326 0.103651 3.29413 0.733855 -0.0151796 0.679046 0.0111051
2024 -0.766641 -0.157905 3.28303 0.728146 0.054819 0.681571 -0.0475299
2026 -0.786788 -0.00848265 3.26469 0.722588 0.018665 0.690993 -0.00677825
2027 -0.761824 -0.130155 3.33219 0.735402 0.0530899 0.674825 -0.0312408
2030 -0.798062 -0.123227 3.32043 0.727246 0.0496675 0.684115 -0.0251424
2032 -0.790752 -0.229942 3.35877 0.729533 0.0798537 0.677898 -0.0431222
2033 -0.82149 -0.117052 3.35184 0.728308 0.0500477 0.683233 -0.015983
2034 -0.818906 -0.0605103 3.34335 0.725389 0.0351728 0.687434 -0.00294435
2070 -0.708386 0.0585922 3.5563 0.720067 -0.000612952 0.693686 0.0174025
2071 -0.702787 0.0100365 3.53183 0.712446 0.0126053 0.701602 0.00408397
2072 -0.665016 -0.33955 3.5661 0.709296 0.112343 0.690747 -0.0845394
2073 -0.699454 -0.0290677 3.6328 0.731711 0.0257408 0.681067 -0.00918273
2075 -0.685992 0.171026 3.55342 0.707122 -0.0299543 0.70527 0.0409165
2077 -0.696738 -0.0808824 3.62323 0.720127 0.0397233 0.692269 -0.0245559
2084 -0.692444 -0.126141 3.58087 0.695563 0.0499576 0.715735 -0.0376768
2086 -0.700558 -0.0640501 3.61777 0.703029 0.0327702 0.710059 -0.0221873
2090 -0.706868 -0.0635765 3.60944 0.697727 0.0323422 0.715247 -0.0235181
2099 -0.734051 -0.0219644 3.5589 0.680819 0.0246798 0.731884 -0.0149011
2103 -0.745398 -0.0558117 3.56953 0.681109 0.0356369 0.730872 -0.0254301
2105 -0.752843 -0.0544167 3.56329 0.678788 0.0352918 0.733008 -0.0264687
2117 -0.792338 -0.0524372 3.51501 0.659965 0.0308464 0.750194 -0.0265378
2118 -0.795824 -0.0526059 3.51185 0.658747 0.0315193 0.75128 -0.0252434
2134 -0.790285 -0.071145 3.43582 0.638919 0.0481049 0.767699 -0.0103786
2136 -0.779249 -0.0738312 3.42565 0.636387 0.0502353 0.769664 -0.0102598
2139 -0.759029 0.0174642 3.38466 0.629704 0.0281281 0.77622 0.0128376
2143 -0.730091 -0.126915 3.38694 0.631147 0.0621063 0.772541 -0.03124
2144 -0.720475 -0.175725 3.39203 0.632188 0.0740936 0.769872 -0.046331
2146 -0.711535 -0.124961 3.37019 0.629259 0.0643256 0.773819 -0.0331615
2148 -0.708083 -0.084456 3.3783 0.634512 0.054443 0.770561 -0.0257944
2150 -0.70133 -0.0866826 3.37602 0.636171 0.0548277 0.769141 -0.0265112
2154 -0.694746 -0.118862 3.39731 0.644542 0.0623562 0.761284 -0.033533
2157 -0.698615 -0.125349 3.38128 0.646459 0.06328 0.759516 -0.0349604
2164 -0.697621 -0.0718274 3.31036 0.632212 0.0495675 0.773006 -0.0176708
2167 -0.677105 0.114568 3.2297 0.609936 0.00377228 0.791644 0.0355446
2168 -0.702646 0.0124213 3.25671 0.616585 0.0300686 0.7867 0.00476818
2170 -0.729838 -0.0625787 3.26732 0.617584 0.0463298 0.784872 -0.0204925
2177 -0.754492 -0.120167 3.1916 0.595501 0.0542244 0.800702 -0.0362445
2179 -0.785075 -0.0614606 3.20397 0.601507 0.0405157 0.797633 -0.0181468
2180 -0.776046 -0.117098 3.17158 0.591477 0.053248 0.803951 -0.0313424
2197 -0.820827 -0.0893052 3.11226 0.596003 0.0459707 0.801494 -0.0165587
2201 -0.766057 0.0593127 3.03656 0.581211 0.0158932 0.813156 0.0268234
2228 -0.652831 -0.0416396 2.83146 0.619705 0.0357107 0.783835 -0.0171404
2229 -0.68011 -0.0423322 2.93031 0.649648 0.0370024 0.759146 -0.0169133
2230 -0.666854 -0.161752 2.93076 0.650183 0.0672497 0.75526 -0.0481844
2232 -0.659572 -0.0992854 2.86241 0.639634 0.0523484 0.766402 -0.0274997
2234 -0.655054 0.000677244 2.82028 0.633111 0.0283796 0.773533 0.00342798
2237 -0.655768 -0.0524144 2.79666 0.631557 0.0436417 0.774016 -0.0113885
2239 -0.665604 -0.0482371 2.78898 0.632484 0.0434914 0.773296 -0.00933085
2248 -0.715668 -0.0513111 2.7245 0.618145 0.0341762 0.785265 -0.009353
2252 -0.736942 -0.0549442 2.69866 0.615586 0.0299632 0.787432 -0.0103184
2253 -0.76978 -0.141639 2.79748 0.642153 0.0494491 0.764318 -0.0318257
2254 -0.787355 0.0306928 2.80252 0.64681 0.00627626 0.762539 0.0114586
2255 -0.767866 -0.0962067 2.74239 0.633396 0.0380755 0.772682 -0.0179334
2259 -0.760068 -0.0742362 2.65292 0.620532 0.0329839 0.783398 -0.0118213
2261 -0.825663 -0.122571 2.83778 0.672453 0.0472782 0.738351 -0.0202271
2262 -0.765718 -0.10122 2.64479 0.627775 0.0416363 0.777131 -0.0152527
2264 -0.770023 -0.0776776 2.64151 0.633308 0.0370451 0.77297 -0.0080956
2268 -0.799096 -0.105898 2.73263 0.66846 0.0476184 0.742131 -0.0116233
2295 -0.64467 0.0396071 2.30269 0.650033 0.014721 0.759709 0.00908007
2296 -0.63538 0.0626264 2.34755 0.664578 0.00828828 0.747031 0.014548
2297 -0.624431 -0.0153416 2.4138 0.68385 0.0291676 0.729012 -0.00633104
2302 -0.598195 -0.158088 2.46202 0.705646 0.0719459 0.703814 -0.0391576
2304 -0.60636 -0.0694798 2.43838 0.706808 0.0434866 0.705908 -0.0150381
2305 -0.615365 -0.0992112 2.4248 0.705392 0.0540199 0.70644 -0.0211128
2306 -0.610986 -0.0950654 2.41595 0.705088 0.0536136 0.706851 -0.0183851
2307 -0.623561 -0.00603288 2.38517 0.701417 0.0274288 0.712216 0.00330759
2317 -0.665525 -0.0195255 2.3929 0.716104 0.0228494 0.697604 -0.00460978
2319 -0.678638 -0.0223578 2.30987 0.699717 0.0191196 0.714102 -0.00938469
2320 -0.683568 -0.0222831 2.30698 0.700483 0.0180927 0.713377 -0.0094558
2321 -0.691294 0.000723071 2.3247 0.705906 0.0121439 0.708193 -0.00352029
2324 -0.684126 -0.212673 2.30823 0.701666 0.0682147 0.70698 -0.0564865
2325 -0.685254 -0.223518 2.29556 0.700348 0.0714056 0.707755 -0.0591361
2326 -0.704413 -0.110701 2.29953 0.706059 0.0395178 0.706307 -0.0323977
2331 -0.705156 -0.180209 2.22248 0.695292 0.0598284 0.714724 -0.0464637
2332 -0.715387 0.147533 2.18163 0.689763 -0.0263891 0.722915 0.0304054
2333 -0.731229 -0.041459 2.23479 0.705325 0.0227376 0.70842 -0.0118832
2355 -0.622908 -0.0969161 2.20642 0.77288 0.0429004 0.632366 -0.030489
2358 -0.617599 -0.0705743 2.20587 0.780145 0.033708 0.623908 -0.0312489
2359 -0.621477 -0.0210861 2.1766 0.776963 0.0212715 0.628858 -0.0203238
2360 -0.640549 -0.0173038 2.1279 0.768253 0.0194803 0.639546 -0.0197351
2361 -0.611506 -0.0370669 2.1704 0.780066 0.026395 0.624671 -0.0242009
2362 -0.635921 -0.0111571 2.11975 0.770055 0.0184536 0.637462 -0.0177864
2365 -0.576169 -0.263349 2.14895 0.777821 0.0946261 0.616663 -0.0759486
2367 -0.598216 0.00354611 2.14396 0.787805 0.0216588 0.615386 -0.0139327
2372 -0.581348 -0.165432 2.12242 0.79328 0.0775191 0.602137 -0.0461392
2373 -0.543911 -0.163357 2.17969 0.808516 0.0796724 0.581239 -0.0459903
2374 -0.589005 -0.0396284 2.12003 0.799501 0.0417229 0.599 -0.0160069
2377 -0.611971 -0.0423649 2.08334 0.795365 0.0456357 0.604228 -0.014829
2379 -0.599819 -0.0441452 2.10029 0.801351 0.0485195 0.595989 -0.0166985
2392 -0.673443 -0.0458879 2.04425 0.784369 0.0436471 0.618396 -0.0211538
2396 -0.695938 -0.0333139 2.02437 0.781263 0.0433821 0.62239 -0.0194127
2397 -0.680992 -0.159946 2.04962 0.785479 0.0788559 0.612018 -0.0473178
2398 -0.721567 -0.019049 1.98561 0.775428 0.0400477 0.62996 -0.0160532
2399 -0.68522 -0.155488 2.03145 0.784218 0.0800899 0.613649 -0.0449849
2402 -0.69323 -0.191638 2.02125 0.78469 0.0898347 0.610865 -0.0550934
2405 -0.749171 -0.0297127 1.87102 0.764367 0.0461354 0.642799 -0.0205944
2406 -0.712523 -0.0221306 2.00251 0.793822 0.0456817 0.606104 -0.0199373
2425 -0.66175 -0.0611841 1.87941 0.832481 0.0485829 0.550461 -0.0401084
2427 -0.815762 -0.0773494 1.72517 0.801346 0.0501906 0.594639 -0.0415823
2433 -0.68874 -0.128223 1.7838 0.82914 0.0639801 0.552699 -0.0543868
2434 -0.619972 -0.0577588 1.83174 0.84473 0.0448424 0.531756 -0.0406956
2444 -0.598157 -0.0649327 1.78815 0.857482 0.0496317 0.510912 -0.0350678
2445 -0.624982 -0.0956574 1.75623 0.851162 0.0591145 0.519994 -0.0404272
2468 -0.699111 -0.0638121 1.72473 0.834061 0.0401688 0.548884 -0.0381344
2475 -0.724248 -0.0600075 1.70159 0.838572 0.0366474 0.542393 -0.0355551
2479 -0.760195 -0.0187322 1.65319 0.835901 0.0258652 0.547605 -0.0270129
2485 -0.797084 -0.0511077 1.57764 0.831916 0.0386925 0.552507 -0.0339705
2494 -0.788493 -0.0627137 1.58354 0.852389 0.0397913 0.52017 -0.0356781
2502 -0.762606 -0.0730351 1.54794 0.863662 0.0375453 0.500739 -0.0440317
2514 -0.729519 -0.050293 1.48697 0.879522 0.0362941 0.472714 -0.0408153
2528 -0.687026 -0.0531666 1.43875 0.899764 0.0382302 0.431855 -0.0496471
2540 -0.654141 -0.0654764 1.41412 0.909935 0.0378659 0.409911 -0.0505666
2561 -0.662181 -0.0712331 1.38349 0.921676 0.0392406 0.382484 -0.0517582
2569 -0.68406 -0.0733585 1.3782 0.929082 0.0431837 0.363898 -0.0501959
2608 -0.905876 -0.0424408 1.44842 0.960928 0.0359104 0.269149 -0.0537341
2612 -0.870305 -0.0394416 1.4827 0.966065 0.0382633 0.249625 -0.0542471
2633 -0.933891 -0.0374648 1.47291 0.969953 0.0322404 0.232191 -0.0651112
2636 -0.88562 -0.0604313 1.50993 0.975147 0.0358937 0.207105 -0.0700559
2643 -0.900615 -0.0593696 1.50395 0.977298 0.0375967 0.198172 -0.0648267
2644 -0.884524 -0.118459 1.51615 0.977474 0.0363561 0.191071 -0.0819454
2654 -0.891853 -0.0721723 1.45638 0.98245 0.0385656 0.171009 -0.063725
2656 -0.931852 -0.0391658 1.41658 0.980942 0.0362885 0.182952 -0.0544465
2680 -0.888487 -0.0686697 1.42383 0.984708 0.0352032 0.157665 -0.0652192
2682 -0.886591 -0.0399026 1.44648 0.986601 0.0364234 0.149925 -0.0530574
2683 -0.94579 -0.0462824 1.42059 0.983711 0.0312297 0.167819 -0.0563409
2687 -0.892192 -0.0788904 1.52937 0.988409 0.0403222 0.134014 -0.0588407
2689 -0.900485 -0.137554 1.55908 0.988017 0.0410471 0.128764 -0.0745414
2705 -1.00766 -0.0894805 1.59532 0.992901 0.0432939 0.0862234 -0.069562
2715 -1.0503 -0.0845095 1.59132 0.995234 0.0434635 0.0563911 -0.0666321
2719 -1.03327 -0.11815 1.57644 0.995568 0.0364886 0.0360094 -0.0788461
2720 -1.05628 -0.136638 1.56706 0.994964 0.0338148 0.0396202 -0.0856323
2721 -1.1807 0.0921007 1.59599 0.997038 0.025832 0.071404 -0.0122162
2722 -1.27069 0.22613 1.58033 0.994617 0.0247091 0.095771 0.0309057
2723 -1.30478 0.0580472 1.55238 0.993943 0.0196827 0.105252 -0.0247513
2724 -1.30717 -0.0286743 1.5167 0.992621 0.0188867 0.106091 -0.0555994
2725 -1.20544 -0.00243326 1.55523 0.996091 0.0205902 0.071353 -0.0478346
2726 -1.09176 -0.119405 1.54964 0.995265 0.0262437 0.0347976 -0.0868766
2728 -1.20966 -0.0654586 1.53329 0.995058 0.0210931 0.0666823 -0.0704798
2729 -1.12672 -0.10784 1.53817 0.995296 0.0265228 0.0382749 -0.0849571
2735 -1.20211 -0.055183 1.51784 0.995883 0.0241451 0.0532151 -0.0692996
2736 -1.23414 -0.00528162 1.526 0.996582 0.0223668 0.060709 -0.0513614
2740 -1.2772 -0.121818 1.4805 0.993126 0.0253914 0.0670247 -0.0925368
2741 -1.28725 -0.0626306 1.50133 0.994773 0.0271946 0.0672847 -0.0718343
2742 -1.39043 -0.0436344 1.4551 0.992269 0.022501 0.101117 -0.0683493
2749 -1.48531 0.0398753 1.46874 0.990391 0.0251502 0.129124 -0.0426653
2752 -1.47829 -0.0507878 1.49266 0.989186 0.0234663 0.125442 -0.0722873
2754 -1.50568 -0.0470404 1.49914 0.988166 0.0232493 0.134133 -0.0706747
2761 -1.51241 -0.0856886 1.56977 0.988464 0.0243134 0.126958 -0.0789285
2762 -1.52049 -0.094571 1.57223 0.988159 0.0242254 0.127715 -0.0815127
2763 -1.48288 -0.0837404 1.61741 0.990475 0.0263491 0.111657 -0.0761459
2765 -1.36392 -0.112404 1.68831 0.993613 0.0300579 0.0692512 -0.0838739
2766 -1.4085 -0.0165587 1.69225 0.9949 0.0299789 0.0781689 -0.0562503
2768 -1.39891 -0.160534 1.66708 0.992128 0.0303841 0.0687629 -0.100152
2782 -1.67035 -0.321528 1.47928 0.985311 0.0156682 0.0780353 -0.151087
2784 -1.69287 -0.27468 1.46915 0.98738 0.0162555 0.078466 -0.136601
2786 -1.66016 -0.176526 1.48292 0.992195 0.0247116 0.0625925 -0.104975
2787 -1.65461 -0.159199 1.48021 0.992967 0.0245408 0.0587035 -0.0998445
2789 -1.70147 -0.270933 1.43349 0.987428 0.0166133 0.0700044 -0.140743
2790 -1.70494 -0.119372 1.46561 0.993421 0.0242829 0.0683525 -0.0886186
2791 -1.64495 -0.145535 1.46132 0.99367 0.0248261 0.0467581 -0.0990873
2792 -1.67628 -0.108945 1.45587 0.994355 0.0260783 0.0548232 -0.087023
2794 -1.68825 -0.118169 1.44819 0.993878 0.0264797 0.0555991 -0.0917288
2797 -1.67869 -0.099494 1.43301 0.994418 0.0303099 0.048244 -0.0888068
2798 -1.69332 -0.104033 1.43377 0.994126 0.0291608 0.0522963 -0.0901583
2804 -1.67762 -0.10605 1.4215 0.994449 0.0322599 0.0419953 -0.0909254
2806 -1.71339 -0.155132 1.4007 0.99239 0.0308355 0.05161 -0.107456
2815 -1.75378 -0.112507 1.44546 0.993661 0.031154 0.0544634 -0.0932807
2818 -1.7201 -0.12958 1.47089 0.993781 0.0316754 0.0385601 -0.0995466
2819 -1.78998 -0.116196 1.46613 0.993294 0.0298425 0.0586914 -0.0950327
2823 -1.84212 -0.130004 1.47526 0.992321 0.029287 0.0682492 -0.0989056
2824 -1.80461 -0.294756 1.462 0.986336 0.0223975 0.0527489 -0.154457
2825 -1.75152 -0.298447 1.47733 0.987084 0.0262979 0.0345812 -0.154201
2826 -1.89219 -0.154165 1.47725 0.991238 0.0269631 0.0761234 -0.104524
2829 -1.90054 -0.308812 1.44755 0.984954 0.0244485 0.0697019 -0.156239
2830 -1.88749 -0.284218 1.47029 0.987016 0.0280394 0.06197 -0.145508
2831 -1.87347 -0.139532 1.51806 0.993264 0.0382779 0.0540155 -0.0950933
2834 -1.91849 -0.278925 1.47107 0.987058 0.0376993 0.0631887 -0.14249
2862 -2.11782 -0.138295 1.42319 0.994444 0.0339623 0.0101493 -0.0991175
2866 -2.0873 -0.227076 1.38844 0.990383 0.0330729 -0.0116663 -0.133832
2868 -2.18482 -0.108077 1.40544 0.995333 0.0361999 0.0131401 -0.0884856
2872 -2.17578 -0.144648 1.393 0.994277 0.0365163 -0.00306971 -0.100354
2873 -2.17373 -0.143127 1.39111 0.994248 0.0379173 -0.00715407 -0.0999091
2889 -2.29447 -0.149133 1.43562 0.994587 0.0293984 0.0125644 -0.0988615
2890 -2.25039 -0.214183 1.43728 0.992176 0.0280964 -0.00415271 -0.121576
2896 -2.33668 -0.106142 1.46646 0.996439 0.0296999 0.0114616 -0.0780811
2905 -2.38657 -0.170393 1.46873 0.994986 0.0342101 0.0113568 -0.0932957
2906 -2.39379 -0.174866 1.46567 0.994891 0.0343589 0.0117707 -0.0941978
2966 -2.76438 -0.272165 1.38196 0.991697 0.0354227 -0.003281 -0.123578
2967 -2.86544 -0.149043 1.41793 0.996083 0.0359852 0.0278608 -0.0758097
2968 -2.89407 -0.083431 1.424 0.997332 0.0385638 0.0338869 -0.0519057
2969 -2.83546 -0.131584 1.43354 0.996774 0.0390029 0.0109606 -0.0692781
2971 -2.8401 -0.306116 1.38336 0.989852 0.0368033 0.00473363 -0.137175
3024 -3.32126 0.0593377 1.49934 0.999424 0.0305274 0.0141433 -0.00442544
3025 -3.35585 0.0768019 1.50663 0.999283 0.0303608 0.0223295 0.00357441
3026 -3.50917 0.217276 1.5154 0.995365 0.0350402 0.0700315 0.0558276
3027 -3.36637 0.113906 1.51998 0.999117 0.0314696 0.0201793 0.0191964
3028 -3.26445 -0.12101 1.50139 0.997358 0.031241 -0.015831 -0.0636421
3029 -3.36725 0.0446581 1.52225 0.999248 0.0359012 0.0140943 -0.00397759
3030 -3.23985 -0.0648805 1.50684 0.997935 0.036434 -0.0302613 -0.0433775
3032 -3.1364 -0.176127 1.4687 0.992994 0.0400866 -0.0710878 -0.0854544
3045 -3.42753 0.007694 1.50785 0.998256 0.0374608 -0.0377186 -0.0256771
3046 -3.56554 0.0986471 1.4919 0.999246 0.037794 0.00483934 0.00747256
3050 -3.54947 -0.157279 1.46727 0.995392 0.0332333 -0.0111749 -0.0892523
3051 -3.41346 -0.140325 1.46579 0.993611 0.0336152 -0.0630374 -0.087365
3052 -3.37359 -0.164258 1.44936 0.991447 0.0361645 -0.0767961 -0.0991286
3053 -3.49619 -0.185036 1.44664 0.993209 0.03362 -0.0358687 -0.105445
3055 -3.43257 -0.122153 1.45016 0.993786 0.0345629 -0.0625122 -0.0853646
3056 -3.44543 -0.144433 1.44875 0.993123 0.0352281 -0.0611796 -0.0934004
3093 -3.85055 -0.0031259 1.62433 0.997747 0.0601396 -0.0210841 -0.0209484
3094 -3.85034 -0.024574 1.62376 0.997545 0.0594027 -0.0242597 -0.0280475
3095 -3.8288 -0.157611 1.60636 0.995236 0.0566242 -0.0316021 -0.0728011
3096 -3.85676 0.00910985 1.6172 0.997413 0.062464 -0.0306007 -0.0181697
3110 -3.89277 -0.203885 1.5489 0.9905 0.0417162 -0.0836123 -0.100891
3111 -3.96254 -0.135909 1.5681 0.994071 0.0412478 -0.0636764 -0.0778915
3115 -3.89242 -0.261176 1.51217 0.986126 0.0385308 -0.0953763 -0.130286
3167 -4.32366 -0.137026 1.72774 0.993196 0.0529068 -0.0815555 -0.0641189
3172 -4.31157 -0.244798 1.66439 0.98763 0.0466496 -0.104323 -0.107369
3173 -4.35389 -0.132309 1.69523 0.991886 0.0467912 -0.0950247 -0.0703052
3174 -4.41646 -0.150447 1.71363 0.993171 0.0436001 -0.0774156 -0.0756082
3176 -4.2548 -0.326578 1.57356 0.978501 0.0472116 -0.137629 -0.146167
3178 -4.39529 -0.139169 1.67836 0.991283 0.0444012 -0.0974064 -0.0768023
3188 -4.45784 -0.1491 1.67302 0.990647 0.0497804 -0.0971317 -0.0818921
3193 -4.49169 -0.161081 1.69177 0.991064 0.0479186 -0.0915604 -0.0843317
3203 -4.57086 -0.162087 1.76156 0.993618 0.0368938 -0.0739387 -0.0767786
3207 -4.61873 -0.114702 1.79053 0.994924 0.0385956 -0.0726819 -0.057917
3214 -4.63756 -0.18543 1.79603 0.99289 0.0440888 -0.0798594 -0.0764711
3215 -4.68579 -0.194407 1.78952 0.993428 0.0437406 -0.0699783 -0.0793182
3216 -4.65903 -0.190485 1.79676 0.992511 0.0460101 -0.0813115 -0.0786929
3242 -5.03935 -0.164159 1.75818 0.992168 0.0439722 -0.0852625 -0.0799961
3244 -5.07137 -0.258803 1.74572 0.989446 0.0471625 -0.0809119 -0.110567
3246 -5.08603 -0.0981286 1.77131 0.993574 0.0478095 -0.0856628 -0.0564476
3249 -5.08513 -0.0719712 1.77428 0.992892 0.0513845 -0.0963787 -0.0472862
3250 -5.08654 -0.266757 1.73491 0.987626 0.0529337 -0.096018 -0.112132
3252 -5.12426 -0.184645 1.77595 0.991501 0.0497206 -0.088342 -0.0815455
3261 -5.19484 -0.173964 1.83908 0.994293 0.0362675 -0.0697065 -0.0721583
3262 -5.23956 -0.145094 1.85819 0.995714 0.0360418 -0.0584793 -0.0619206
3263 -5.1807 -0.310253 1.81298 0.989655 0.0393217 -0.0771237 -0.114408
3264 -5.13971 -0.36228 1.79136 0.986048 0.0421483 -0.092055 -0.132135
3265 -5.23245 -0.172246 1.86831 0.994552 0.0415736 -0.0675441 -0.0676502
3269 -5.25357 -0.167113 1.88716 0.994141 0.0493763 -0.0682601 -0.067725
3273 -5.31205 -0.231379 1.89214 0.992714 0.0504479 -0.0619538 -0.0901996
3275 -5.32036 -0.138478 1.91059 0.994213 0.0538387 -0.0676227 -0.0637861
3278 -5.31066 -0.182135 1.90436 0.992168 0.0565863 -0.0793264 -0.0781559
3282 -5.29891 -0.298752 1.86869 0.987062 0.0606038 -0.0952452 -0.113861
3283 -5.4248 0.0252392 1.92895 0.996 0.0566588 -0.0681289 -0.0115131
3348 -6.06555 -0.228137 1.9573 0.996266 0.0460277 -0.0416382 -0.0600143
3349 -6.28257 -0.0658132 2.00709 0.999032 0.0408423 0.0130719 -0.00982564
3352 -6.09027 -0.161507 1.93501 0.99683 0.0441929 -0.0488121 -0.0446497
3353 -6.08017 -0.192961 1.91284 0.995939 0.0444394 -0.0538349 -0.0568622
3358 -6.12778 -0.20809 1.88176 0.995928 0.0461781 -0.0446526 -0.0632622
3362 -6.11356 -0.209609 1.8651 0.995352 0.0493508 -0.0456858 -0.0689302
3363 -6.1424 -0.221739 1.86121 0.995505 0.0497706 -0.0350038 -0.0725771
3364 -6.17604 -0.199271 1.87082 0.996418 0.0484698 -0.0243565 -0.0648668
3366 -6.18406 -0.194863 1.86814 0.996465 0.0514738 -0.0194385 -0.0634866
3374 -6.24023 -0.209413 1.87832 0.996396 0.0447449 -0.00219167 -0.0720301
3375 -6.24744 -0.178623 1.89628 0.997178 0.0446023 -0.00264917 -0.0603278
3376 -6.29959 -0.195037 1.89588 0.997028 0.0407771 0.0111786 -0.0643946
3377 -6.239 -0.22942 1.89229 0.996283 0.0415812 -0.00817126 -0.0749951
3378 -6.30874 -0.177919 1.90927 0.997355 0.0433435 0.010437 -0.0574036
3380 -6.27301 -0.240015 1.90833 0.996313 0.0386231 -0.00212355 -0.0765828
3383 -6.31726 -0.223767 1.92623 0.996871 0.0351107 0.00522091 -0.0706208
3384 -6.36937 -0.189962 1.93357 0.997491 0.0332165 0.0180085 -0.059873
3386 -6.33955 -0.210612 1.94525 0.997279 0.0302716 0.00533457 -0.0670052
3387 -6.38019 -0.0626845 1.96527 0.999175 0.0326851 0.0120523 -0.0208615
3389 -6.3943 -0.224902 1.94735 0.996998 0.0321412 0.0128512 -0.0692641
3390 -6.36378 -0.184019 1.96551 0.997789 0.0367817 0.00032506 -0.0553498
3391 -6.38493 -0.227808 1.9569 0.997014 0.035661 0.00339641 -0.0684125
3394 -6.38891 -0.23807 1.96182 0.996514 0.0431742 -0.00898264 -0.0708228
3468 -7.22932 -0.243988 1.80738 0.996235 0.0265128 0.00396248 -0.082441
3469 -7.22661 -0.301775 1.79073 0.994215 0.0257624 0.00107568 -0.10427
3470 -7.17639 -0.245702 1.79761 0.995726 0.0293916 -0.0157156 -0.0861358
3471 -7.20152 -0.231559 1.79146 0.996102 0.0300661 -0.00802183 -0.0825407
3473 -7.19751 -0.237196 1.78533 0.995727 0.0327054 -0.00660907 -0.0861033
3474 -7.22954 -0.245323 1.77654 0.995454 0.0326 0.00516623 -0.089336
3475 -7.28931 -0.175141 1.78608 0.996904 0.0375613 0.0253714 -0.0642414
3476 -7.20968 -0.394042 1.74029 0.989003 0.0321654 0.00486701 -0.144275
3477 -7.16678 -0.185254 1.78819 0.996574 0.0421688 -0.00897945 -0.070584
3479 -7.24357 -0.237916 1.77154 0.994862 0.0404589 0.0193504 -0.0907628
3480 -7.24238 -0.277599 1.76528 0.993321 0.0417139 0.0199036 -0.105723
3484 -7.28098 -0.237467 1.77163 0.994013 0.0478022 0.0325847 -0.0926855
3490 -7.35833 -0.271104 1.77113 0.992258 0.0362491 0.053551 -0.106034
3491 -7.37702 -0.204681 1.79633 0.994334 0.0392374 0.0552718 -0.0818826
3492 -7.26043 -0.422687 1.76806 0.986646 0.0308556 0.0174254 -0.158977
3493 -7.32635 -0.236554 1.80446 0.994362 0.0375878 0.0351837 -0.0926996
3495 -7.40226 -0.209129 1.80442 0.994468 0.0376014 0.0533419 -0.0823089
3496 -7.40689 -0.212162 1.80825 0.994562 0.0359394 0.0518977 -0.0828352
3497 -7.26982 -0.338069 1.81965 0.991495 0.0333768 0.00764409 -0.125559
3498 -7.22954 -0.232435 1.85751 0.995204 0.0381348 -0.0132621 -0.0891017
3556 -7.91948 -0.207641 1.7768 0.995399 0.0422993 0.0147711 -0.0846906
3557 -7.91249 -0.304584 1.7703 0.991828 0.0399432 0.0117477 -0.120599
3558 -7.90136 -0.248302 1.78814 0.994037 0.0421536 0.00455089 -0.100464
3559 -7.9962 -0.391755 1.76089 0.986993 0.0363115 0.0345123 -0.152756
3564 -8.02943 -0.390763 1.78609 0.986581 0.0366197 0.0335308 -0.155539
3566 -7.94195 -0.293289 1.81151 0.991462 0.0432516 0.00123405 -0.123008
3568 -7.96634 -0.237355 1.83064 0.99372 0.0426182 0.00425351 -0.103369
3588 -7.93179 -0.19949 1.83327 0.995632 0.0353514 -0.0102991 -0.0857917
3592 -7.89722 -0.234764 1.82103 0.994303 0.0359757 -0.0262426 -0.0968428
3593 -7.88714 -0.243003 1.81872 0.993894 0.0374759 -0.0302883 -0.0992573
3621 -7.80313 -0.231985 1.87765 0.993599 0.0508299 -0.0421208 -0.0916681
3622 -7.80707 -0.234712 1.88299 0.993562 0.0523082 -0.0396977 -0.0923168
3643 -7.68203 -0.231926 1.86987 0.992108 0.0445199 -0.0675899 -0.0957702
3646 -7.67413 -0.231754 1.8661 0.991935 0.0428569 -0.0688226 -0.0974231
3647 -7.68923 -0.251297 1.86622 0.991671 0.0446778 -0.0631824 -0.102955
3650 -7.57094 -0.321263 1.80998 0.985148 0.0515626 -0.0968595 -0.13207
3653 -7.64518 -0.264011 1.85865 0.989856 0.0557422 -0.069842 -0.110455
3657 -7.58161 -0.236891 1.84245 0.989421 0.0565041 -0.0835101 -0.104307
3658 -7.56913 -0.237636 1.83896 0.989136 0.0570998 -0.0860985 -0.104575
3659 -7.58188 -0.231668 1.85016 0.989815 0.0582837 -0.0795676 -0.102661
3660 -7.53465 -0.337629 1.81767 0.984206 0.0570459 -0.091474 -0.140415
3661 -7.54237 -0.23799 1.83991 0.989147 0.0535885 -0.0872176 -0.105403
3662 -7.5093 -0.238916 1.82639 0.988275 0.0528899 -0.0962308 -0.106085
3734 -7.0196 -0.365959 1.90988 0.989235 0.0391306 -0.0653725 -0.124937
3736 -7.00766 -0.335974 1.92647 0.990893 0.037619 -0.0634727 -0.112634
3737 -6.99967 -0.401085 1.91589 0.988687 0.0365385 -0.0624938 -0.131369
3738 -6.99069 -0.380828 1.9232 0.989653 0.0369545 -0.0627093 -0.123652
3739 -6.95577 -0.352331 1.92178 0.990143 0.0386586 -0.070724 -0.114547
3741 -6.78577 -0.143515 1.90718 0.990582 0.0420246 -0.120198 -0.0503321
3743 -6.89712 -0.256327 1.93763 0.992489 0.0379583 -0.0797985 -0.0845935
3746 -6.86397 -0.285793 1.93108 0.991392 0.0357363 -0.0848935 -0.0930487
3747 -6.84294 -0.25031 1.93 0.991829 0.0358719 -0.0905944 -0.0823435
3762 -6.73214 -0.23675 1.86987 0.988404 0.0502849 -0.117349 -0.0822036
3764 -6.7673 -0.295725 1.88607 0.988373 0.0524885 -0.101142 -0.100667
3765 -6.72275 -0.276635 1.8615 0.987448 0.0529001 -0.114065 -0.0955918
3766 -6.87268 -0.325893 1.92434 0.991059 0.0500525 -0.0631056 -0.106367
3767 -6.65504 -0.179728 1.84339 0.987351 0.0554596 -0.132579 -0.0669786
3768 -6.81582 -0.412758 1.89319 0.986661 0.0484588 -0.0740447 -0.136634
3769 -6.71864 -0.519683 1.82384 0.978341 0.049887 -0.0997725 -0.174371
3772 -6.7959 -0.210266 1.95055 0.993877 0.0449136 -0.0694953 -0.0732185
3834 -6.14666 -0.144985 1.95067 0.996491 0.0264012 -0.0653064 -0.0452151
3835 -6.02655 -0.265432 1.90795 0.991403 0.0328247 -0.0958349 -0.0828188
3838 -6.00987 -0.261294 1.92761 0.992036 0.0372379 -0.0893826 -0.0805473
3843 -5.98477 -0.239442 1.95259 0.993445 0.0422526 -0.078996 -0.0709978
3847 -5.98342 -0.198156 1.96427 0.994485 0.038975 -0.0768172 -0.0598373
3855 -5.93147 -0.213627 1.93228 0.992929 0.0277811 -0.0963483 -0.0635351
3862 -5.90548 -0.242141 1.90119 0.991136 0.0427529 -0.0981595 -0.0786468
3867 -5.84543 -0.212615 1.88043 0.989687 0.0455109 -0.113362 -0.0748146
3868 -5.84035 -0.215977 1.87977 0.989618 0.0448813 -0.113096 -0.0764964
3869 -5.86978 -0.237931 1.89971 0.990492 0.0425437 -0.101194 -0.0829149
3942 -5.24193 -0.20447 1.91183 0.989602 0.0428178 -0.119375 -0.0678604
3947 -5.20723 -0.213021 1.92626 0.989998 0.0445215 -0.115321 -0.0679953
3955 -5.14302 -0.217237 1.9218 0.989471 0.0345598 -0.120378 -0.0725396
3956 -5.14406 -0.211781 1.92248 0.989799 0.0328749 -0.119011 -0.071086
3961 -5.1231 -0.215174 1.90641 0.989385 0.0319899 -0.123049 -0.0703827
3973 -5.01891 -0.21503 1.86236 0.985253 0.0426715 -0.146638 -0.0771514
3974 -5.02252 -0.213319 1.87587 0.98591 0.0409159 -0.142891 -0.0767463
3975 -4.99991 -0.215056 1.86106 0.984942 0.0392496 -0.148306 -0.0797179
3980 -5.00367 -0.261977 1.89056 0.985796 0.0293599 -0.134791 -0.0957913
3982 -4.98555 -0.259512 1.89192 0.985848 0.0318774 -0.133064 -0.0968586
3985 -4.94841 -0.220283 1.91463 0.986772 0.034632 -0.133125 -0.085787
3990 -4.90595 -0.224802 1.95264 0.987076 0.039946 -0.130918 -0.0833384
3993 -4.86939 -0.22242 1.96979 0.986733 0.0449444 -0.131726 -0.0835888
3999 -4.81079 -0.246017 1.98647 0.987064 0.0440453 -0.126356 -0.0883072
4001 -4.78911 -0.227602 1.98723 0.987542 0.0396559 -0.127355 -0.0834828
4009 -4.73135 -0.216413 1.97841 0.986618 0.0221441 -0.138307 -0.0834598
4020 -4.64801 -0.229706 1.92584 0.984595 0.0399731 -0.144052 -0.0906895
4021 -4.63598 -0.222971 1.91859 0.984364 0.0413914 -0.146429 -0.0887339
4044 -4.3134 -0.199785 1.8848 0.977849 0.036737 -0.191023 -0.0772808
4056 -4.21795 -0.195382 1.87719 0.978106 0.0348638 -0.193523 -0.068125
4058 -4.21393 -0.17249 1.87674 0.978778 0.0298349 -0.192759 -0.0628261
4062 -4.16707 -0.308591 1.80402 0.972771 0.0297053 -0.203904 -0.106105
4064 -4.20859 -0.272726 1.83777 0.97774 0.0297915 -0.185712 -0.0929965
4067 -4.17022 -0.224653 1.80641 0.977059 0.0359661 -0.190966 -0.0871415
4068 -4.14279 -0.16546 1.80129 0.97685 0.0354975 -0.198231 -0.0721631
4070 -4.12739 -0.166077 1.78756 0.975738 0.0387219 -0.201635 -0.0760202
4080 -4.05845 -0.269399 1.72292 0.97094 0.045554 -0.205959 -0.113054
4085 -4.03725 -0.17461 1.76576 0.976261 0.0354814 -0.194887 -0.0876049
4086 -4.00583 -0.328095 1.6994 0.968501 0.0392864 -0.203016 -0.138733
4093 -3.9912 -0.180014 1.82399 0.97988 0.0295553 -0.178809 -0.0835951
4102 -3.91341 -0.185567 1.85921 0.980414 0.0410796 -0.176701 -0.0766654
4116 -3.81682 -0.17134 1.84287 0.980718 0.0268898 -0.18211 -0.0656084
4117 -3.81235 -0.17602 1.84034 0.980619 0.0266099 -0.182463 -0.0662199
4127 -3.71829 -0.183865 1.77035 0.977163 0.0435237 -0.196134 -0.0692051
4129 -3.70193 -0.176084 1.76547 0.977201 0.0428986 -0.196977 -0.0666178
4139 -3.70997 0.0180367 1.81353 0.986167 0.0284142 -0.163096 -0.00823494
4145 -3.5784 -0.202039 1.78872 0.981047 0.0267715 -0.178512 -0.070458
4150 -3.61748 0.00853998 1.88011 0.98849 0.0324366 -0.147492 -0.0090242
4152 -3.55181 -0.160367 1.86254 0.985504 0.0336252 -0.157086 -0.0545453
4157 -3.46439 -0.147688 1.83995 0.984132 0.0424812 -0.164626 -0.0507712
4159 -3.46171 -0.138183 1.85203 0.985023 0.0412419 -0.160149 -0.0488037
4161 -3.46908 -0.136296 1.85482 0.98587 0.041029 -0.154671 -0.0495344
4162 -3.41342 -0.188346 1.82987 0.983027 0.040737 -0.166692 -0.0649086
4167 -3.3651 -0.223355 1.79386 0.981291 0.0352844 -0.172598 -0.0776773
4174 -3.32236 -0.284647 1.74903 0.978894 0.0327111 -0.178562 -0.0938721
4177 -3.30821 -0.228731 1.76284 0.98029 0.0360138 -0.178848 -0.0758157
4184 -3.24568 -0.225257 1.72809 0.977238 0.0492915 -0.192634 -0.0739425
4195 -3.19919 -0.222656 1.76064 0.979149 0.0396141 -0.18661 -0.0698139
4196 -3.1638 -0.225042 1.71722 0.976637 0.039403 -0.198612 -0.0719765
4203 -3.11932 -0.171584 1.76758 0.977605 0.0354573 -0.199781 -0.0558378
4204 -3.1076 -0.219655 1.74171 0.975996 0.0342795 -0.203427 -0.0698079
4209 -3.07079 -0.228596 1.76611 0.976149 0.0340637 -0.203245 -0.0682923
4210 -3.10241 -0.149439 1.85621 0.98087 0.0356359 -0.186081 -0.0446856
4211 -3.08606 -0.186984 1.85471 0.980208 0.0345972 -0.187743 -0.0524177
4215 -3.05936 -0.270512 1.80333 0.978038 0.0372631 -0.190206 -0.0766422
4216 -3.0178 -0.186129 1.78709 0.977276 0.0356711 -0.201945 -0.0536371
4230 -2.94874 -0.186566 1.74974 0.975187 0.0267219 -0.21297 -0.054229
4232 -2.94245 -0.213726 1.73781 0.974555 0.0312443 -0.213084 -0.0621371
4233 -2.92551 -0.209513 1.71952 0.97361 0.0329214 -0.217101 -0.0621845
4236 -2.90089 -0.182916 1.69246 0.972583 0.0351812 -0.223057 -0.0555832
4239 -2.89863 -0.190173 1.68955 0.972878 0.038223 -0.220697 -0.0578039
4240 -2.89801 -0.214001 1.68705 0.972549 0.0411178 -0.219679 -0.0647957
4241 -2.88376 -0.194832 1.67336 0.97185 0.0422343 -0.223779 -0.0603943
4244 -2.86703 -0.197152 1.65913 0.97149 0.0435474 -0.224934 -0.0609604
4245 -2.85921 -0.216524 1.65177 0.970937 0.0455413 -0.22521 -0.0669894
4247 -2.76329 -0.400447 1.572 0.958157 0.0564112 -0.249687 -0.128096
4248 -2.77682 -0.387673 1.57747 0.959705 0.055651 -0.244934 -0.126007
4249 -2.76545 -0.396994 1.57631 0.95887 0.0547206 -0.246558 -0.129551
4251 -2.68006 -0.468313 1.52313 0.948729 0.0599176 -0.267918 -0.156663
4258 -2.69268 -0.397389 1.58702 0.9606 0.0445406 -0.237019 -0.138151
4264 -2.72906 -0.219265 1.68715 0.975596 0.0382276 -0.201157 -0.0792861
4267 -2.71626 -0.367507 1.70886 0.97337 0.0459182 -0.190849 -0.118405
4273 -2.66649 -0.204916 1.70424 0.97819 0.0478674 -0.189075 -0.0714427
4279 -2.63883 -0.217593 1.69588 0.978659 0.0455293 -0.186826 -0.0724568
4287 -2.62112 -0.204934 1.68193 0.978719 0.0416381 -0.189494 -0.066845
4289 -2.59361 -0.286762 1.64401 0.975111 0.0448586 -0.19594 -0.0935623
4295 -2.57565 -0.267567 1.63209 0.974483 0.0459816 -0.200052 -0.0908113
4296 -2.56103 -0.18353 1.60234 0.974447 0.0467255 -0.208892 -0.0680789
4299 -2.54688 -0.19238 1.59323 0.97375 0.0488245 -0.210604 -0.0712324
4300 -2.54268 -0.185297 1.58351 0.973659 0.0487991 -0.211611 -0.0694842
4305 -2.52745 -0.215094 1.61073 0.974496 0.043992 -0.20509 -0.0797547
4314 -2.46033 -0.18298 1.61 0.97508 0.0389812 -0.203712 -0.0787498
4318 -2.50367 -0.247796 1.67645 0.979186 0.0418057 -0.174328 -0.095163
4319 -2.42843 -0.224407 1.64834 0.975809 0.0441884 -0.194662 -0.0891727
4321 -2.44369 -0.254526 1.68022 0.977558 0.0461978 -0.181923 -0.0956524
4322 -2.37757 -0.257683 1.63297 0.973863 0.048205 -0.198854 -0.0986071
4324 -2.38191 -0.21989 1.66763 0.976952 0.0466026 -0.190088 -0.0851967
4327 -2.362 -0.215778 1.67661 0.977688 0.046072 -0.187113 -0.083616
4337 -2.31011 -0.199814 1.67171 0.979314 0.0351179 -0.18392 -0.0767088
4343 -2.27171 -0.2147 1.63724 0.977895 0.0367529 -0.18953 -0.0803044
4352 -2.22156 -0.160613 1.61613 0.976757 0.046321 -0.198958 -0.0649256
4367 -2.112 -0.21929 1.61104 0.979462 0.0347752 -0.178717 -0.0866349
4374 -2.05839 -0.219812 1.66319 0.982261 0.0345651 -0.164734 -0.0826467
4382 -2.00262 -0.205716 1.6977 0.984721 0.0339582 -0.153021 -0.0758629
4383 -2.00266 -0.201081 1.70774 0.98534 0.0328552 -0.150048 -0.0742419
4401 -1.90908 -0.199291 1.68273 0.983913 0.0316977 -0.157201 -0.0787336
4402 -1.85138 -0.326939 1.62924 0.977228 0.0401684 -0.171705 -0.118021
4404 -1.88389 -0.172557 1.67238 0.984077 0.0357369 -0.159917 -0.0688596
4405 -1.88799 -0.201496 1.67013 0.983848 0.0368131 -0.157312 -0.0770798
4407 -1.88367 -0.202639 1.66719 0.983935 0.0387657 -0.156947 -0.0757448
4408 -1.85816 -0.21 1.65441 0.98283 0.0402404 -0.162622 -0.0773318
4414 -1.81695 -0.214092 1.64064 0.983825 0.047804 -0.156905 -0.0719988
4415 -1.81502 -0.214596 1.64383 0.984347 0.0471113 -0.153687 -0.0722639
4420 -1.79258 -0.209106 1.65585 0.987025 0.04233 -0.137407 -0.0714835
4425 -1.77199 -0.205025 1.67092 0.989052 0.0373156 -0.123599 -0.0714619
4426 -1.7622 -0.206381 1.67204 0.988999 0.0375351 -0.123646 -0.0719918
4428 -1.75726 -0.128789 1.69222 0.990768 0.0351557 -0.122624 -0.0458874
4429 -1.78683 -0.221984 1.71391 0.990704 0.0381696 -0.109894 -0.0705076
4437 -1.71448 -0.191837 1.73893 0.990337 0.0414838 -0.118597 -0.0587132
4438 -1.70973 -0.212717 1.74155 0.990079 0.0420432 -0.117773 -0.0640781
4456 -1.61862 -0.213773 1.76853 0.993194 0.0368326 -0.0854874 -0.0699997
4460 -1.53996 -0.402175 1.66396 0.985717 0.0392771 -0.101399 -0.128596
4479 -1.57575 -0.276382 1.66121 0.993327 0.0400902 -0.0348117 -0.10238
4480 -1.59116 -0.143723 1.68757 0.996885 0.0393735 -0.028441 -0.0621325
4481 -1.52215 -0.26934 1.65324 0.993033 0.041109 -0.0448579 -0.100908
4482 -1.56181 -0.0881292 1.69471 0.997551 0.042596 -0.0323122 -0.0450892
4486 -1.54953 -0.247891 1.66433 0.994626 0.0393744 -0.0266409 -0.0919744
4487 -1.55802 -0.259371 1.66319 0.994544 0.0375639 -0.0217318 -0.0948656
4489 -1.55905 -0.25521 1.66649 0.994898 0.0352951 -0.0157882 -0.0931811
4490 -1.42089 -0.399954 1.61902 0.988205 0.0382552 -0.0511423 -0.139181
4495 -1.53384 -0.284178 1.68417 0.994289 0.0263476 -0.00395327 -0.103346
4496 -1.52762 -0.297028 1.68558 0.993914 0.0263718 -0.00175711 -0.10694
4499 -1.52805 -0.262785 1.70818 0.995076 0.0265545 0.00896566 -0.095074
4500 -1.46151 -0.156879 1.72773 0.997424 0.0304797 -0.00748996 -0.0645073
4501 -1.51427 -0.1589 1.73961 0.997561 0.0282055 0.00923069 -0.0631793
4502 -1.55585 0.330981 1.7694 0.995982 0.0385193 0.0200029 0.0783368
4503 -1.4746 -0.285947 1.72556 0.994729 0.0294088 0.00438669 -0.0981326
4504 -1.36683 -0.430076 1.66779 0.98913 0.0323891 -0.021852 -0.141756
4507 -1.30278 -0.304426 1.70933 0.993287 0.0400646 -0.0313507 -0.10389
4508 -1.43223 -0.101747 1.76881 0.998333 0.0394431 0.00521955 -0.0418223
4509 -1.47073 -0.144566 1.78285 0.997847 0.0362824 0.0183422 -0.0514693
4510 -1.45507 -0.169795 1.76882 0.997259 0.0403655 0.0160228 -0.0598964
4512 -1.43944 -0.0602507 1.80028 0.99856 0.0428449 0.015078 -0.0285424
4513 -1.39771 -0.138875 1.78187 0.997874 0.0409465 0.00536976 -0.0504186
4516 -1.36702 -0.084518 1.78818 0.998389 0.0437295 0.000628518 -0.0361494
4533 -1.14067 -0.280946 1.65463 0.99272 0.0408092 -0.0506495 -0.101374
4535 -1.3098 -0.0843498 1.73355 0.998573 0.0352748 -0.00128417 -0.0400792
4537 -1.23058 -0.18328 1.69058 0.996594 0.0357446 -0.0196031 -0.0716784
4538 -1.40172 -0.228593 1.72317 0.995941 0.0261764 0.0300881 -0.0806889
4557 -0.971705 -0.139398 1.68294 0.996518 0.0396297 -0.01272 -0.0722501
4563 -1.0557 -0.0263202 1.68612 0.997982 0.0367477 0.0325993 -0.0402307
4564 -0.990251 -0.138808 1.66394 0.996172 0.0398579 0.0183395 -0.0756103
4565 -1.05438 -0.290381 1.61196 0.991039 0.0366923 0.0413735 -0.121588
4566 -0.966449 -0.161702 1.6575 0.995569 0.0416768 0.0182501 -0.0822893
4568 -0.958397 -0.177203 1.65522 0.994996 0.0431729 0.0239991 -0.0868528
4574 -0.982795 -0.13324 1.67891 0.995166 0.039383 0.0532832 -0.0724906
4575 -1.04821 -0.0400337 1.69806 0.995718 0.0358951 0.073763 -0.0426261
4576 -1.05633 -0.197224 1.65595 0.99207 0.0343047 0.0810355 -0.0897417
4578 -1.16129 0.14901 1.72977 0.992877 0.0362279 0.112406 0.0157134
4579 -1.07337 -0.156753 1.68776 0.992192 0.0336128 0.0923468 -0.076795
4580 -1.26031 -0.0206345 1.6788 0.988437 0.0262541 0.145458 -0.0338391
4582 -1.26578 -0.018037 1.68607 0.98804 0.0274336 0.148702 -0.0302129
4584 -1.05437 -0.0575529 1.72522 0.994004 0.0385111 0.0931964 -0.0422803
4585 -1.15437 0.0977811 1.75012 0.992026 0.0353359 0.120875 0.00499202
4586 -1.02412 -0.110351 1.72493 0.993602 0.0376486 0.0887034 -0.0589077
4593 -1.1118 -0.0473288 1.74799 0.991257 0.036527 0.121354 -0.0367135
4594 -1.09756 -0.0396566 1.75349 0.991648 0.0375861 0.118725 -0.0335526
4599 -1.09751 -0.0641873 1.74466 0.991095 0.0306884 0.12446 -0.0360342
4602 -1.08511 -0.0392844 1.73301 0.99137 0.028514 0.125012 -0.0272783
4605 -1.07634 0.0165943 1.71969 0.991392 0.0295256 0.127187 -0.00966477
4608 -1.06409 -0.0321033 1.69745 0.990611 0.0278546 0.13172 -0.0237443
4613 -1.04312 0.0116417 1.66756 0.989568 0.0287656 0.140166 -0.0167892
4618 -0.950637 -0.0565703 1.68866 0.99089 0.0315356 0.125956 -0.0357486
4619 -0.937517 -0.131804 1.69556 0.990135 0.0328244 0.124263 -0.0558087
4630 -0.964758 -0.0275745 1.58961 0.984095 0.0289764 0.173323 -0.0260067
4636 -0.941084 -0.0369356 1.57462 0.98069 0.0289723 0.191196 -0.0291983
4638 -0.828798 -0.0724291 1.64643 0.985402 0.0381382 0.161504 -0.0380035
4639 -0.932314 -0.0275098 1.56825 0.979354 0.0291599 0.198096 -0.0278105
4646 -0.786763 -0.129653 1.64783 0.983118 0.0410026 0.169842 -0.0543353
4647 -0.813051 -0.0677642 1.62856 0.982004 0.0401162 0.180872 -0.0366717
4673 -0.902489 -0.0770332 1.70356 0.953951 0.0452737 0.293255 -0.0439298
4690 -0.843937 -0.0816106 1.6857 0.941828 0.0458233 0.331587 -0.0301624
4708 -0.722619 -0.0917043 1.61286 0.932075 0.0413157 0.359039 -0.0249235
4716 -0.725521 -0.0956233 1.6071 0.930561 0.0379951 0.363128 -0.0274007
4755 -0.80857 -0.159737 1.80679 0.853879 0.0721158 0.514817 -0.0255723
4756 -0.772509 -0.108809 1.84861 0.861662 0.0571923 0.503918 -0.0182873
4764 -0.746938 -0.162467 1.85365 0.852538 0.0653822 0.517963 -0.0248703
4769 -0.678155 -0.112844 1.89416 0.857439 0.0516641 0.511793 -0.014056
4779 -0.635767 -0.125348 1.9347 0.857848 0.0508041 0.511209 -0.0134348
4789 -0.658249 -0.122096 1.98553 0.844763 0.0482255 0.532332 -0.0259208
4806 -0.766107 -0.136118 2.03761 0.804455 0.0508711 0.591637 -0.0151718
4808 -0.702863 -0.163012 2.15368 0.8233 0.0613016 0.563887 -0.0212578
4810 -0.743277 -0.13394 2.07907 0.806788 0.049416 0.588527 -0.0169371
4818 -0.653969 -0.149975 2.18457 0.815007 0.0593758 0.576041 -0.0203878
4820 -0.665892 -0.0959918 2.16458 0.809188 0.0447934 0.585763 -0.00944473
4821 -0.700759 -0.0984908 2.07576 0.789006 0.0438185 0.612743 -0.0097896
4826 -0.601286 -0.174739 2.22448 0.812689 0.0678688 0.578341 -0.0212764
4827 -0.644086 -0.0382691 2.16455 0.800858 0.020717 0.598431 0.00882792
4828 -0.637487 -0.129636 2.16516 0.798527 0.0512439 0.599732 -0.00709184
4830 -0.630984 -0.110835 2.19705 0.802255 0.0432228 0.595408 -0.00270183
4839 -0.621248 -0.186082 2.2844 0.793574 0.0593739 0.604857 -0.0293874
4843 -0.722065 -0.13312 2.19369 0.763497 0.0382545 0.644459 -0.0167998
4845 -0.629537 -0.149597 2.3268 0.790449 0.045819 0.610359 -0.0234979
4846 -0.689816 -0.10312 2.27546 0.776228 0.0291474 0.629649 -0.012756
4847 -0.65204 -0.181521 2.30244 0.781064 0.0532434 0.621513 -0.0287414
4848 -0.702005 -0.15843 2.27148 0.771221 0.0431381 0.634693 -0.0228442
4850 -0.703793 -0.193271 2.29653 0.771543 0.0492089 0.633587 -0.0294498
4852 -0.648898 -0.212299 2.37928 0.785556 0.0609429 0.615065 -0.0296998
4881 -0.668633 0.0457803 2.4515 0.749405 -0.0124781 0.661734 0.0185555
4882 -0.648425 -0.203223 2.45817 0.746357 0.0638351 0.661386 -0.0380005
4884 -0.658587 -0.119593 2.41637 0.734771 0.0396006 0.676829 -0.0211215
4886 -0.656907 -0.0415433 2.4211 0.7333 0.0183353 0.679645 -0.00422325
4891 -0.658614 -0.0565346 2.3459 0.703928 0.0192906 0.709998 -0.00396296
4893 -0.624038 -0.211013 2.50464 0.734268 0.0684968 0.674253 -0.0392585
4894 -0.650227 -0.0404962 2.44846 0.721686 0.0171686 0.692007 -0.000165312
4898 -0.678572 -0.0646497 2.38432 0.69304 0.0215091 0.720541 -0.00735786
4899 -0.648305 -0.0766247 2.50659 0.721048 0.0262506 0.692278 -0.0123212
4902 -0.697551 -0.029636 2.33808 0.670573 0.0117423 0.741734 -0.0048448
4903 -0.701654 -0.00882609 2.39094 0.680966 0.00619375 0.732289 8.09257e-05
4907 -0.714522 -0.0714334 2.3926 0.669169 0.02103 0.742683 -0.013888
4908 -0.701904 -0.138197 2.49798 0.6919 0.0393463 0.720333 -0.029093
4909 -0.723032 -0.0437658 2.44934 0.679533 0.0131385 0.733507 -0.00541277
4959 -0.710127 -0.0462839 2.90445 0.70443 0.0202225 0.709486 0.000136653
4960 -0.692543 -0.0456423 2.83581 0.684535 0.0190058 0.728732 -0.000990031
4962 -0.699614 -0.0928538 2.88459 0.692339 0.0310151 0.720765 -0.0142186
4964 -0.681071 0.155403 2.77987 0.661429 -0.0357 0.747596 0.0483438
4966 -0.714126 0.0358777 2.8204 0.670497 -0.00611946 0.741749 0.0143008
4967 -0.727704 -0.113643 2.89419 0.687344 0.0312712 0.725295 -0.0229889
4968 -0.706986 0.019606 2.77646 0.655434 -0.00345739 0.755166 0.0108928
4970 -0.735577 0.0300649 2.82532 0.664473 -0.00648719 0.747156 0.0138508
4971 -0.742871 -0.0541397 2.86418 0.673096 0.0138059 0.739399 -0.00635061
4972 -0.741672 0.0987749 2.86601 0.672047 -0.0253227 0.739362 0.0324906
4976 -0.77255 0.020692 2.87125 0.66761 -0.00373856 0.744208 0.0208982
4977 -0.765725 0.0924056 2.82636 0.654939 -0.0195141 0.7544 0.0394197
4978 -0.777035 -0.191771 2.98263 0.689317 0.0498458 0.722234 -0.0271297
4983 -0.811471 0.0344161 2.93663 0.667398 0.00491792 0.743706 0.0381875
4984 -0.799722 -0.174225 2.98819 0.674388 0.054302 0.736311 -0.009969
4985 -0.817423 0.0003789 3.04089 0.686537 0.0147264 0.726255 0.0316909
4986 -0.808144 -0.0422239 2.90199 0.650276 0.0241094 0.758955 0.023383
4987 -0.804567 -0.0233479 2.83352 0.630352 0.0177384 0.7756 0.0280289
4988 -0.805629 0.0830299 2.85235 0.632393 -0.00570581 0.772591 0.056124
4993 -0.811269 -0.0449092 2.92822 0.640982 0.0235057 0.76691 0.0209164
4995 -0.802125 -0.16257 3.08901 0.674625 0.0517813 0.736308 -0.00706572
5027 -0.732075 -0.0616612 3.30181 0.664967 0.0235971 0.7465 0.000388924
5028 -0.720384 0.0304829 3.27227 0.65505 -0.00303122 0.755235 0.0228121
5029 -0.739774 -0.0123338 3.31158 0.664973 0.00819604 0.746724 0.0120934
5030 -0.739663 0.029044 3.29212 0.658022 -0.00348582 0.752657 0.0224118
5031 -0.729349 -0.0127289 3.29803 0.657705 0.00746586 0.753119 0.0134136
5037 -0.756529 -0.00918195 3.35038 0.664137 0.00103921 0.747307 0.0212973
5042 -0.780152 -0.082057 3.35252 0.658937 0.0188604 0.751931 0.00676832
5043 -0.764953 0.118503 3.31315 0.647206 -0.0295334 0.75931 0.0608328
5046 -0.792073 0.00205548 3.35439 0.65514 0.000204594 0.754798 0.0327351
5049 -0.777304 0.180546 3.30169 0.635629 -0.0425337 0.7664 0.0824557
5057 -0.831716 -0.0636125 3.40254 0.652583 0.0147229 0.757205 0.0236463
5066 -0.827965 -0.0728526 3.41473 0.64855 0.0137118 0.760956 0.0118781
5071 -0.820519 -0.16823 3.4677 0.66252 0.0373641 0.748055 -0.00923875
5084 -0.767467 -0.0768351 3.46361 0.652455 0.0286531 0.756957 0.0222941
5085 -0.764592 -0.0760631 3.4655 0.652259 0.0286928 0.757127 0.0222046
5091 -0.752918 -0.175222 3.56931 0.673219 0.0575858 0.737153 0.00811812
5092 -0.735751 -0.292443 3.54756 0.662899 0.0888913 0.743264 -0.0148937
