1012 -7.31034 -0.867869 2.4554 0.968003 0.0141998 0.242456 -0.0631204
1016 -7.42711 -0.811415 2.4843 0.96523 0.0158993 0.256663 -0.0469209
1019 -7.34392 -0.847264 2.43647 0.970103 0.0145188 0.234765 -0.0597856
1116 -7.65512 -0.733158 2.50263 0.963561 0.0155905 0.263681 -0.0421837
1118 -7.75418 -0.65107 2.24657 0.952707 0.00846932 0.301434 -0.0376105
1128 -7.66202 -0.77747 2.51661 0.968063 0.0116597 0.244332 -0.0549574
1150 -8.00675 -0.722179 2.5952 0.964258 0.0133181 0.261747 -0.0389697
1158 -8.1067 -0.735715 2.6111 0.96421 0.0138916 0.261782 -0.0396932
1160 -8.19221 -0.656963 2.24373 0.951144 0.00701739 0.306391 -0.03742
1167 -8.00147 -0.724046 2.51745 0.970788 0.0112454 0.235037 -0.0469107
1174 -8.23398 -0.69105 2.36529 0.958973 0.00498781 0.279972 -0.0442952
1197 -8.53927 -0.698429 2.35659 0.956116 0.00079754 0.289034 -0.047966
1199 -8.55164 -0.661489 2.44862 0.959251 0.00614016 0.28017 -0.0361178
1204 -8.45889 -0.740744 2.72321 0.972381 0.0100565 0.228527 -0.0463543
1210 -8.67903 -0.640442 2.4736 0.960196 0.00863648 0.277394 -0.0316298
1211 -8.64308 -0.730713 2.54121 0.963628 0.00554962 0.26246 -0.0500489
1225 -8.72096 -0.698203 2.37876 0.956174 -0.00266004 0.288311 -0.0510043
1229 -8.72881 -0.66701 2.47402 0.959711 0.0125058 0.277903 -0.039596
1235 -8.68808 -0.601586 2.56608 0.96415 0.0146575 0.263917 -0.0234158
1400 -8.72518 -0.532188 2.47622 0.960097 0.00733037 0.277829 -0.0311599
1408 -8.73675 -0.57951 2.39217 0.956513 0.00278263 0.288087 -0.0456192
1423 -8.71355 -0.545519 2.47958 0.960508 0.00817779 0.27579 -0.036031
1438 -8.70025 -0.480681 2.5556 0.96357 0.012624 0.266292 -0.0214886
1576 -8.73103 -0.444448 2.46671 0.9595 0.00627169 0.279654 -0.033373
1596 -8.7342 -0.534804 2.4388 0.957673 -0.0020641 0.28198 -0.0578355
1600 -8.74001 -0.488907 2.39585 0.95632 0.00163487 0.288373 -0.0478652
1608 -8.74134 -0.479856 2.39325 0.956218 0.00263904 0.288982 -0.046141
1685 -8.72066 -0.434259 2.4728 0.959964 0.00666876 0.277463 -0.0379235
1742 -8.7421 -0.378576 2.46115 0.958805 0.00939092 0.282471 -0.0285414
1855 -8.73606 -0.358168 2.46966 0.959306 0.0067949 0.280412 -0.0324845
2009 -8.74535 -0.382888 2.39714 0.956029 0.00294965 0.289625 -0.0460144
2046 -8.74517 -0.376629 2.3978 0.956019 0.00262633 0.28954 -0.04676
2072 -8.73086 -0.270658 2.56693 0.962434 0.00872044 0.27044 -0.0225034
2119 -8.74221 -0.371161 2.39927 0.956083 0.00127487 0.288812 -0.049915
2156 -8.72874 -0.304583 2.46789 0.959478 0.00763886 0.279543 -0.0346296
2168 -8.73733 -0.290944 2.46547 0.959113 0.00594407 0.280988 -0.0333642
2211 -8.73757 -0.278245 2.46595 0.959118 0.00570112 0.28102 -0.0329857
2456 -8.73495 -0.219284 2.60409 0.965503 0.00592156 0.259656 -0.0186291
2461 -8.82887 -0.33759 2.40678 0.956149 0.00537765 0.288753 -0.0487067
2469 -8.86072 -0.273654 2.48282 0.959346 0.00640682 0.28041 -0.0313672
2479 -8.91461 -0.331847 2.46632 0.958445 0.00264592 0.281629 -0.0453938
2480 -8.87393 -0.424923 2.51906 0.961075 -0.00751528 0.267623 -0.0682358
2481 -8.96067 -0.326512 2.42349 0.95518 0.00340913 0.292671 -0.0443058
2485 -8.94547 -0.339873 2.47055 0.958417 0.00158939 0.281426 -0.0472666
2490 -8.97852 -0.313745 2.46789 0.958234 0.00489525 0.283226 -0.0393181
2492 -8.95778 -0.304597 2.5276 0.961225 0.00299514 0.273137 -0.0378624
2494 -8.997 -0.337316 2.47781 0.958261 0.00205435 0.282362 -0.0447508
2500 -8.99897 -0.388698 2.53161 0.960549 -0.00329634 0.27206 -0.0575961
2506 -8.96537 -0.347256 2.61326 0.965108 0.00171113 0.257711 -0.0463481
2510 -8.99686 -0.227832 2.53251 0.961298 0.00820616 0.274845 -0.0173174
2511 -8.97609 -0.216968 2.53241 0.962586 0.00828187 0.270346 -0.0165331
2516 -8.97027 -0.264536 2.58972 0.964253 0.00645305 0.263403 -0.0281466
2542 -9.02988 -0.379463 2.46639 0.957206 -0.00348856 0.284073 -0.055203
2552 -9.03808 -0.305412 2.47023 0.957717 0.00326727 0.285341 -0.0367135
2553 -9.06157 -0.238957 2.43377 0.955849 0.0126379 0.292971 -0.0190045
2566 -9.00024 -0.370363 2.51886 0.960481 -0.000324498 0.273447 -0.0519904
2575 -9.05763 -0.28876 2.43302 0.955799 0.00888171 0.292165 -0.0317595
2661 -9.01742 -0.337888 2.48145 0.958922 0.00208293 0.280115 -0.0447156
2752 -8.99409 -0.305589 2.51772 0.961038 0.00661814 0.273938 -0.036339
2760 -8.99596 -0.333196 2.47535 0.957693 -0.00217558 0.284137 -0.0456651
2775 -8.96172 -0.318425 2.47735 0.958274 0.00493664 0.28293 -0.040459
2786 -8.94297 -0.231367 2.46678 0.959251 0.0127501 0.281597 -0.0194281
2792 -8.92514 -0.297143 2.46954 0.959487 0.00557545 0.279339 -0.0363736
2803 -8.88908 -0.294913 2.49279 0.960862 0.00869804 0.274807 -0.0339126
2807 -8.88542 -0.372966 2.46462 0.958724 0.000195414 0.27918 -0.0539184
2881 -8.69657 -0.212218 2.51969 0.96256 0.012459 0.270214 -0.0175457
2883 -8.70669 -0.357848 2.44884 0.958626 0.0014882 0.279755 -0.0526388
2902 -8.64272 -0.29026 2.50131 0.961113 0.00494173 0.273812 -0.0355594
2903 -8.65459 -0.272002 2.44485 0.958745 0.00708529 0.282505 -0.0308101
2909 -8.63711 -0.352977 2.43046 0.957441 0.00137561 0.284279 -0.0499107
2910 -8.64884 -0.324133 2.37951 0.955162 0.00446128 0.292893 -0.0431264
2912 -8.60288 -0.368468 2.47607 0.959663 -0.00196129 0.275914 -0.0539821
2941 -8.52216 -0.190593 2.49008 0.95559 0.0133573 0.294135 -0.0124455
2942 -8.53876 -0.252598 2.44272 0.952631 0.00695641 0.302765 -0.027914
2943 -8.54913 -0.313137 2.39026 0.94951 0.00314761 0.310824 -0.042545
2948 -8.51291 -0.266957 2.44623 0.952761 0.00821972 0.30207 -0.030553
2958 -8.53465 -0.301001 2.34575 0.945179 0.00470229 0.324131 -0.0394239
2969 -8.46808 -0.247505 2.43277 0.952352 0.00753121 0.303759 -0.0264397
2988 -8.41662 -0.261721 2.42012 0.958728 0.00848039 0.28272 -0.0289625
3011 -8.37472 -0.298591 2.35202 0.95838 0.00470799 0.282653 -0.0399072
3012 -8.34194 -0.253794 2.40296 0.96179 0.00921262 0.272175 -0.0282134
3021 -8.33287 -0.313217 2.34613 0.957641 0.00302397 0.284672 -0.0433264
3025 -8.30159 -0.236031 2.39286 0.960252 0.00927391 0.277903 -0.0245118
3026 -8.26266 -0.254896 2.44762 0.963426 0.00706182 0.266268 -0.0293498
3031 -8.28598 -0.2639 2.36187 0.958089 0.00866019 0.284676 -0.0308317
3042 -8.22575 -0.231208 2.38674 0.959837 0.00939246 0.279252 -0.025367
3043 -8.24636 -0.289352 2.34092 0.956627 0.00597049 0.288555 -0.0395518
3045 -8.20962 -0.27109 2.39205 0.959884 0.00867861 0.278097 -0.0347667
3055 -8.18401 -0.257441 2.34621 0.957169 0.00943172 0.287684 -0.0312623
3061 -8.07569 -0.269063 2.66291 0.96981 0.00622746 0.241445 -0.0336819
3096 -7.99132 -0.258157 2.29151 0.955091 0.00687586 0.294109 -0.0354124
3112 -7.85446 -0.220808 2.58858 0.96661 0.00988223 0.254776 -0.0256131
3118 -7.7189 -0.262026 2.58321 0.971112 0.00440774 0.235819 -0.0361986
3150 -7.62233 -0.188807 2.54338 0.967 0.0131778 0.253535 -0.0213714
3157 -7.47956 -0.225684 2.52997 0.972179 0.00819881 0.231919 -0.0318363
3204 -7.30784 -0.189353 2.44791 0.966594 0.0117437 0.254854 -0.0246285
3240 -7.28439 -0.295488 2.38029 0.958202 0.00175592 0.281118 -0.0530843
3244 -7.26441 -0.266902 2.24734 0.954082 0.00410706 0.295568 -0.0484718
3247 -7.26017 -0.120635 2.2711 0.955476 0.0191287 0.294257 -0.010659
3279 -7.05 -0.106211 2.27534 0.958049 0.0175129 0.285928 -0.00903334
3281 -7.02726 -0.181981 2.43416 0.962667 0.0101681 0.269104 -0.0274259
3287 -7.01911 -0.27655 2.22829 0.955033 0.00330447 0.292041 -0.0511232
3309 -6.85924 -0.17171 2.39713 0.962564 0.00974976 0.269562 -0.0266839
3312 -6.90801 -0.154867 2.19397 0.953667 0.0116738 0.299756 -0.0229973
3317 -6.87339 -0.0935886 2.2313 0.95567 0.0190911 0.293748 -0.00649598
3320 -6.86792 -0.179873 2.16698 0.952756 0.00896808 0.302132 -0.0298661
3339 -6.73412 -0.30159 2.23623 0.955993 -0.00166563 0.286625 -0.0626196
3366 -6.59395 -0.168383 2.23397 0.957565 0.0136136 0.28617 -0.0314783
3381 -6.57466 -0.14304 2.10637 0.950458 0.0151614 0.309446 -0.0253685
3398 -6.44141 -0.127957 2.34299 0.961248 0.015175 0.274337 -0.0226288
3405 -6.40289 -0.239507 2.27571 0.958317 0.00636396 0.281359 -0.0492474
3414 -6.38478 -0.116458 2.21063 0.955667 0.0115329 0.293309 -0.0231738
3427 -6.29015 -0.216018 2.26058 0.958619 0.00359368 0.280657 -0.0476383
3458 -6.10809 -0.203744 2.24773 0.95929 0.00407029 0.278406 -0.0472927
3466 -6.06014 -0.178092 2.26424 0.960255 0.00655281 0.27604 -0.0408549
3469 -6.07009 -0.00714689 2.16417 0.956734 0.0239213 0.289973 0.00202767
3470 -6.07145 -0.239857 2.1669 0.954808 0.00153604 0.29162 -0.0574173
3476 -6.06274 -0.187297 2.13584 0.953242 0.00769519 0.29875 -0.0449269
3478 -5.98919 -0.16261 2.2582 0.960604 0.00880002 0.275124 -0.0383419
3480 -5.95739 0.0215664 2.28867 0.96355 0.0239518 0.26642 0.00422955
3484 -5.97402 -0.0804844 2.20948 0.959273 0.0162307 0.28136 -0.0191914
3489 -5.92747 -0.0792132 2.23634 0.961164 0.0191864 0.274714 -0.01812
3495 -5.85998 -0.0742817 2.26997 0.963896 0.0195006 0.264992 -0.0174059
3496 -5.99297 -0.13756 2.05803 0.949073 0.0116015 0.313037 -0.0336656
3498 -5.89408 -0.02463 2.21796 0.959839 0.0222589 0.279627 -0.00476394
3500 -5.94208 -0.192697 2.10678 0.951768 0.00363689 0.302853 -0.04904
3501 -5.92352 -0.141455 2.14076 0.954239 0.0116354 0.296721 -0.0353394
3502 -5.87086 -0.0379837 2.20544 0.95956 0.0196457 0.280657 -0.00952504
3503 -5.81979 -0.0899124 2.26827 0.963414 0.0145729 0.266662 -0.022651
3504 -5.84694 -0.0696956 2.2124 0.960352 0.0165035 0.277767 -0.0172384
3505 -5.85279 -0.113843 2.1981 0.959302 0.0121202 0.28068 -0.0284899
3506 -5.87866 0.00242159 2.14597 0.956537 0.0232389 0.290681 0.000963289
3508 -5.85245 -0.331701 2.14645 0.954392 -0.00785679 0.286204 -0.0846208
3511 -5.83853 -0.157391 2.1729 0.957674 0.00779448 0.284969 -0.0399034
3512 -5.81718 -0.0852963 2.19456 0.959591 0.015388 0.280144 -0.0216322
3513 -5.80187 -0.049939 2.20204 0.960463 0.0220296 0.277247 -0.0126582
3515 -5.77806 -0.0424354 2.21158 0.961569 0.0156794 0.273881 -0.0112993
3516 -5.75538 -0.0518926 2.2771 0.963426 0.0174125 0.267059 -0.0136716
3518 -5.82004 0.0235068 2.12933 0.955574 0.026063 0.293532 0.00616227
3520 -5.76935 0.0831244 2.17121 0.959102 0.0266354 0.281102 0.0198992
3521 -5.79461 -0.0468907 2.15073 0.956858 0.0191578 0.289653 -0.0125226
3522 -5.72941 -0.0519169 2.20445 0.961851 0.0180355 0.272638 -0.0135923
3523 -5.64334 -0.0968228 2.27573 0.967625 0.0133493 0.250795 -0.0250177
3524 -5.73749 -0.0165764 2.18342 0.960125 0.0216588 0.278701 -0.00403409
3526 -5.73413 -0.0867783 2.26289 0.962053 0.0132262 0.271618 -0.022421
3532 -5.67765 -0.115926 2.331 0.964585 0.00927655 0.261851 -0.0303957
3539 -5.65684 -0.0701932 2.17986 0.959911 0.0136407 0.279204 -0.0207356
3542 -5.63868 -0.0115166 2.22996 0.961818 0.0179202 0.273024 -0.00658031
3546 -5.63369 -0.0675521 2.17565 0.959464 0.0147722 0.280795 -0.0191101
3548 -5.62432 0.00295138 2.13972 0.958332 0.0217525 0.284827 -0.00110395
3564 -5.49338 -0.0402405 2.29629 0.964913 0.0150865 0.261737 -0.014438
3575 -5.45318 -0.00905093 2.20004 0.961636 0.0176742 0.273664 -0.00724374
3578 -5.47837 -0.0817767 2.02374 0.953887 0.0123569 0.29891 -0.0244855
3580 -5.42141 -0.0885348 2.21787 0.962328 0.0107022 0.270428 -0.0260391
3582 -5.43927 -0.0566707 2.14 0.958849 0.0149129 0.282982 -0.0175319
3586 -5.35731 -0.0892208 2.27578 0.965103 0.0100383 0.260329 -0.0265237
3590 -5.37647 0.0439596 2.19518 0.961417 0.0221656 0.274139 0.00583258
3595 -5.36708 -0.0468741 2.12968 0.958941 0.0149973 0.282692 -0.0170713
3614 -5.24043 0.040004 2.16512 0.961171 0.0209243 0.275123 0.00447708
3619 -5.23599 0.017804 2.08484 0.957702 0.0195163 0.287095 -0.00160636
3623 -5.19236 -0.0332029 2.1167 0.959729 0.0125371 0.280234 -0.0152416
3637 -5.10005 0.00183515 2.14025 0.961801 0.0167828 0.273153 -0.00668075
3645 -5.13003 -0.0557266 1.9909 0.953064 0.0119721 0.301776 -0.0213866
3651 -4.98196 -0.00835302 2.18958 0.965061 0.0148255 0.261393 -0.0105318
3681 -4.94427 -0.0619369 2.01386 0.954564 0.00905028 0.296843 -0.0247085
3695 -4.86266 0.0197433 2.07621 0.958529 0.0115078 0.284693 -0.00626975
3701 -4.84258 -0.0522124 2.02297 0.956204 0.00808708 0.291692 -0.022919
3712 -4.76415 0.0436004 2.11715 0.96142 0.0104246 0.274884 -0.00135253
3717 -4.79318 -0.139942 1.93686 0.951459 0.00757332 0.304504 -0.0440987
3718 -4.76032 -0.0273005 2.0242 0.957008 0.00556052 0.289429 -0.0183105
3721 -4.79401 -0.0505872 1.98176 0.952808 0.0140735 0.302532 -0.0207996
3722 -4.75955 0.0530382 2.06198 0.957586 0.0128783 0.287857 0.00115798
3723 -4.77612 0.0123237 2.01214 0.954817 0.0181265 0.296569 -0.00652744
3727 -4.69124 0.11951 2.12954 0.962263 0.0109092 0.271495 0.0148562
3730 -4.68989 -0.0320073 2.06681 0.959528 0.00665786 0.280835 -0.0198358
3731 -4.68305 0.0675654 2.08087 0.960389 0.0136633 0.278296 0.00429084
3733 -4.72546 0.135531 2.02289 0.955652 0.019431 0.292947 0.0231042
3734 -4.67123 0.0186979 2.06318 0.95966 0.00925468 0.280919 -0.00718205
3740 -4.61064 -0.00237558 2.11557 0.963019 0.00656036 0.269064 -0.0125241
3741 -4.63775 -0.0235543 2.03485 0.958931 0.00721678 0.283049 -0.0168378
3743 -4.60721 0.0488335 2.07949 0.961607 0.0103163 0.274237 0.000292864
3744 -4.72703 -0.0553396 1.90994 0.94809 0.0175343 0.316798 -0.0213973
3745 -4.6365 -0.024766 2.0432 0.958072 0.00970462 0.285854 -0.0170764
3746 -4.69981 0.0449328 1.95137 0.951391 0.0174126 0.307483 0.00248874
3747 -4.59484 -0.0833946 2.06297 0.960268 0.00540349 0.277263 -0.0313388
3748 -4.60205 -0.0846654 2.01804 0.958261 0.00529511 0.284135 -0.0312167
3752 -4.60715 -0.00879274 2.04748 0.95827 0.0104796 0.285319 -0.01423
3753 -4.56161 0.0557726 2.09156 0.962043 0.00636695 0.272822 0.000443537
3757 -4.58081 -0.0119705 2.02044 0.957766 0.00890304 0.287018 -0.0150069
3761 -4.57135 -0.0739851 2.01312 0.9568 0.00685396 0.289137 -0.0297838
3763 -4.57869 0.00626953 1.99583 0.955501 0.00786319 0.294684 -0.010815
3764 -4.55308 -0.119284 1.98954 0.955813 -9.03092e-05 0.290908 -0.0423515
3766 -4.50899 -0.0108769 2.0635 0.960943 0.00715406 0.276224 -0.0154169
3767 -4.61968 -0.060426 1.91222 0.948963 0.0138987 0.314092 -0.024951
3771 -4.49892 -0.134184 2.01973 0.958347 0.000806819 0.282018 -0.0451211
3773 -4.54526 0.0687153 2.01069 0.955813 0.0141782 0.293563 0.00638152
3774 -4.53488 0.177268 2.02314 0.956236 0.0213851 0.290014 0.0323513
3776 -4.47937 0.0995361 2.04593 0.959891 0.0140573 0.279743 0.0124843
3777 -4.53229 -0.207814 1.90618 0.949775 -0.00165769 0.30619 -0.0645918
3778 -4.5185 -0.105668 1.94346 0.952976 0.00792678 0.300628 -0.0373632
3779 -4.4775 -0.0742774 1.98723 0.956945 0.00270754 0.288678 -0.0302215
3780 -4.50468 -0.0825355 1.95642 0.954043 0.00468435 0.297952 -0.0316883
3783 -4.43344 -0.05804 2.02953 0.959775 0.00326886 0.279477 -0.0267297
3785 -4.43083 0.0738916 2.03746 0.960171 0.0135096 0.279027 0.00582879
3786 -4.45505 0.054207 2.01522 0.957899 0.0144353 0.286738 0.00166755
3787 -4.40989 0.0195845 2.03892 0.96084 0.00784022 0.276886 -0.00767547
3789 -4.43378 -0.143092 1.97364 0.956071 -0.000902453 0.289124 -0.0483232
3790 -4.47543 -0.0144945 1.95111 0.95355 0.0109249 0.300661 -0.0150243
3791 -4.44823 -0.0288539 1.98096 0.955814 0.0123374 0.293108 -0.0188616
3793 -4.43524 -0.0597728 1.99032 0.956262 0.00426669 0.291152 -0.0278426
3795 -4.39712 -0.0942039 1.9954 0.95794 0.000553114 0.28453 -0.0373266
3796 -4.36079 -0.0102436 2.03072 0.961521 0.00515365 0.274212 -0.0160853
3803 -4.34165 -0.0528117 2.01982 0.960408 0.00326005 0.277283 -0.0268442
3804 -4.29711 0.00089641 2.05762 0.964137 0.00377966 0.265028 -0.0136372
3806 -4.32193 0.0230746 2.03943 0.961676 0.00947532 0.273906 -0.00803437
3808 -4.4124 -0.167889 1.90932 0.950338 0.00303373 0.306173 -0.0557371
3809 -4.37921 -0.0618027 1.95687 0.954996 0.00677417 0.295214 -0.0280137
3810 -4.38318 0.144618 1.98809 0.955674 0.022561 0.292503 0.0249115
3811 -4.39795 0.0050133 1.95351 0.953192 0.0129696 0.301898 -0.0106928
3812 -4.39028 0.133664 1.96458 0.953803 0.0232701 0.298681 0.0225433
3813 -4.3047 0.0326613 2.02293 0.960625 0.0119019 0.277548 -0.00496821
3814 -4.31473 0.0576128 2.00215 0.959272 0.0144713 0.282107 0.0017216
3815 -4.32125 0.00598423 1.98724 0.958082 0.0103104 0.286068 -0.0117727
3817 -4.3494 -0.0203279 1.96054 0.954597 0.00819524 0.297264 -0.0176654
3818 -4.30202 -0.0354028 2.00713 0.958589 0.00284083 0.283909 -0.0222532
3839 -4.24017 0.016644 1.89449 0.954265 0.00934566 0.29864 -0.0102319
3860 -4.11732 -0.0780508 1.97757 0.958046 -0.00504553 0.284449 -0.0347948
3861 -4.17308 0.0119028 1.83736 0.950162 0.00125404 0.311552 -0.0112333
3866 -4.13972 0.103023 1.93695 0.957491 0.0203593 0.287576 0.00986499
3867 -4.10706 -0.0147491 2.01942 0.961604 0.0147915 0.273308 -0.0200629
3875 -4.07318 0.101515 2.01518 0.960751 0.0106625 0.277023 0.010069
3880 -4.11904 0.0528089 1.90219 0.955125 0.0129861 0.2959 -0.00327181
3883 -4.00117 0.0650143 2.09501 0.966933 0.0158962 0.254536 -0.000397523
3884 -4.09363 0.0384914 1.94689 0.957462 0.0141734 0.288161 -0.00530883
3885 -4.06906 0.106885 1.98923 0.959997 0.0191534 0.279113 0.0116499
3892 -4.09544 0.00214523 1.91317 0.955431 0.00668757 0.294728 -0.0155538
3899 -4.12379 0.0308394 1.84812 0.951717 0.00870923 0.306716 -0.00922767
3903 -4.10957 0.104903 1.89044 0.954114 0.0155103 0.298857 0.0104563
3913 -4.07587 0.0447785 1.95132 0.957915 0.0127666 0.286711 -0.00565998
3915 -4.09732 0.0570859 1.93977 0.956583 0.0116111 0.29122 -0.00233034
4102 -4.07346 0.0996366 1.93852 0.957768 0.0201294 0.286726 0.00793472
4120 -4.19328 0.0564604 1.95724 0.997353 0.0225868 0.069084 0.00210203
4121 -4.20634 0.0727601 1.95291 0.997124 0.0211618 0.072542 0.00580134
4122 -4.1242 0.0630982 1.99408 0.998576 0.015908 0.0509081 0.00145992
4123 -4.28294 -0.0911387 1.877 0.994058 0.0231798 0.0999967 -0.0362283
4124 -4.11427 0.0266858 2.01203 0.998637 0.0142754 0.0494731 -0.00850861
4126 -4.14857 0.0797389 1.99231 0.99763 0.0167742 0.066363 0.00701214
4127 -4.18931 0.135043 1.97531 0.996397 0.0209 0.0789213 0.0229504
4128 -4.08789 -0.032024 2.01868 0.998161 0.0127331 0.0546317 -0.0229665
4129 -4.21085 0.101106 1.95031 0.995615 0.0186056 0.0904574 0.014888
4130 -4.09895 -0.101828 2.00528 0.997148 0.00971927 0.0621286 -0.0417348
4131 -4.13407 -0.0713234 1.97134 0.996672 0.0111701 0.0736749 -0.0330389
4134 -4.2733 -0.102008 1.87535 0.992286 0.0177154 0.116489 -0.0385311
4135 -4.14783 -0.0665241 1.96577 0.996374 0.0132198 0.0781349 -0.0309727
4143 -4.24354 -0.109294 1.89693 0.99319 0.0159119 0.107799 -0.0412409
4144 -4.11125 -0.00989664 2.00563 0.997548 0.0125026 0.0668201 -0.0166535
4152 -4.14698 0.0536432 1.97034 0.996857 0.0162462 0.0775286 0.00139147
4153 -4.15184 0.00958819 1.97263 0.996686 0.0168996 0.0788867 -0.0104302
4164 -4.11444 -0.109105 1.98448 0.996572 0.0105713 0.0697207 -0.0432546
4181 -4.10231 -0.00127722 1.99939 0.997664 0.012471 0.0655745 -0.0145182
4296 -4.23169 0.104382 1.9332 0.994542 0.0221511 0.10054 0.0169574
4410 -4.11593 0.0218168 1.98804 0.997479 0.0109177 0.0696423 -0.00813278
4444 -4.10217 -0.0432115 1.99058 0.997427 0.0113515 0.0659979 -0.0256054
4678 -4.18002 -0.140819 1.93071 0.994564 0.0134377 0.0896865 -0.0511631
4680 -4.24787 -0.0234181 1.89847 0.99376 0.0198544 0.10839 -0.0172545
4681 -4.2677 0.0400558 1.89725 0.993431 0.020765 0.112531 0.000105261
4682 -4.22803 0.136484 1.92841 0.994472 0.0213674 0.0996445 0.0252931
4708 -4.14884 -0.0783494 1.97612 0.996256 0.0116774 0.0781134 -0.0351512
4752 -4.10075 -0.0414143 1.99142 0.997466 0.0113957 0.0655709 -0.0251332
5442 -4.34562 -0.0601569 1.85163 0.991285 0.0245825 0.127032 -0.0247634
5454 -4.29496 0.160433 1.96742 0.995324 0.0180933 0.0891836 0.0323811
5456 -4.2792 -0.0842456 1.9679 0.995681 0.0158561 0.0854239 -0.032708
5460 -4.27906 -0.126575 1.97515 0.995314 0.0135151 0.0839312 -0.046068
5461 -4.29663 -0.0194126 1.96467 0.99589 0.019325 0.086854 -0.0169095
5462 -4.28966 -0.127418 1.9639 0.995156 0.0141548 0.0849628 -0.0473852
5463 -4.30548 -0.0207705 1.97026 0.995747 0.0208113 0.0881466 -0.0168732
5465 -4.28813 -0.120706 1.95887 0.9953 0.0112324 0.0859934 -0.0430988
5467 -4.24393 -0.0197202 2.01241 0.997183 0.0113528 0.0723009 -0.0163986
5468 -4.28375 -0.0590863 1.96825 0.995983 0.0101081 0.0852513 -0.0254732
5470 -4.29522 -0.101617 1.96978 0.995314 0.0128277 0.0875615 -0.0389736
5471 -4.28568 -0.0851171 1.96709 0.995702 0.0138755 0.0848146 -0.0345136
5472 -4.31102 -0.0387852 1.95907 0.995469 0.0177947 0.0909842 -0.02115
5473 -4.28675 -0.16382 1.96391 0.99471 0.0119976 0.0850815 -0.0563029
5474 -4.32489 0.000417029 1.95573 0.995337 0.0200062 0.0938379 -0.00996879
5478 -4.3113 -0.0520094 1.9597 0.995395 0.0143695 0.0915394 -0.0245459
5480 -4.33393 0.0402477 1.94575 0.99508 0.0198282 0.0970681 0.00103979
5489 -4.29292 -0.0850149 1.96363 0.995559 0.01261 0.0868242 -0.034144
5497 -4.31836 -0.0466253 1.94788 0.995287 0.0172219 0.0924717 -0.0235872
5498 -4.31783 -0.0680217 1.95314 0.995126 0.0177175 0.0925984 -0.0289242
5501 -4.2241 -0.0597995 2.00186 0.997127 0.0117836 0.0694924 -0.0277375
5505 -4.30593 -0.0120337 1.93531 0.99507 0.0154753 0.0970494 -0.0133612
5529 -4.13596 -0.148653 1.98506 0.995887 0.00977508 0.0723378 -0.053665
5532 -4.18174 0.022005 1.97442 0.996088 0.0193356 0.085965 -0.00675315
5537 -4.09093 0.0219088 2.00387 0.997595 0.0143657 0.0672484 -0.00873648
5538 -4.17001 0.120337 1.96348 0.995599 0.0196997 0.0895868 0.0192119
5540 -4.16404 0.077885 1.95459 0.995655 0.0180106 0.0910085 0.00802399
5552 -3.94167 -0.00228962 2.00766 0.998539 0.00952258 0.0509592 -0.0152111
5553 -4.03004 0.0878027 1.98439 0.996978 0.016366 0.0753456 0.00944385
5554 -4.0131 0.110205 1.98272 0.997141 0.01496 0.0724925 0.0151642
5555 -3.93075 -0.0966994 2.00477 0.997724 0.00879751 0.0526747 -0.0411759
5556 -3.95979 -0.0448251 1.99479 0.997648 0.0121215 0.061699 -0.0272761
5557 -4.07164 0.189834 1.93773 0.994765 0.0206208 0.0926354 0.037895
5558 -3.98905 0.173473 1.97422 0.996776 0.0167889 0.0719836 0.0312243
5560 -3.9673 -0.117318 1.97245 0.996297 0.00925422 0.0709173 -0.0477311
5561 -3.9977 0.0241424 1.96673 0.996669 0.0125222 0.0801003 -0.00882028
5562 -3.82469 0.0241996 2.01649 0.999302 0.00815353 0.0348368 -0.0107704
5563 -3.96759 -0.0320891 1.96296 0.996764 0.0141104 0.0752203 -0.0245817
5565 -3.90465 -0.0714296 1.97963 0.997404 0.00770988 0.0615197 -0.0366208
5566 -4.03751 0.0849758 1.92954 0.994953 0.0181733 0.0983751 0.0078018
5568 -3.87355 0.00899447 1.99235 0.998132 0.0131156 0.0577929 -0.0148359
5569 -3.92139 0.129275 1.96089 0.997094 0.0155695 0.0720441 0.0192332
5571 -3.99391 0.219832 1.92091 0.994056 0.0227642 0.0958224 0.0463981
5572 -3.99537 0.163241 1.92458 0.994374 0.0224041 0.0986327 0.0314799
5575 -3.98456 0.194007 1.91683 0.993657 0.0222796 0.102754 0.0398979
5576 -3.91815 0.0917755 1.94486 0.995987 0.0155828 0.0875436 0.0101561
5577 -3.77436 0.0686647 1.96996 0.998622 0.0112291 0.0512363 0.00188637
5578 -3.95905 0.186144 1.92283 0.993838 0.021975 0.102642 0.0356099
5580 -3.76107 0.0425824 1.9631 0.998484 0.0109636 0.0536888 -0.00526589
5581 -3.70938 -0.132441 1.97854 0.99772 0.00383772 0.042136 -0.052586
5582 -3.7659 -0.065922 1.96501 0.997633 0.00897643 0.0587944 -0.0345005
5583 -3.59694 0.02847 1.97635 0.999806 0.00581991 0.0161502 -0.00962011
5586 -3.86705 0.111711 1.93181 0.99533 0.0164374 0.0940121 0.0145058
5588 -3.72025 -0.0439024 1.96055 0.997791 0.00828762 0.0587504 -0.0298765
5590 -3.88105 0.181576 1.91043 0.993635 0.0198673 0.105429 0.0343327
5591 -3.69273 0.0421953 1.9466 0.998315 0.00815135 0.0572248 -0.00506543
5592 -3.86852 0.187841 1.90684 0.993501 0.0204844 0.105859 0.0364826
5593 -3.62958 -0.141457 1.95256 0.997472 0.00314292 0.0441443 -0.0555992
5594 -3.87802 0.174592 1.90029 0.99283 0.0216769 0.112689 0.0334662
5595 -3.59397 -0.148676 1.94743 0.997584 0.00329319 0.0386737 -0.0576177
5598 -3.80837 0.201041 1.90517 0.993689 0.0218858 0.102584 0.0397399
5599 -3.6781 0.0415666 1.93625 0.997419 0.0112428 0.0707442 -0.00489601
5600 -3.77061 0.166883 1.90993 0.994553 0.0189944 0.0978625 0.0304531
5601 -3.85712 0.220179 1.88436 0.990914 0.0256566 0.123571 0.0464965
5602 -3.83267 0.204242 1.88813 0.991666 0.0228439 0.119751 0.0416584
5603 -3.75754 0.171962 1.90703 0.99413 0.0178207 0.102078 0.0311111
5604 -3.57446 -0.0605027 1.93596 0.997823 0.00545666 0.0555324 -0.0351518
5606 -3.62933 -0.0318875 1.92514 0.99676 0.00555628 0.0753463 -0.027605
5607 -3.59331 -0.106125 1.93008 0.996521 0.00241295 0.068161 -0.0478951
5608 -3.59269 -0.108579 1.9254 0.996378 0.00312158 0.0697998 -0.0484772
5610 -3.57434 0.00110503 1.92407 0.997408 0.00687212 0.0694292 -0.0176144
5611 -3.5701 -0.0276158 1.9186 0.997193 0.00694842 0.0700913 -0.0254153
5612 -3.56929 -0.0719375 1.91818 0.996679 0.00471276 0.0720935 -0.0375721
5613 -3.56898 -0.22393 1.9032 0.994057 6.1884e-05 0.0741903 -0.0796707
5614 -3.5594 0.00803088 1.9108 0.997088 0.00953765 0.0740276 -0.0156401
5615 -3.53318 0.0472049 1.91186 0.997504 0.010884 0.0696196 -0.00448094
5617 -3.51201 -0.0382871 1.91217 0.997203 0.00758444 0.0687909 -0.0282111
5618 -3.63369 0.126011 1.79484 0.993715 0.01329 0.10942 0.0195448
5619 -3.42086 -0.0789805 1.95587 0.998043 0.00549988 0.0481187 -0.03955
5621 -3.48743 -0.107753 1.91051 0.996261 0.00337154 0.0709649 -0.0491654
5622 -3.47673 -0.159593 1.91234 0.995465 -0.000158134 0.0704423 -0.063937
5623 -3.62044 0.00472716 1.79333 0.992837 0.00720047 0.117823 -0.0184647
5624 -3.40254 -0.0814706 1.948 0.997643 0.002925 0.0543207 -0.0418202
5625 -3.52203 -0.16753 1.85664 0.993573 -0.00029652 0.0911711 -0.0670794
5626 -3.57215 0.0167257 1.80258 0.993799 0.00767159 0.109971 -0.0145115
5627 -3.57834 0.0706454 1.7951 0.993432 0.00944609 0.114029 0.00137297
5628 -3.33664 0.038297 1.93698 0.998865 0.0101532 0.0457095 -0.00871971
5629 -3.21715 0.0542926 1.98172 0.999818 0.0096031 0.0156954 -0.00513183
5630 -3.34803 -0.11472 1.93496 0.99729 0.00251768 0.0534793 -0.0504659
5631 -3.326 -0.118058 1.92985 0.997411 0.00493285 0.0498817 -0.0515579
5632 -3.33835 -0.0204531 1.92375 0.99813 0.0066288 0.055623 -0.0244787
5633 -3.45014 -0.123762 1.84992 0.994452 0.0031555 0.090419 -0.0536669
5634 -3.30842 -0.118618 1.91506 0.9973 0.00536264 0.0527096 -0.0508466
5635 -3.53978 0.0194153 1.78046 0.992282 0.00900774 0.123086 -0.0120179
5636 -3.52769 -0.0377654 1.77693 0.992055 0.00704078 0.122194 -0.029078
5637 -3.27574 -0.132677 1.91471 0.997179 0.00467665 0.0509462 -0.0549261
5640 -3.24363 -0.120702 1.92086 0.997338 0.00301854 0.0495531 -0.0534132
5641 -3.32443 -0.1249 1.88375 0.995689 0.00204553 0.0738245 -0.0561104
5642 -3.23407 -0.0274546 1.91047 0.998271 0.00425019 0.0513232 -0.0283437
5643 -3.39578 -0.0999851 1.84345 0.993906 0.00156205 0.0988681 -0.0487162
5644 -3.37832 -0.111806 1.83506 0.994006 0.00346359 0.0960712 -0.0520666
5646 -3.36826 -0.171117 1.82936 0.992849 0.000258261 0.0975792 -0.0687673
5647 -3.40378 0.0824865 1.80279 0.993783 0.0133925 0.110446 0.00430733
5649 -3.26152 -0.0956547 1.86007 0.996073 0.00630319 0.0748351 -0.046894
5650 -3.18316 -0.141031 1.88219 0.996706 0.00357219 0.0553465 -0.0591692
5653 -3.43263 0.0381385 1.7678 0.990809 0.0113236 0.134583 -0.0075661
5654 -3.3452 0.0822977 1.80143 0.993676 0.0137567 0.111336 0.00484241
5655 -3.24451 -0.106897 1.86022 0.995143 0.00160423 0.0850145 -0.0496042
5658 -3.37784 -0.0605209 1.77607 0.990479 0.00560437 0.132132 -0.0382183
5659 -3.25852 -0.103267 1.82498 0.993747 0.00404344 0.0996436 -0.0502092
5660 -3.13678 -0.04209 1.86693 0.997158 0.00573217 0.0679201 -0.0320951
5661 -3.07457 0.0955192 1.86341 0.998523 0.0117466 0.052673 0.00634546
5662 -3.31672 0.0606166 1.78305 0.992342 0.0123331 0.122881 -0.00229483
5663 -3.37992 -0.00209586 1.76257 0.989284 0.0085834 0.144274 -0.0207083
5664 -3.08828 -0.120357 1.86299 0.996495 0.00200126 0.0636436 -0.0542602
5665 -3.11777 -0.157172 1.84066 0.995101 0.00288734 0.0741485 -0.0653269
5666 -3.0469 -0.152951 1.85278 0.996313 0.0034856 0.0565893 -0.0643868
5668 -3.01047 -0.163471 1.85131 0.996457 0.00158906 0.0513765 -0.0665711
5671 -3.18453 -0.0696778 1.81963 0.993571 0.00368767 0.106266 -0.0388778
5674 -3.02177 -0.164542 1.83632 0.99548 -0.00042451 0.0684895 -0.0657986
5675 -3.08445 -0.109129 1.82387 0.994817 0.00251159 0.0881681 -0.0505839
5676 -3.09597 -0.0407752 1.82288 0.995094 0.00550666 0.093372 -0.0322323
5677 -3.2617 -0.000861886 1.77624 0.989558 0.00858354 0.142412 -0.0204781
5679 -2.93279 -0.250345 1.81518 0.994226 -0.00176845 0.0549301 -0.0921655
5680 -3.07465 -0.103293 1.81842 0.994106 0.00269389 0.095932 -0.0504278
5681 -3.14419 -0.109866 1.79584 0.991657 0.00220464 0.117463 -0.0530394
5683 -3.08425 0.00619349 1.81101 0.994354 0.0105993 0.103625 -0.0202292
5684 -3.02095 -0.149635 1.80695 0.994022 0.00189898 0.0881481 -0.064395
5690 -2.94733 0.0295536 1.8307 0.996821 0.00333481 0.0783606 -0.0140292
5691 -2.95001 -0.133302 1.81311 0.994845 -0.000973436 0.0819882 -0.0596692
5692 -2.96261 -0.125082 1.80504 0.994507 -0.00247559 0.0877333 -0.0570273
5694 -2.99977 0.036813 1.76885 0.994566 0.00675179 0.103405 -0.0100024
5695 -2.95769 -0.0781939 1.77869 0.994587 0.00139748 0.0943001 -0.0436159
5698 -2.91199 0.0746309 1.80839 0.996329 0.00482184 0.0854542 -0.00138799
5699 -2.82474 -0.191718 1.8468 0.995156 -0.00350936 0.062634 -0.0756967
5700 -2.90313 0.100114 1.80158 0.996154 0.00583631 0.0872222 0.0059239
5702 -2.7448 -0.00822368 1.88704 0.99862 0.00221872 0.04612 -0.0250146
5703 -2.93482 -0.2097 1.736 0.990906 -0.00384926 0.104931 -0.0841423
5704 -2.94983 -0.179865 1.71622 0.990665 -0.00439723 0.112687 -0.0765783
5706 -2.97315 -0.102164 1.69656 0.990806 0.00152527 0.124196 -0.053638
5707 -2.8419 -0.162889 1.78674 0.993965 -0.000649571 0.0848279 -0.0695455
5709 -2.87166 -0.121111 1.76079 0.993527 3.0419e-05 0.0976165 -0.0580964
5710 -2.9497 -0.105377 1.6935 0.990657 0.00122266 0.125143 -0.0541948
5712 -2.87836 0.00539971 1.75628 0.994153 0.00667831 0.105768 -0.0206988
5713 -2.76188 -0.0560791 1.82169 0.996583 0.00152302 0.0732334 -0.0381762
5714 -2.74197 0.139765 1.81971 0.997404 0.00733036 0.0695726 0.0170527
5718 -2.72462 0.151214 1.81782 0.997044 0.00936637 0.073645 0.0197979
5719 -2.69401 -0.138796 1.81444 0.995776 -0.0015614 0.0676327 -0.062074
5720 -2.82023 -0.178963 1.73254 0.991372 -0.00366145 0.107101 -0.0754771
5721 -2.75958 -0.197225 1.7602 0.992602 -0.00294833 0.0912498 -0.0800341
5722 -2.81337 0.0357969 1.7532 0.993993 0.00669757 0.108444 -0.0131473
5725 -2.73758 0.0987568 1.78798 0.995797 0.00788011 0.0911724 0.0037677
5726 -2.87936 0.0679867 1.68845 0.990528 0.0110119 0.136831 -0.00307729
5727 -2.78207 0.0394042 1.75003 0.994031 0.00851202 0.10813 -0.0117472
5728 -2.68523 -0.0506899 1.78774 0.995856 0.0018062 0.0823043 -0.038654
5729 -2.80286 -0.0247229 1.71887 0.992324 0.00407321 0.119534 -0.0314253
5730 -2.49149 0.00456553 1.84653 0.99919 0.00206738 0.0327141 -0.0233608
5731 -2.6663 0.159808 1.78653 0.996355 0.00828567 0.0822909 0.0209049
5734 -2.71333 -0.0958472 1.74394 0.993384 0.00168293 0.102706 -0.0513568
5737 -2.70661 -0.221299 1.72261 0.990315 -0.00524801 0.10729 -0.0879602
5738 -2.73708 -0.109861 1.72219 0.991431 -0.00056858 0.118288 -0.0554349
5739 -2.66496 -0.112033 1.75813 0.993519 -0.0017216 0.0989247 -0.0559583
5740 -2.66718 0.140254 1.74837 0.994582 0.0106693 0.101957 0.0172752
5741 -2.58736 -0.0962027 1.77996 0.995337 -0.000430082 0.0815591 -0.051498
5743 -2.62818 -0.144837 1.75009 0.993008 -0.00138719 0.0978402 -0.0660308
5744 -2.77998 0.027908 1.6828 0.989279 0.0077339 0.144978 -0.0157519
5746 -2.516 -0.00434226 1.7821 0.997069 0.00286636 0.0718547 -0.0261336
5747 -2.49458 -0.172648 1.77716 0.994933 -0.00228855 0.0674297 -0.0745421
5748 -2.75351 0.048958 1.68681 0.98942 0.00917974 0.144443 -0.00996654
5750 -2.62576 -0.159474 1.73045 0.991422 -0.000653921 0.109444 -0.0714403
5751 -2.55323 0.157189 1.75879 0.995621 0.0124799 0.0904197 0.0201794
5752 -2.68542 -0.128142 1.70284 0.98935 -0.00096036 0.13115 -0.0631316
5753 -2.60599 0.0498883 1.73159 0.993864 0.00804895 0.109834 -0.0103185
5754 -2.4983 0.129212 1.76763 0.996667 0.00901823 0.0801967 0.0118806
5755 -2.50307 -0.0617676 1.75573 0.995584 0.000778895 0.0835175 -0.0428544
5756 -2.5278 0.0291123 1.75939 0.995548 0.00662441 0.0925968 -0.0163033
5758 -2.63619 0.100253 1.71788 0.99188 0.0108564 0.126617 0.00483255
5759 -2.57884 -0.0770195 1.73196 0.992536 -0.00100189 0.112263 -0.0476262
5761 -2.64985 -0.186202 1.68661 0.987398 -0.00420675 0.13642 -0.080108
5762 -2.48082 0.223775 1.73684 0.995128 0.0141204 0.0885492 0.040978
5763 -2.54321 0.122969 1.73322 0.993951 0.0110052 0.108673 0.011432
5764 -2.44563 -0.191023 1.74793 0.993343 -0.00287144 0.0831185 -0.0797056
5766 -2.48747 0.155773 1.74117 0.994887 0.0128073 0.0980701 0.0204723
5767 -2.46545 0.135827 1.74447 0.995429 0.0116131 0.0937458 0.0140559
5769 -2.43738 0.173111 1.75082 0.995679 0.0109308 0.0892047 0.0233624
5770 -2.27453 -0.0759913 1.758 0.997776 0.000915465 0.0457579 -0.0484622
5774 -2.52142 0.114227 1.71703 0.992623 0.0101266 0.120575 0.0076246
5776 -2.57823 -0.171389 1.69331 0.987141 -0.00282796 0.13987 -0.0773378
5777 -2.47299 -0.186352 1.72359 0.990502 -0.00524829 0.110955 -0.0810381
5778 -2.40373 -0.0175435 1.74509 0.995096 0.00376964 0.093489 -0.0320796
5779 -2.57679 0.029254 1.70491 0.989323 0.00864157 0.144404 -0.0177032
5780 -2.25451 -0.129926 1.74672 0.996349 0.00127048 0.0552795 -0.0650542
5801 -2.2653 -0.00470455 1.77017 0.995204 0.000649737 0.0933558 -0.0292247
5803 -2.40125 -0.0172436 1.60215 0.988869 0.00409486 0.144856 -0.0337188
5806 -2.31108 -0.0524322 1.67806 0.991992 0.00017835 0.118629 -0.0433423
5807 -2.27169 -0.0109942 1.72974 0.993872 0.000102937 0.106067 -0.03112
5808 -2.20383 -0.0252016 1.77844 0.995607 3.53654e-05 0.0871836 -0.0341315
5809 -2.25568 -0.0319487 1.72042 0.993668 0.00144147 0.10633 -0.0362795
5810 -2.2215 0.0245071 1.76203 0.995157 0.00268715 0.0961499 -0.0202553
5814 -2.34582 -0.0169496 1.60059 0.988463 0.00345661 0.147947 -0.0322706
5815 -2.2422 0.0432346 1.72126 0.993529 0.00605238 0.112632 -0.0133181
5816 -2.22335 0.0121964 1.71584 0.993661 0.00240376 0.110021 -0.0229506
5817 -2.25872 -0.0110797 1.67848 0.991936 5.84734e-05 0.123021 -0.0304779
5820 -2.20077 -0.0251749 1.72173 0.993309 -0.00147156 0.109812 -0.0357263
5822 -2.16129 0.0554313 1.7559 0.994792 0.0040376 0.101057 -0.0126218
5824 -2.23499 -0.0392127 1.66943 0.990909 0.000212601 0.12836 -0.0402816
5827 -2.17236 -0.017909 1.71052 0.992987 0.00284942 0.113519 -0.0328995
5828 -2.20328 -0.018881 1.6732 0.991473 0.00325837 0.125826 -0.0337527
5829 -2.16703 0.0103223 1.71063 0.993033 0.00415793 0.115153 -0.0246473
5834 -2.08159 0.0192911 1.75658 0.994932 0.00193585 0.0978484 -0.0230693
5835 -2.1465 0.0382871 1.71247 0.992745 0.00573424 0.118849 -0.017327
5837 -2.175 -0.0171659 1.67029 0.990574 0.00155785 0.132667 -0.0340519
5840 -2.09023 -0.0335056 1.70932 0.992854 0.001572 0.113426 -0.0370418
5841 -2.05111 0.023508 1.7473 0.994481 0.00312893 0.102848 -0.0204898
5842 -2.041 0.0328062 1.7467 0.994618 0.00314672 0.102008 -0.0178572
5844 -2.00721 -0.0183648 1.75061 0.994738 -0.000305369 0.097061 -0.032809
5848 -2.05571 0.0123522 1.72049 0.992408 -0.000393866 0.120208 -0.0260157
5850 -2.11813 0.0515792 1.67408 0.989453 0.00490726 0.144131 -0.0136298
5851 -2.18475 -0.021078 1.60548 0.985027 0.00108965 0.168657 -0.035706
5852 -1.99799 0.0695541 1.74479 0.993586 0.00441564 0.11265 -0.00875764
5853 -1.97722 0.00975713 1.74491 0.993687 0.00086375 0.109113 -0.0260829
5856 -2.16846 -0.0111685 1.60849 0.983746 0.0020668 0.176464 -0.0331546
5857 -1.91551 0.0142933 1.76417 0.994308 0.00074072 0.103582 -0.0249227
5861 -2.14181 -0.0319365 1.61163 0.981824 0.000358778 0.185788 -0.0387872
5862 -1.91112 0.0414182 1.757 0.99265 0.00219095 0.119839 -0.0167149
5864 -1.90412 0.0873005 1.75885 0.992153 0.00485039 0.124844 -0.00478758
5866 -1.93284 0.00989203 1.73852 0.989865 -0.000145877 0.139483 -0.026664
5867 -1.85223 0.0372362 1.76654 0.992509 0.00197791 0.120761 -0.0184298
5869 -1.83128 -0.00862755 1.76222 0.992045 -0.000917451 0.122221 -0.0301431
5872 -1.82221 0.0187925 1.76573 0.991229 0.000521939 0.130166 -0.0228548
5873 -1.81406 0.0390921 1.76952 0.991159 0.00272174 0.131464 -0.0177134
5876 -1.79452 -0.0483349 1.77305 0.989703 0.00324184 0.137069 -0.0410961
5877 -1.76483 -0.0769097 1.77951 0.98993 0.00351722 0.132895 -0.0486342
5884 -1.85244 0.0993319 1.71338 0.983163 0.00525354 0.182619 -0.0037569
5886 -1.69463 -0.0561808 1.79587 0.988728 0.00434776 0.142971 -0.0442336
5887 -1.82031 0.0309498 1.70508 0.982544 0.00387322 0.184642 -0.0223736
5888 -1.77786 0.120076 1.74632 0.984673 0.00483044 0.174322 0.0029386
5890 -1.78436 -0.00967584 1.71118 0.982082 0.00319424 0.185749 -0.0316449
5896 -1.74502 -0.0106382 1.70851 0.979816 0.00244685 0.197158 -0.0329251
5897 -1.7354 -0.00659127 1.7097 0.979733 0.00174252 0.197761 -0.0318053
5898 -1.57041 -0.014832 1.81655 0.987754 0.00487295 0.152693 -0.0316653
5900 -1.72517 0.106221 1.72189 0.978975 0.00457678 0.203927 9.37659e-05
5904 -1.71713 -0.00590562 1.69435 0.97576 0.00277022 0.216461 -0.0320929
5906 -1.68989 -0.0171936 1.70819 0.976001 0.0013059 0.21481 -0.0357247
5909 -1.6234 0.0288735 1.75776 0.978553 0.00383748 0.204647 -0.0232112
5910 -1.67075 0.101553 1.73411 0.975118 0.00583523 0.221575 -0.00397074
5911 -1.60652 0.0406307 1.76056 0.978227 0.00389373 0.206479 -0.0205765
5912 -1.5896 0.0677925 1.76797 0.978652 0.00454865 0.205031 -0.0135211
5913 -1.58081 0.0721217 1.7709 0.978522 0.00462044 0.205713 -0.0124799
5914 -1.5826 0.0457511 1.76633 0.977646 0.00399205 0.209329 -0.0193296
5915 -1.59708 0.196318 1.76313 0.976095 0.00610509 0.216212 0.0213149
5917 -1.60105 -0.0496568 1.72232 0.973105 -0.00108662 0.22582 -0.045493
5919 -1.5885 0.136039 1.75531 0.973658 0.00747117 0.227789 0.00683361
5921 -1.52399 0.083277 1.77444 0.976305 0.0047699 0.216229 -0.00711753
5922 -1.52128 0.0563886 1.77017 0.975832 0.00272737 0.218016 -0.014647
5923 -1.56479 0.129771 1.74612 0.972472 0.00410521 0.23293 0.00506857
5924 -1.50078 0.10071 1.78553 0.976146 0.00604861 0.217013 -0.00290971
5927 -1.50935 0.0904533 1.7647 0.973716 0.00562963 0.227633 -0.0053034
5928 -1.58829 0.0169666 1.71601 0.967132 0.00237064 0.252961 -0.0256978
5930 -1.46538 0.114091 1.79344 0.974563 0.00778245 0.223973 0.001554
5937 -1.39989 -0.0470725 1.9052 0.975169 0.00649311 0.218016 -0.0383647
5938 -1.48179 0.140954 1.70057 0.965438 -0.00131132 0.26061 0.00306877
5939 -1.42565 0.0499441 1.84041 0.971826 0.00653475 0.235083 -0.0157355
5964 -1.36156 0.149957 1.75684 0.953419 -0.000995116 0.30157 0.00687595
5969 -1.33379 0.154476 1.77227 0.950785 -0.000780461 0.309745 0.00807649
5978 -1.23068 -0.199838 1.9416 0.952413 -0.011324 0.294942 -0.0760942
5982 -1.18766 0.0780222 1.95761 0.954855 0.00437413 0.2969 -0.00914967
5988 -1.19117 0.0825661 1.93128 0.949482 -0.000497849 0.313644 -0.0105832
5992 -1.20086 0.0905725 1.97763 0.948269 0.00108067 0.317363 -0.00806461
5997 -1.15872 0.176896 1.98272 0.946731 -0.0133182 0.321718 0.00460336
5998 -1.17104 0.240444 1.96314 0.944135 -0.0249685 0.32834 0.0133443
6002 -1.09675 0.0812053 2.03745 0.949099 0.00184806 0.31482 -0.00978762
6003 -1.14332 0.110713 1.98362 0.943282 -0.00131997 0.331966 -0.00390097
6012 -1.15397 0.103887 1.98716 0.936195 9.76735e-05 0.35144 -0.00534832
6017 -1.2391 0.0831342 1.9603 0.926166 0.00371973 0.376992 -0.00894013
6021 -1.15147 0.100458 1.98255 0.928496 -3.59391e-05 0.371288 -0.00637918
6027 -1.12578 0.107978 2.01546 0.926479 -0.00118013 0.376308 -0.00516181
6034 -1.10748 0.102474 2.03181 0.921891 -0.000558236 0.387399 -0.00613236
6040 -1.10616 0.0998311 2.03697 0.916743 -0.000184494 0.399418 -0.00691672
6046 -1.09683 0.100945 2.04767 0.911794 -0.000622724 0.410589 -0.00697965
6047 -1.11475 0.0998384 2.01935 0.908115 -0.000464764 0.418661 -0.00710271
6048 -1.08794 0.103118 2.0554 0.91075 -0.000752825 0.412904 -0.00659564
6059 -1.10347 0.0992085 2.05988 0.898432 -0.00039976 0.439051 -0.00735456
6061 -1.0467 0.105803 2.08932 0.901678 -0.00201673 0.432357 -0.00630757
6065 -1.26029 0.127212 1.94848 0.873004 -0.00291437 0.487699 -0.00217873
6066 -1.25657 0.087217 1.95793 0.872669 0.00436272 0.488216 -0.00862656
6068 -1.17962 0.120704 2.01551 0.879114 -0.00296058 0.476588 -0.00357917
6069 -1.18595 0.182338 2.00331 0.875792 -0.0183008 0.482327 0.00368355
6072 -1.05921 0.0987828 2.09335 0.887805 -0.000604599 0.460169 -0.00677849
6076 -1.03858 0.106201 2.11359 0.884356 -0.00288233 0.466773 -0.00545113
6078 -1.26453 0.153177 1.9627 0.854049 -0.00746641 0.520134 0.00233803
6084 -1.03539 0.113369 2.1204 0.873581 -0.00436917 0.486646 -0.00353998
6085 -1.19237 0.121032 2.02887 0.854043 -0.00280622 0.52019 -0.00211868
6092 -1.03434 0.0968544 2.14088 0.863187 -0.00156832 0.504837 -0.00679049
6106 -1.0694 0.159074 2.14644 0.840408 -0.0143886 0.541753 0.00336866
6115 -1.07843 0.137218 2.17373 0.829961 -0.0113745 0.557705 -0.00100765
6116 -1.13372 0.0863136 2.10329 0.816408 0.00200517 0.577416 -0.00804274
6120 -1.09783 0.0956612 2.14741 0.815611 -0.000948052 0.578565 -0.00634198
6124 -1.04965 0.0811346 2.20903 0.818579 0.00155177 0.574315 -0.00935913
6125 -1.07891 0.134044 2.19122 0.8134 -0.010608 0.581607 -0.00123136
6129 -1.21734 0.0695027 1.83348 0.746338 0.00627587 0.665454 -0.0105613
6130 -1.09738 0.0991489 2.16852 0.801186 -0.00200338 0.598376 -0.00655869
6136 -1.18842 0.112626 1.96083 0.753534 -0.00370222 0.657385 -0.0043437
6138 -1.22657 0.0600734 1.82585 0.726735 0.00862749 0.686749 -0.0125814
6142 -1.23121 0.185415 1.78928 0.711584 -0.0145394 0.702373 0.0104241
6149 -1.24131 0.0473877 1.82925 0.702587 0.010451 0.711363 -0.0150005
6150 -1.08354 0.13043 2.22832 0.772372 -0.00997112 0.63509 -0.00163103
6158 -1.24833 0.0678817 1.83898 0.683399 0.00613922 0.72993 -0.0113618
6159 -1.09007 0.128025 2.23369 0.753784 -0.00930389 0.657054 -0.00157398
6164 -1.08374 0.132377 2.25185 0.745182 -0.0104899 0.666779 -0.000417495
6168 -1.08797 0.127722 2.25576 0.73639 -0.00982452 0.676485 -0.00117341
6170 -1.18585 0.102338 2.08293 0.698432 -0.00168484 0.715657 -0.00501315
6175 -1.18177 0.117999 2.14941 0.698893 -0.00550293 0.715201 -0.00228703
6176 -1.18081 0.0518987 2.47885 0.755331 0.00545268 0.655142 -0.015315
6177 -1.19334 0.0408486 2.09431 0.684253 0.0117678 0.729025 -0.0134994
6178 -1.18871 -0.133526 2.19112 0.698387 0.0472024 0.712795 -0.0441647
6180 -1.17296 -0.146655 2.07096 0.671389 0.0480862 0.737963 -0.0483201
6181 -1.14149 -0.0171549 1.95331 0.648116 0.0233263 0.760772 -0.0250562
6182 -1.18939 -0.07672 2.24811 0.705132 0.0335992 0.707314 -0.0369593
6183 -1.13856 -0.0108236 1.92546 0.643342 0.0202127 0.76487 -0.025995
6184 -1.20475 -0.00511787 2.24037 0.705322 0.0188137 0.708204 -0.0247828
6185 -1.17648 0.289394 2.25859 0.708699 -0.040707 0.703794 0.0276322
6186 -1.19365 0.123361 2.24522 0.70821 -0.00736019 0.705959 -0.00253416
6187 -1.19062 0.126436 2.31633 0.721237 -0.00799558 0.692642 2.41157e-05
6188 -1.17857 -0.181735 2.13488 0.685781 0.0566006 0.723722 -0.0522283
6198 -1.18975 0.25104 2.19731 0.660194 -0.0326672 0.750108 0.0203677
6199 -1.17347 0.36357 2.24802 0.665798 -0.0560654 0.742934 0.0402471
6202 -1.19882 0.0442059 2.26869 0.666485 0.00863277 0.745319 -0.0149407
6203 -1.18952 -0.0145907 2.15393 0.641436 0.0207365 0.766475 -0.0254363
6204 -1.18854 0.109693 2.2499 0.658495 -0.00406199 0.752569 -0.00279092
6208 -1.11505 0.0787196 1.88445 0.569041 0.00434376 0.822273 -0.0063899
6211 -1.18976 0.120128 2.27302 0.640279 -0.00723039 0.768106 -0.00158099
6214 -1.20305 0.0954844 2.2469 0.627022 -0.00213676 0.778977 -0.00580311
6215 -1.2059 0.0613473 2.25228 0.625764 0.00437867 0.779907 -0.0120689
6220 -1.13965 0.173233 1.95769 0.548695 -0.0132597 0.835816 0.0130333
6222 -1.1528 0.0628936 2.34937 0.623511 0.00186406 0.781723 -0.0118611
6225 -1.15679 0.0646711 2.36474 0.617959 0.00123161 0.786123 -0.0116176
6227 -1.3422 0.0982621 2.80547 0.702327 -0.0092213 0.711722 -0.0101226
6229 -1.16391 0.0644658 2.38675 0.611239 0.000974673 0.791358 -0.0117715
6232 -1.16442 0.060677 2.39663 0.604572 0.00157463 0.796446 -0.0127773
6235 -1.33009 0.131242 2.84671 0.688803 -0.0161477 0.724751 -0.00505098
6236 -1.24814 0.199298 2.54333 0.627186 -0.0253358 0.778369 0.0116713
6237 -1.32524 0.14977 2.85568 0.685775 -0.019818 0.727543 -0.00104195
6238 -1.32088 0.117585 2.81928 0.677185 -0.0133394 0.735666 -0.00622392
6240 -1.22557 0.422662 2.62331 0.631263 -0.0679697 0.77076 0.0530567
6241 -1.21355 0.269741 2.50226 0.60707 -0.0353517 0.793317 0.0293863
6242 -1.2039 0.358967 2.55691 0.614978 -0.055122 0.785394 0.0438074
6243 -1.17343 0.275308 2.45342 0.59214 -0.0373932 0.804438 0.0291689
6244 -1.17123 -0.173158 2.43842 0.587343 0.0449346 0.805805 -0.0607264
6245 -1.2048 0.335624 2.56228 0.612407 -0.0502546 0.787962 0.0393588
6247 -1.23898 -0.195607 2.56998 0.612684 0.0468842 0.786263 -0.0648835
6248 -1.10202 0.25239 2.37031 0.564047 -0.0332641 0.824571 0.0287682
6249 -1.14675 0.24085 2.44225 0.580572 -0.0322224 0.813235 0.0233853
6250 -1.27407 -0.027153 2.65032 0.627902 0.016571 0.777471 -0.0316729
6252 -1.23652 0.122623 2.59909 0.614742 -0.0094361 0.78867 -0.00185754
6256 -1.15142 0.10773 2.45097 0.577417 -0.00711641 0.816413 -0.00298772
6257 -1.20048 0.146667 2.54311 0.597875 -0.0158646 0.801429 0.00223368
6258 -1.17795 -0.0125571 2.45763 0.579087 0.0151502 0.814667 -0.0273135
6259 -1.18275 0.322122 2.55457 0.597908 -0.0467061 0.799239 0.039252
6261 -1.1948 -0.0591672 2.53116 0.592837 0.0237767 0.804159 -0.0361434
6263 -1.22553 0.207884 2.60152 0.607146 -0.0272486 0.793987 0.0146939
6266 -1.15351 0.154887 2.49347 0.579768 -0.0151937 0.814595 0.00860756
6267 -1.18663 0.060693 2.54421 0.591214 0.000903187 0.806423 -0.0121189
6268 -1.11308 0.216603 2.42407 0.561249 -0.025415 0.826912 0.0238695
6272 -1.14345 0.308892 2.51029 0.578047 -0.0446377 0.813834 0.0392891
6273 -1.19198 0.352408 2.64762 0.607202 -0.0557653 0.791409 0.043219
6274 -1.21564 0.00452001 2.63691 0.60659 0.0116273 0.794625 -0.0219857
6275 -1.26403 0.156555 2.86841 0.653069 -0.0208404 0.757005 0.00331717
6278 -1.17859 -0.139444 2.55017 0.583192 0.0376116 0.809771 -0.0523799
6279 -1.16631 -0.16856 2.55635 0.582429 0.0422566 0.809559 -0.0600397
6280 -1.16994 -0.0467371 2.53118 0.577732 0.0217023 0.815286 -0.032602
6281 -1.20716 0.0767402 2.64906 0.603132 -0.00278643 0.797582 -0.00928654
6282 -1.13958 -0.00144492 2.47372 0.561456 0.0122637 0.827048 -0.0246602
6283 -1.264 -0.0452617 2.87624 0.648169 0.0193081 0.760548 -0.0327243
6284 -1.17249 0.284055 2.56962 0.581516 -0.0383952 0.811895 0.0345314
6285 -1.22536 0.300575 2.78685 0.625907 -0.0457487 0.777857 0.03295
6287 -1.22476 -0.270806 2.754 0.616632 0.0614451 0.780962 -0.0780217
6288 -1.18097 0.3207 2.64135 0.591533 -0.0459322 0.803975 0.0400383
6289 -1.24664 -0.0363661 2.81715 0.629463 0.0173 0.776151 -0.032672
6290 -1.24073 0.195098 2.87722 0.639752 -0.0266424 0.768027 0.0119023
6291 -1.14951 0.38117 2.62879 0.582997 -0.0570496 0.80863 0.0545575
6292 -1.19267 0.296311 2.66098 0.591196 -0.0424524 0.804703 0.0337292
6293 -1.24357 0.232569 2.98591 0.656867 -0.0359878 0.752958 0.0168686
6294 -1.17917 0.331873 2.66665 0.587919 -0.0477438 0.806316 0.0438802
6297 -1.20024 0.0600188 2.66379 0.58274 0.00106151 0.812559 -0.012651
6298 -1.19276 0.210234 2.67963 0.583047 -0.0260757 0.811817 0.0181613
6299 -1.18921 0.37142 2.71711 0.586715 -0.0553676 0.806312 0.0506043
6302 -1.22845 0.014755 2.72339 0.58198 0.00867117 0.812857 -0.0220563
6303 -1.25035 0.00265439 3.03142 0.642997 0.0085392 0.765401 -0.0253781
6304 -1.22571 0.184423 2.74742 0.581109 -0.0218913 0.813437 0.0123622
6305 -1.20879 0.0633033 2.70733 0.569808 5.02123e-05 0.821695 -0.0116731
6306 -1.21472 -0.256236 2.74154 0.572883 0.0559086 0.81408 -0.0771522
6307 -1.21802 0.19051 2.73614 0.570842 -0.0229792 0.820613 0.0143603
6317 -1.29846 0.278148 2.85654 0.573447 -0.0376354 0.817772 0.0314836
6318 -1.40085 0.231441 2.98976 0.602109 -0.0305266 0.79762 0.0183273
6319 -1.15206 0.195073 2.7253 0.531353 -0.0238607 0.84661 0.0186093
6320 -1.14711 0.0246936 2.70652 0.524919 0.00550618 0.850928 -0.0187406
6321 -1.28887 0.191641 2.86455 0.566084 -0.0248809 0.823884 0.0120273
6322 -1.38244 0.252022 2.98368 0.593 -0.0345414 0.804162 0.0219373
6325 -1.2676 0.221169 2.85421 0.556898 -0.0278186 0.829785 0.0234287
6326 -1.19174 0.24822 2.79161 0.537626 -0.0330765 0.842 0.0299902
6328 -1.27588 0.142718 2.86411 0.557366 -0.0150171 0.83011 0.00589575
6329 -1.22635 0.135826 2.79821 0.539699 -0.0137004 0.841737 0.00401357
6331 -1.25353 0.321632 2.86049 0.551621 -0.0453701 0.83188 0.0403942
6332 -1.15558 0.18563 2.75945 0.522898 -0.0240639 0.851932 0.014478
6333 -1.27353 0.116447 2.88617 0.556627 -0.0119709 0.830675 -0.00143204
6334 -1.27237 0.335963 2.9145 0.561343 -0.0479394 0.825086 0.0427601
6336 -1.15414 0.162772 2.74828 0.517068 -0.0181897 0.855685 0.0105861
6337 -1.28113 0.350256 2.91077 0.558954 -0.0501753 0.826436 0.0453482
6338 -1.19534 0.250457 2.80914 0.531894 -0.0331156 0.845703 0.0278876
6339 -1.26212 -0.0281069 2.85048 0.54426 0.0134125 0.83821 -0.0317012
6340 -1.2162 0.1624 2.8151 0.533363 -0.0181621 0.845647 0.00867156
6343 -1.3328 0.0751091 2.97374 0.571432 -0.00474198 0.820565 -0.0107638
6350 -1.28266 0.0749989 2.9312 0.556441 -0.00389617 0.830823 -0.00957978
6352 -1.20832 0.249938 2.87655 0.538604 -0.032956 0.841394 0.0295887
6353 -1.22876 0.0901962 2.86858 0.538571 -0.00647834 0.842537 -0.00554969
6354 -1.25622 0.18771 2.90431 0.54688 -0.0219862 0.836808 0.0138455
6356 -1.28437 0.126388 2.9392 0.554829 -0.0124229 0.83187 0.00142189
6357 -1.17498 0.16633 2.84385 0.52629 -0.0184418 0.850014 0.0124195
6358 -1.36089 -0.054561 3.05062 0.579001 0.0173026 0.814394 -0.0349356
6359 -1.2184 0.240248 2.90516 0.540497 -0.0318804 0.840274 0.0280348
6361 -1.25536 0.304317 2.9638 0.55354 -0.0440069 0.830773 0.0383782
6362 -1.27526 0.090418 2.95989 0.553151 -0.00680158 0.833039 -0.00485088
6366 -1.3422 0.201022 3.07825 0.578464 -0.0274012 0.81512 0.0144216
6367 -1.27646 0.232682 3.00314 0.559045 -0.0310634 0.82816 0.0255935
6369 -1.21098 0.310501 2.93104 0.538505 -0.0462158 0.840365 0.04078
6370 -1.30735 0.421976 3.10627 0.578048 -0.0649718 0.811291 0.0586956
6371 -1.30964 0.261706 3.05941 0.569729 -0.0365245 0.820492 0.0294624
6373 -1.278 0.129692 3.02295 0.558888 -0.0157753 0.829091 0.00202343
6374 -1.27585 0.091347 2.99887 0.553112 -0.00770077 0.833059 -0.0045113
6375 -1.23493 0.180867 2.95481 0.541464 -0.0245257 0.84028 0.0120574
6377 -1.21297 0.246687 2.9369 0.534745 -0.034159 0.843863 0.0278628
6378 -1.29924 0.240325 3.05313 0.563298 -0.0343098 0.825235 0.0224885
6380 -1.21304 0.315866 2.96638 0.538757 -0.0457475 0.840154 0.0423072
6383 -1.29661 0.213856 3.07845 0.565023 -0.0288178 0.824365 0.0184712
6384 -1.2523 0.0598734 2.9721 0.540069 -0.00114512 0.841555 -0.010471
6386 -1.21448 0.313419 2.997 0.541093 -0.044568 0.838666 0.0432648
6389 -1.29057 0.22457 3.10506 0.566083 -0.0319304 0.823489 0.0199112
6390 -1.28459 0.088419 3.0461 0.553642 -0.0088779 0.832659 -0.00897065
6391 -1.22506 -0.0487981 2.97045 0.533778 0.0148128 0.844691 -0.036872
6392 -1.1978 0.209652 2.96143 0.530101 -0.0281199 0.847216 0.0206565
6396 -1.29933 0.232379 3.12684 0.56985 -0.0326576 0.820778 0.0229825
6398 -1.32805 0.277807 3.20271 0.586334 -0.0421228 0.808437 0.0294432
6399 -1.31906 0.134414 3.15609 0.576713 -0.0174996 0.816759 0.00077127
6401 -1.26582 0.22208 3.09497 0.562191 -0.0329626 0.826118 0.019579
6407 -1.1938 0.0884601 2.96203 0.533367 -0.00793405 0.845829 -0.00551431
6408 -1.20162 0.332636 3.03157 0.548683 -0.051375 0.833178 0.0460694
6410 -1.34164 0.135139 3.25112 0.603843 -0.0178447 0.796901 0.00178754
6412 -1.31091 -0.0866378 3.14601 0.583555 0.019837 0.810655 -0.0436857
6416 -1.33632 0.2286 3.29225 0.617392 -0.0361381 0.785601 0.0187825
6417 -1.37011 0.000564785 3.30645 0.62282 0.00528264 0.781953 -0.0248478
6419 -1.1694 -0.0314639 2.94478 0.540889 0.0128773 0.840393 -0.0318328
6421 -1.30531 -0.0899293 3.17052 0.598289 0.0224957 0.799844 -0.0423585
6422 -1.26026 0.377996 3.17871 0.598081 -0.0627623 0.797376 0.0505124
6426 -1.29432 0.220874 3.21136 0.611465 -0.0341289 0.790309 0.0189342
6427 -1.25442 0.216033 3.10766 0.588953 -0.0358354 0.807249 0.0141206
6431 -1.29019 0.326366 3.19027 0.611802 -0.0534504 0.788335 0.037011
6433 -1.30022 -0.121908 3.16712 0.611936 0.0278372 0.788864 -0.0495239
6434 -1.22229 -0.128516 3.02854 0.5818 0.0310872 0.81118 -0.0503003
6436 -1.27982 0.032802 3.118 0.606022 -0.000231893 0.79521 -0.0194516
6438 -1.3299 -0.08859 3.22832 0.632322 0.021959 0.773224 -0.0425614
6439 -1.14128 0.111128 2.92441 0.561894 -0.0116193 0.827127 -0.000285378
6440 -1.25932 0.120596 3.07253 0.601276 -0.0149637 0.798899 -0.00171262
6441 -1.28298 -0.0354969 3.12326 0.614479 0.013356 0.788132 -0.0329527
6445 -1.21525 0.134689 3.02998 0.598381 -0.0164094 0.801035 0.00363067
6446 -1.17717 0.112758 2.98838 0.588677 -0.0136125 0.808252 -0.00189833
6447 -1.32053 0.190117 3.23304 0.646164 -0.0283902 0.762586 0.0113353
6449 -1.2633 -0.135906 3.10481 0.621075 0.0328785 0.781423 -0.0506333
6451 -1.14751 0.00366946 2.93655 0.583663 0.00841791 0.811615 -0.0233863
6458 -1.2998 -0.0767658 3.15663 0.646315 0.0229471 0.76179 -0.0377847
6459 -1.27189 0.19188 3.17158 0.64909 -0.0301101 0.760054 0.00963981
6460 -1.23529 0.181056 3.06811 0.628775 -0.0269805 0.777068 0.00887281
6461 -1.21047 0.243273 3.0471 0.624991 -0.0368935 0.779368 0.0247094
6463 -1.20591 0.228969 3.03903 0.625932 -0.0360882 0.7788 0.0194234
6464 -1.29004 0.0949323 3.1851 0.660049 -0.0121933 0.75106 -0.00976692
6465 -1.14012 -0.0383905 2.93191 0.603073 0.016828 0.796838 -0.0326973
6467 -1.21323 0.139801 3.04184 0.633513 -0.0185056 0.773502 0.00357088
6468 -1.20586 0.191169 3.02981 0.631722 -0.0293253 0.774542 0.01231
6469 -1.2101 0.137436 3.02671 0.632831 -0.0180297 0.774077 0.00233302
6472 -1.20965 0.138841 3.03269 0.63719 -0.0183928 0.770485 0.00188274
6473 -1.21421 0.145254 3.04875 0.641595 -0.0198461 0.766778 0.0036119
6474 -1.21186 0.0969888 3.02735 0.638949 -0.0110352 0.769143 -0.00642931
6475 -1.21041 0.0573433 3.00174 0.635257 -0.00321867 0.772149 -0.0149707
6476 -1.19008 0.310944 3.05643 0.645091 -0.0524412 0.761476 0.0355278
6478 -1.19087 0.0681781 3.14841 0.667001 -0.0058802 0.744937 -0.0120143
6479 -1.18207 0.359172 2.9794 0.630442 -0.0579224 0.77256 0.0483566
6480 -1.18173 0.353257 2.9924 0.633838 -0.0589929 0.769872 0.0454575
6482 -1.20941 0.142688 2.85543 0.609291 -0.015981 0.792772 0.00465062
6483 -1.21093 -0.184653 3.06003 0.650765 0.0443801 0.755489 -0.0614101
6484 -1.20165 0.129793 3.07396 0.655119 -0.0182972 0.755304 -0.000396649
6485 -1.21788 0.09414 2.96528 0.633678 -0.00964268 0.773503 -0.00721321
6487 -1.20602 0.148069 2.97106 0.635198 -0.0215617 0.772044 0.00266989
6489 -1.20484 0.0750528 3.07667 0.65773 -0.00606634 0.75316 -0.0102747
6491 -1.20917 -0.0395174 3.06059 0.654316 0.0174025 0.755336 -0.0321784
6493 -1.18782 0.270709 2.92002 0.624453 -0.043415 0.779342 0.0282783
6516 -1.19662 0.248562 3.01642 0.645014 -0.0385212 0.762782 0.0252173
6517 -1.20455 0.0167181 2.95822 0.634674 0.0067001 0.772471 -0.0207893
6518 -1.21203 0.025753 3.04949 0.65383 0.00444542 0.756365 -0.0199803
6522 -1.21028 0.0804121 2.90512 0.62499 -0.00332241 0.780591 -0.00736438
6523 -1.22403 0.0196295 2.96052 0.637087 0.00621155 0.770478 -0.0210917
6526 -1.20256 -0.167757 3.09992 0.664268 0.0434837 0.744075 -0.056654
6533 -1.20352 0.164475 3.06986 0.661889 -0.0246828 0.749168 0.00639366
6537 -1.20618 -0.160262 2.92552 0.633597 0.0420162 0.770575 -0.0548011
6539 -1.18096 0.350396 2.89738 0.627436 -0.0564389 0.775272 0.0457325
6542 -1.20515 0.105747 3.03701 0.65948 -0.0145662 0.751558 -0.0058012
6545 -1.20841 -0.139764 2.91885 0.636876 0.0375646 0.768321 -0.0515713
6547 -1.19558 0.106965 3.12771 0.68002 -0.0149654 0.733018 -0.00582553
6549 -1.21336 0.119425 2.98117 0.651793 -0.0140277 0.758267 -0.000381543
6550 -1.19249 -0.119552 2.78351 0.610892 0.0347928 0.789551 -0.0470029
6552 -1.20709 -0.1767 2.87936 0.631159 0.0432382 0.772114 -0.0600676
6555 -1.17105 0.375058 3.08336 0.670806 -0.0687744 0.737073 0.0448621
6556 -1.18987 0.326052 3.0138 0.658854 -0.053909 0.749372 0.0380298
6558 -1.21657 0.138114 2.92887 0.645133 -0.0174501 0.76387 0.00103314
6559 -1.19285 0.246681 3.0599 0.671201 -0.0395706 0.739868 0.0227581
6560 -1.21665 0.0579715 3.11812 0.685048 -0.00251174 0.728363 -0.0137683
6561 -1.20555 0.206329 2.91734 0.645509 -0.0296826 0.762998 0.0164638
6563 -1.21949 -0.0757719 3.05165 0.673926 0.0249983 0.73743 -0.0373642
6565 -1.21268 -0.178657 2.89871 0.644602 0.0463413 0.761079 -0.0556756
6566 -1.20899 -0.0402505 3.00338 0.666728 0.0176255 0.744515 -0.0293294
6573 -1.21187 0.173489 2.91056 0.650729 -0.0204439 0.758937 0.0121766
6576 -1.24228 0.0465467 2.91053 0.652512 0.00225087 0.757615 -0.0155579
6580 -1.20762 -0.238148 2.80176 0.63078 0.0580521 0.770617 -0.0699629
6582 -1.23928 0.0250929 2.89484 0.653153 0.00455402 0.756938 -0.0203532
6585 -1.2115 0.225538 2.83682 0.642462 -0.0330254 0.765333 0.0204229
6587 -1.1959 0.351492 2.80903 0.636563 -0.0541764 0.767842 0.0476533
6588 -1.23567 0.149297 3.05198 0.687326 -0.020579 0.726047 0.00396863
6592 -1.2404 -0.0521344 3.01379 0.681556 0.0211076 0.730742 -0.0324329
6593 -1.18542 0.271463 2.7035 0.618476 -0.0387352 0.784199 0.0319291
6594 -1.19375 0.246121 2.70448 0.619572 -0.0321226 0.783764 0.0284975
6595 -1.23271 0.305773 2.97253 0.673061 -0.0498345 0.73718 0.032732
6597 -1.25355 0.0178296 2.92562 0.66709 0.00693548 0.74467 -0.0202589
6598 -1.24806 -0.0798576 2.88279 0.659059 0.0256955 0.750644 -0.0389148
6599 -1.22601 0.0933426 2.768 0.636572 -0.00656177 0.771172 -0.00513818
6600 -1.24072 0.179069 3.00264 0.683251 -0.025405 0.729687 0.00893826
6603 -1.24987 -0.0417285 2.93748 0.673261 0.0201591 0.738503 -0.0304406
6605 -1.24716 -0.194807 2.98574 0.68252 0.049958 0.726847 -0.0579939
6607 -1.25844 0.0789105 3.03465 0.694648 -0.00527732 0.719272 -0.00912484
6611 -1.22903 0.192559 2.80768 0.652756 -0.0249826 0.757036 0.0134525
6614 -1.24698 0.167456 2.81372 0.656761 -0.0172177 0.75381 0.011804
6616 -1.21934 0.31485 2.7721 0.647813 -0.0464285 0.759373 0.0391751
6617 -1.23505 0.125962 2.74697 0.645469 -0.0104803 0.76371 0.00274165
6623 -1.24586 0.0573141 2.73448 0.646671 0.00307667 0.762687 -0.010765
6624 -1.22796 -0.148508 2.69476 0.637311 0.0417473 0.767807 -0.0506481
6626 -1.23379 0.0763236 2.70711 0.64229 -0.000238146 0.766432 -0.00676022
6627 -1.21354 0.399606 2.74241 0.647038 -0.0620929 0.758047 0.0533995
6628 -1.22813 0.373082 2.78103 0.656081 -0.0580734 0.751061 0.0457435
6630 -1.25368 0.312939 2.8514 0.671421 -0.0490138 0.738745 0.0323669
6632 -1.27728 -0.209008 2.95967 0.693519 0.0534463 0.715916 -0.0603162
6633 -1.27745 -0.0117921 2.78567 0.662882 0.0146359 0.748144 -0.025567
6634 -1.24954 0.24362 2.70637 0.647463 -0.0312619 0.76107 0.0242191
6637 -1.21799 0.280444 2.63408 0.633812 -0.0391912 0.771876 0.0308869
6638 -1.22107 0.169404 2.6363 0.635431 -0.0175679 0.771889 0.01033
6640 -1.25056 0.0576185 2.66565 0.643629 0.00409984 0.765242 -0.0113981
6641 -1.20546 0.360487 2.64045 0.636147 -0.0554659 0.768236 0.0453306
6642 -1.21895 0.25051 2.62845 0.635448 -0.0330167 0.770996 0.0261104
6644 -1.26222 0.0511377 2.71185 0.654895 0.00363642 0.755596 -0.0131508
6646 -1.23297 0.16887 2.61525 0.636129 -0.0186179 0.771305 0.00906003
6648 -1.29707 0.157675 2.89798 0.692759 -0.0211337 0.720859 0.00137279
6652 -1.27327 0.217038 2.72227 0.661994 -0.029315 0.748745 0.0168877
6653 -1.24861 0.140968 2.63627 0.645589 -0.0140853 0.763544 0.00408278
6654 -1.24471 -0.0238512 2.62081 0.643215 0.0173093 0.765006 -0.0272236
6655 -1.27505 0.272839 2.80874 0.679758 -0.0404702 0.731878 0.0254017
6657 -1.28511 0.141056 2.6957 0.660933 -0.0157272 0.75028 0.00065043
6658 -1.2849 -0.0221979 2.71249 0.664597 0.0187694 0.746531 -0.0254853
6659 -1.25064 0.405387 2.71354 0.662706 -0.0647982 0.744402 0.0498734
6660 -1.27677 -0.0961384 2.65541 0.654584 0.0314245 0.754237 -0.0407231
6662 -1.2636 0.300788 2.65963 0.656753 -0.0441439 0.752203 0.030291
6663 -1.31592 -0.128086 2.94972 0.712059 0.0369174 0.699651 -0.0458013
6664 -1.22586 0.345551 2.60753 0.6471 -0.0539493 0.759484 0.0391787
6667 -1.26331 0.0641793 2.59967 0.651835 0.00281501 0.758284 -0.0104307
6668 -1.24832 0.363817 2.65512 0.660979 -0.0559068 0.747066 0.0432761
6670 -1.25594 0.303024 2.60995 0.655525 -0.0423817 0.753301 0.0320614
6671 -1.18598 0.214076 2.4422 0.621939 -0.0238876 0.782449 0.0198652
6672 -1.2749 0.282131 2.62914 0.662769 -0.0375739 0.747315 0.0290874
6673 -1.26586 0.444336 2.73458 0.681015 -0.0735654 0.726681 0.0523643
6675 -1.32531 0.211937 2.90146 0.717473 -0.029733 0.695859 0.0113938
6676 -1.29895 0.141269 2.6423 0.672774 -0.0124678 0.739739 0.00226631
6677 -1.2514 0.441285 2.68928 0.678671 -0.0724492 0.728878 0.0537923
6678 -1.26997 0.281481 2.60869 0.668293 -0.0391608 0.742355 0.0275653
6680 -1.29961 -0.298105 2.72024 0.690031 0.0729625 0.716395 -0.0728921
6681 -1.26129 0.245708 2.56028 0.663393 -0.031398 0.747293 0.0218204
6682 -1.27425 0.0428728 2.55061 0.664463 0.00599782 0.747142 -0.0151861
6685 -1.27834 0.0362098 2.57736 0.673767 0.00800186 0.738722 -0.016222
6687 -1.27536 0.146303 2.55651 0.673183 -0.0133245 0.739348 0.00344435
6688 -1.30795 -0.158739 2.32488 0.629817 0.0454214 0.773846 -0.0492934
6690 -1.23175 -0.0315779 2.67902 0.700628 0.0212708 0.71269 -0.0272035
6692 -1.29796 -0.212214 2.32788 0.636046 0.0537141 0.767449 -0.059849
6693 -1.28098 0.297605 2.45571 0.662546 -0.0420385 0.747269 0.0292283
6694 -1.30366 -0.198273 2.29167 0.63296 0.0521434 0.77036 -0.0564716
6695 -1.2934 0.146277 2.09253 0.598102 -0.00734492 0.801361 0.00636737
6697 -1.22831 0.00748302 2.67792 0.711123 0.0130844 0.702627 -0.0211636
6699 -1.24088 -0.035157 2.64662 0.708092 0.0222119 0.705234 -0.027507
6701 -1.29704 -0.0895226 2.44584 0.673682 0.0332119 0.737395 -0.0360305
6702 -1.25938 0.363826 2.44915 0.674151 -0.0538972 0.735444 0.0416887
6703 -1.28269 0.218866 2.08425 0.608965 -0.0202631 0.792687 0.019934
6704 -1.29715 -0.0211253 2.40867 0.672048 0.0204864 0.739815 -0.0246113
6705 -1.30321 -0.130512 2.32505 0.657174 0.0400565 0.751387 -0.0439986
6707 -1.28872 -0.0950556 2.4133 0.677002 0.032447 0.734242 -0.0387732
6708 -1.27565 0.166012 2.04445 0.609868 -0.0114025 0.792353 0.0103748
6709 -1.24857 -0.029851 2.62264 0.718461 0.0216549 0.694739 -0.0261496
6712 -1.29867 -0.175852 2.34108 0.670339 0.0476718 0.738648 -0.0526582
6714 -1.25867 0.320109 2.50723 0.703175 -0.0491503 0.708624 0.0313194
6716 -1.30873 0.0119147 2.38266 0.686309 0.0137234 0.726931 -0.0190838
6717 -1.30387 0.111143 2.39522 0.689858 -0.0060548 0.72391 -0.00356112
6719 -1.29125 0.317569 2.36224 0.685608 -0.0452648 0.725911 0.0307438
6721 -1.2866 0.108491 2.45219 0.706258 -0.00578775 0.707918 -0.00420904
6723 -1.31317 -0.0650596 2.34339 0.689585 0.0302394 0.722872 -0.0318478
6724 -1.24642 -0.0133489 2.63816 0.743267 0.0183916 0.6683 -0.0243167
6726 -1.25916 -0.0439052 2.6015 0.739952 0.0256989 0.67157 -0.0283627
6727 -1.31477 0.115356 2.28802 0.687491 -0.00441056 0.726177 -0.00194861
6728 -1.27353 0.402937 2.29532 0.687577 -0.0611121 0.722098 0.0455792
6730 -1.25029 0.073826 2.62734 0.751195 -0.000813094 0.65999 -0.0108487
6731 -1.29451 0.109617 2.41224 0.715966 -0.00570242 0.6981 -0.00411708
6732 -1.26153 0.042857 2.59338 0.748507 0.00635247 0.662916 -0.015476
6735 -1.27046 0.415133 2.30633 0.700869 -0.0646968 0.708811 0.0467253
6736 -1.26699 0.237742 2.0096 0.65151 -0.0249129 0.757904 0.0222766
6737 -1.30862 0.0318108 2.40586 0.724492 0.0109653 0.689043 -0.0145525
6738 -1.30892 0.0316703 2.40688 0.72614 0.0109605 0.687305 -0.0145989
6739 -1.25486 0.180573 2.60993 0.761111 -0.0242398 0.648147 0.00519398
6740 -1.3011 -0.221698 2.19713 0.690667 0.0597939 0.718445 -0.0569335
6741 -1.30704 -0.135546 2.23628 0.700336 0.0436001 0.711206 -0.0425947
6742 -1.26141 -0.000587771 2.60552 0.765147 0.0161783 0.643299 -0.0213375
6744 -1.31867 0.0563735 2.3119 0.719559 0.00637005 0.694304 -0.0116749
6745 -1.2539 0.30222 2.55636 0.759712 -0.0490754 0.647959 0.0240476
6746 -1.28027 0.309995 2.4336 0.740951 -0.0477051 0.669339 0.0264893
6748 -1.30473 0.267697 2.32621 0.726965 -0.0373257 0.685375 0.0197285
6749 -1.27081 -0.0978964 1.97289 0.666225 0.0373229 0.74393 -0.0363224
6750 -1.30008 -0.229072 2.21886 0.710221 0.0638009 0.698832 -0.0561182
6751 -1.30205 0.316764 2.29526 0.725998 -0.0465657 0.685589 0.0269446
6752 -1.3093 0.18485 2.23173 0.717977 -0.018393 0.695775 0.00818452
6754 -1.33149 0.0239676 2.24628 0.723807 0.0136197 0.689672 -0.0164504
6755 -1.328 0.125388 2.16659 0.712245 -0.00624387 0.701903 -0.000877444
6756 -1.33274 0.106153 2.225 0.723521 -0.000773846 0.690299 -0.00188437
6757 -1.33504 0.108281 2.30797 0.738411 -0.00524148 0.674304 -0.00601285
6760 -1.32295 -0.156654 2.22448 0.727903 0.051431 0.682448 -0.0421589
6761 -1.31992 -0.196055 2.19436 0.72347 0.0561609 0.686132 -0.051575
6765 -1.35801 0.0800465 2.08326 0.71342 0.00147968 0.700669 -0.00958675
6767 -1.41135 0.170077 1.89085 0.683941 -0.0112449 0.729419 0.00681541
6771 -1.37086 0.0686199 2.06001 0.719117 0.00588331 0.694791 -0.0100998
6774 -1.41212 0.155796 1.86556 0.692219 -0.00857349 0.721626 0.00387077
6776 -1.41322 0.0529041 1.8665 0.695986 0.00787777 0.717885 -0.0135492
6778 -1.22711 0.135853 2.30307 0.772671 -0.0106845 0.634717 -0.000757924
6784 -1.27913 -0.0152445 2.23436 0.768877 0.0204969 0.638603 -0.0243759
6785 -1.27832 0.0866181 2.23177 0.7697 -0.00110359 0.638328 -0.00993158
6793 -1.18833 0.0344404 2.36005 0.802721 0.0111502 0.596033 -0.0161176
6794 -1.29768 -0.149803 2.20424 0.775831 0.0506098 0.627517 -0.0417981
6795 -1.23268 0.216345 2.26225 0.78844 -0.0247775 0.614481 0.0126655
6796 -1.28422 -0.0165463 2.21745 0.781472 0.0216611 0.62309 -0.0243237
6800 -1.19122 -0.0514163 2.34215 0.806283 0.0288445 0.590042 -0.0304359
6801 -1.24463 0.138621 2.25474 0.793488 -0.0103381 0.608498 -0.000764661
6802 -1.30145 0.263286 2.13771 0.774657 -0.0348659 0.631177 0.0175061
6807 -1.37389 0.119871 1.94123 0.750603 -0.002108 0.660747 -0.00208762
6808 -1.30369 -0.218496 2.15687 0.782437 0.0635403 0.617223 -0.05283
6809 -1.23443 -0.243836 2.26071 0.799876 0.0705685 0.593277 -0.0569377
6810 -1.40116 0.205331 1.7782 0.728108 -0.0163113 0.68516 0.0121441
6811 -1.31518 0.216266 2.10423 0.779745 -0.023662 0.625553 0.0109774
6812 -1.27818 0.10951 2.22098 0.799129 -0.00255209 0.60114 -0.00416383
6815 -1.28413 -0.114696 2.18507 0.795154 0.0437964 0.603645 -0.0377524
6816 -1.33593 0.0274485 2.07727 0.780545 0.0141156 0.624711 -0.0169496
6818 -1.22239 0.0822114 2.24887 0.810165 0.00209963 0.586126 -0.00915801
6823 -1.30112 -0.236728 2.14645 0.795711 0.0695273 0.599313 -0.0532312
6824 -1.28079 -0.140357 2.19519 0.80585 0.0477649 0.588746 -0.0412475
6825 -1.33981 0.0352805 2.05025 0.786296 0.0132048 0.617523 -0.0151448
6828 -1.26767 0.272698 2.18598 0.808624 -0.0366841 0.58689 0.0184898
6829 -1.37689 0.102956 1.90385 0.768351 0.00167353 0.640009 -0.00475233
6830 -1.3926 0.218544 1.72944 0.74275 -0.0183852 0.669177 0.0136725
6831 -1.28616 -9.30582e-05 2.16701 0.810022 0.01979 0.58568 -0.0212747
6834 -1.32303 -0.261341 2.06264 0.795143 0.0726746 0.599393 -0.0565122
6837 -1.28238 -0.23793 2.1393 0.810854 0.067854 0.578731 -0.0546046
6838 -1.31621 -0.0141466 2.12283 0.811541 0.0236121 0.583397 -0.0221548
6840 -1.31874 0.0669077 2.11185 0.812555 0.00665365 0.58275 -0.010634
6841 -1.25718 0.148269 2.20042 0.826942 -0.0114806 0.56217 0.000165279
6842 -1.21339 -0.0246463 2.30106 0.842405 0.0271729 0.537705 -0.0221133
6844 -1.39352 0.171343 1.72317 0.760529 -0.0103126 0.649191 0.00628159
6846 -1.29098 0.00245417 2.14504 0.824502 0.0199521 0.565148 -0.0201574
6847 -1.31192 0.0316903 2.11612 0.821502 0.0133239 0.569819 -0.0161939
6848 -1.37559 0.158815 1.84374 0.783757 -0.0103837 0.620975 0.00253444
6865 -1.27029 0.100575 2.12576 0.84909 -0.000199865 0.528209 -0.00646875
6867 -1.46016 0.136092 1.97482 0.826895 -0.00314873 0.562348 -0.000418743
6868 -1.2416 0.0961961 2.14234 0.856214 -0.000114193 0.516573 -0.00700603
6873 -1.46386 0.160674 1.96134 0.833354 -0.00681088 0.552688 0.00321629
6875 -1.2666 0.0896146 2.11622 0.860789 0.000847888 0.508895 -0.00823626
6880 -1.24276 0.0999997 2.12809 0.869301 -0.000600238 0.494238 -0.00667086
6881 -1.24312 0.100805 2.12625 0.87034 -0.000797157 0.492409 -0.00643248
6883 -1.21804 0.102419 2.14316 0.875615 -0.00181886 0.482964 -0.00631295
6885 -1.46997 0.119216 1.91718 0.843835 -2.1895e-05 0.536596 -0.00263475
6886 -1.3818 0.219955 1.99068 0.855691 -0.020065 0.516995 0.0102901
6887 -1.32889 0.0912609 2.05816 0.866244 0.00153862 0.499557 -0.00782556
6894 -1.2276 0.110397 2.1239 0.885011 -0.00286009 0.465531 -0.00538392
6895 -1.23792 0.100624 2.11585 0.885062 -0.000709395 0.465425 -0.00666772
6900 -1.39351 0.084916 1.98931 0.872417 0.00342491 0.488674 -0.00858231
6904 -1.23279 0.115338 2.11017 0.894088 -0.00362302 0.447852 -0.00465672
6908 -1.237 0.100399 2.10487 0.897702 -0.000672812 0.440549 -0.00693371
6909 -1.28551 0.0982578 2.07343 0.893779 0.000103875 0.448448 -0.00728339
6912 -1.29469 0.104363 2.07085 0.896535 -0.000651559 0.442929 -0.00622262
6919 -1.29338 0.105498 2.06409 0.903851 -0.000697503 0.427803 -0.00622121
6923 -1.30396 0.101643 2.03485 0.905322 -0.000132238 0.424673 -0.00670473
6928 -1.29452 0.0974394 2.05679 0.912168 0.000407896 0.40974 -0.00784782
6933 -1.2989 0.107512 2.047 0.916435 -0.0006896 0.400137 -0.00605652
6935 -1.30112 0.103584 2.04782 0.918125 0.000355614 0.396238 -0.00637817
6951 -1.31789 0.11315 2.01857 0.930147 -0.000692404 0.367152 -0.00505016
6954 -1.3607 0.0942802 1.99595 0.928857 0.00315495 0.37036 -0.00697413
6955 -1.32906 0.109007 2.01641 0.931576 0.00214471 0.363518 -0.00391164
6956 -1.40346 0.14019 1.94233 0.923678 -0.000118919 0.383161 0.00262427
6958 -1.36724 0.0886674 1.96715 0.926675 0.00300642 0.375782 -0.00726215
6959 -1.36712 0.0367721 1.98779 0.927722 0.00742618 0.372785 -0.0175468
6960 -1.33386 0.134646 2.01983 0.931005 -0.000737838 0.365004 0.00127691
6961 -1.3798 0.0323375 1.97675 0.926325 0.00944549 0.376163 -0.0182822
6963 -1.3069 0.0972406 2.04727 0.933634 -3.56816e-05 0.358131 -0.00835556
6964 -1.3595 0.0939134 1.98925 0.92779 0.00379248 0.373009 -0.00751403
6981 -1.29275 -0.0390157 2.07045 0.947492 0.00163333 0.317702 -0.0363431
6987 -1.43377 0.158574 1.83716 0.935823 -5.92531e-05 0.352402 0.00696693
6990 -1.35609 0.0529865 1.9913 0.949136 0.00600647 0.314465 -0.0147114
6991 -1.40005 0.107411 1.91741 0.94449 0.00292226 0.32851 -0.00336548
6992 -1.3628 0.0725801 1.98135 0.949249 0.00319638 0.314322 -0.0108278
6994 -1.4118 0.135909 1.88884 0.943091 0.00178065 0.332518 0.00274374
6997 -1.41216 0.0873021 1.91465 0.943083 0.00211488 0.332439 -0.00863766
7000 -1.3777 0.0861241 1.96287 0.946272 0.00398557 0.323238 -0.00833938
7003 -1.35616 -0.00373604 1.98726 0.948209 0.000490512 0.316329 -0.0288983
7005 -1.31946 -0.0174844 2.04081 0.952106 0.00350782 0.304212 -0.0306029
7006 -1.35057 0.0149593 2.00278 0.949377 0.0023047 0.313248 -0.02351
7011 -1.45408 -0.131911 1.9084 0.939069 -0.0128211 0.337895 -0.06174
7020 -1.34745 0.0379753 2.02678 0.959188 0.00679959 0.282202 -0.0165681
7033 -1.4906 0.146262 1.78339 0.953134 -0.00065514 0.302519 0.00420388
7048 -1.5001 0.108168 1.85026 0.97175 0.00674755 0.235911 -0.00146207
7049 -1.56136 -0.155946 1.80041 0.965827 -0.00784648 0.249411 -0.0700802
7050 -1.53231 0.0793166 1.82955 0.970901 0.00525898 0.239246 -0.0091634
7052 -1.48469 0.0674297 1.88097 0.975417 0.00568265 0.219971 -0.0119283
7055 -1.49414 0.0633349 1.87848 0.976765 0.00538538 0.213873 -0.0126526
7057 -1.56033 0.0724873 1.82124 0.973916 0.00518888 0.226608 -0.0104536
7058 -1.54133 0.0912158 1.84139 0.975899 0.00635117 0.218061 -0.00555262
7059 -1.60814 -0.0452074 1.7792 0.971248 0.00126979 0.234284 -0.0422749
7063 -1.58193 0.0424397 1.81925 0.976666 0.00385252 0.213969 -0.0180481
7067 -1.5863 0.0670742 1.8246 0.978912 0.00539979 0.203908 -0.0110965
7072 -1.61342 0.0576419 1.81133 0.980231 0.00450214 0.19733 -0.0137379
7074 -1.6938 0.0365414 1.76414 0.976503 0.0030343 0.214584 -0.0196774
7078 -1.66531 0.229526 1.80993 0.9806 0.00655304 0.193262 0.0320933
7079 -1.67651 0.109649 1.78711 0.980799 0.00360996 0.194986 0.000197306
7081 -1.6896 0.0976191 1.78383 0.980894 0.00343831 0.194489 -0.0029751
7082 -1.69203 -0.0419563 1.76104 0.98011 0.00195171 0.194315 -0.0402666
7086 -1.7323 0.0698478 1.76722 0.980206 0.00549131 0.197639 -0.0102404
7087 -1.66861 0.0337353 1.80641 0.983791 0.00350349 0.178228 -0.019418
7088 -1.66784 -0.0217017 1.78591 0.983448 0.00300921 0.177784 -0.0348501
7090 -1.68674 -0.0745865 1.77342 0.982116 0.00419308 0.181692 -0.0491803
7094 -1.71393 -0.115739 1.7594 0.980776 -0.000212434 0.185483 -0.0606106
7098 -1.92513 0.0729213 1.58157 0.967581 0.00200818 0.252255 -0.012233
7099 -1.88882 -0.0897652 1.57514 0.968548 -0.00466399 0.241467 -0.0598943
7105 -1.77274 0.127832 1.80257 0.98216 0.00457205 0.187929 0.00485233
7106 -1.81445 0.00341052 1.74842 0.979359 0.00328091 0.200218 -0.0275219
7108 -1.81067 0.0753596 1.76376 0.980563 0.0031616 0.196025 -0.00784175
7112 -1.98318 0.0673176 1.5668 0.966747 0.00223316 0.255364 -0.0136078
7116 -1.81945 -0.065511 1.7635 0.980185 0.00302948 0.192528 -0.0464826
7130 -1.90872 0.0690832 1.76667 0.979429 0.0025187 0.201524 -0.0100079
7132 -1.87517 -0.138505 1.75446 0.979451 -0.000938507 0.190793 -0.0653711
7134 -1.9345 -0.0276058 1.74489 0.978094 0.00209082 0.204985 -0.0361803
7138 -1.96786 0.0503723 1.75053 0.977796 0.00444975 0.208949 -0.0153601
7143 -1.98856 0.133677 1.75486 0.978154 0.00403973 0.207733 0.00679816
7148 -1.97987 -0.0555407 1.7457 0.979069 0.00319539 0.199124 -0.0419888
7150 -2.01849 0.0639823 1.73383 0.978214 0.00123108 0.207291 -0.0112448
7151 -1.97597 -0.0562437 1.76038 0.980242 0.00067497 0.193254 -0.0421607
7153 -1.97118 -0.11034 1.76158 0.980413 -0.00216982 0.188564 -0.0568209
7155 -2.00878 -0.0506189 1.75848 0.979744 -0.0020045 0.195902 -0.04147
7157 -1.9916 -0.124603 1.75753 0.980004 0.00120972 0.189618 -0.0603053
7158 -2.05864 0.0290021 1.73532 0.978053 0.00317482 0.207312 -0.0205951
7161 -2.05431 0.0575017 1.77303 0.979905 0.00225761 0.19899 -0.0135986
7163 -2.03547 0.037874 1.79554 0.981533 0.00230991 0.19037 -0.0186482
7164 -2.06261 0.01668 1.76509 0.979919 0.00172816 0.197883 -0.0244724
7165 -2.05817 0.00970593 1.77586 0.980546 0.00152224 0.194547 -0.0260643
7166 -2.08377 0.0234426 1.75548 0.979401 0.00234703 0.200659 -0.0224667
7167 -2.05024 0.00138251 1.78788 0.981594 0.000842364 0.18888 -0.0282387
7169 -1.99935 0.00662482 1.81488 0.984813 0.000105799 0.171628 -0.0262072
7171 -2.1028 0.0250984 1.75388 0.980009 0.00210121 0.197846 -0.0208349
7172 -2.10477 0.0267336 1.75424 0.980175 0.00170986 0.197056 -0.0205549
7173 -2.10805 0.00569244 1.75739 0.980262 0.0010661 0.195929 -0.026403
7174 -2.1152 0.0149048 1.7571 0.980232 0.00233523 0.196412 -0.023726
7176 -2.18377 0.0701019 1.72071 0.977031 0.00713804 0.212804 -0.00864979
7178 -2.10111 -0.0576033 1.76394 0.981682 -0.00347312 0.185446 -0.0435761
7179 -2.13025 0.0478985 1.75784 0.981227 0.00387195 0.192272 -0.0145038
7183 -2.0917 0.0384296 1.79509 0.984626 0.002457 0.173896 -0.0163171
7184 -2.21257 0.0568458 1.71344 0.977997 0.00619763 0.20824 -0.0109656
7188 -2.28788 -0.00718949 1.64182 0.973533 0.00261242 0.226603 -0.0296412
7189 -2.29394 -0.00981266 1.63873 0.973422 0.00267022 0.226988 -0.0303235
7190 -2.12708 0.0468095 1.79591 0.984959 0.00476644 0.172166 -0.0138881
7191 -2.20172 0.0640878 1.75145 0.981353 0.00713482 0.191889 -0.0085907
7192 -2.17876 0.0411636 1.75908 0.982689 0.00358567 0.184551 -0.0158256
7193 -2.15868 0.0601629 1.7875 0.984286 0.00558319 0.176182 -0.0105076
7196 -2.23888 -0.00158719 1.71531 0.979865 0.00270632 0.197625 -0.0283124
7199 -2.25417 -0.0212386 1.71961 0.979973 0.00189768 0.196323 -0.0332626
7200 -2.21137 -0.0439125 1.75143 0.982524 -0.00112106 0.181906 -0.0394315
7202 -2.25292 0.0979813 1.74278 0.981655 0.00801269 0.190499 -8.44734e-05
7205 -2.26872 0.0756088 1.74733 0.981802 0.00857343 0.189636 -0.0053973
7207 -2.32735 -0.0119713 1.67344 0.977836 0.000140402 0.207084 -0.0308826
7210 -2.29855 -0.00880043 1.70888 0.980724 -0.0010948 0.19316 -0.0294769
7212 -2.22449 0.00531401 1.79271 0.985812 -0.000203384 0.166067 -0.0244323
7213 -2.37777 -0.031739 1.62871 0.975742 0.00103246 0.215947 -0.0359625
7215 -2.32694 -0.0491494 1.6973 0.980151 -0.00230282 0.194066 -0.0404697
7220 -2.30527 -0.0278758 1.74751 0.983498 0.000153133 0.177817 -0.0333741
7221 -2.33735 -0.0243133 1.70988 0.981629 0.000586842 0.1879 -0.0331347
7223 -2.36056 -0.0235218 1.70786 0.981077 0.00216508 0.190827 -0.0326907
7226 -2.28113 0.0036646 1.81203 0.986891 -0.000243089 0.159307 -0.02585
7231 -2.3621 -0.021631 1.75701 0.98413 -0.00193497 0.174371 -0.0328398
7233 -2.43626 0.068663 1.69336 0.980701 0.00786695 0.195276 -0.00549102
7234 -2.41491 -0.0531933 1.69698 0.981355 -0.00178747 0.187698 -0.041323
7236 -2.4126 0.0415917 1.74589 0.983524 0.00574714 0.180148 -0.013954
7237 -2.39565 -0.00909281 1.75566 0.984396 -0.00164462 0.173451 -0.0296112
7238 -2.39733 -0.0141445 1.75664 0.984569 -0.00211384 0.172204 -0.0310527
7241 -2.50039 -0.0253155 1.62176 0.978064 0.000944863 0.205445 -0.0343714
7245 -2.40516 0.0445668 1.80499 0.987284 0.00305295 0.158379 -0.0133017
7248 -2.46657 0.0707446 1.7467 0.984904 0.00621301 0.172889 -0.00584163
7249 -2.48099 0.0701192 1.74581 0.984689 0.00899271 0.174033 -0.00440074
7250 -2.4377 0.0658676 1.80276 0.987522 0.00549468 0.157244 -0.00664459
7252 -2.4696 -0.0391906 1.75439 0.985524 -0.00212373 0.165422 -0.0370593
7253 -2.5026 -0.0771601 1.69902 0.982993 -0.00287819 0.177121 -0.0484298
7254 -2.47555 -0.014449 1.75963 0.985958 0.00168645 0.164355 -0.0295098
7256 -2.47004 0.0462384 1.8027 0.987591 0.00305694 0.156473 -0.0130433
7260 -2.47402 -0.0143395 1.81147 0.988186 -0.00240827 0.150396 -0.0293756
7262 -2.49715 0.0654034 1.81185 0.988207 0.00400892 0.152925 -0.00667443
7264 -2.55492 0.0708124 1.73992 0.985421 0.00502112 0.169991 -0.00490306
7268 -2.6113 0.0709038 1.68617 0.983184 0.00766167 0.182427 -0.00318494
7269 -2.55773 -0.0291518 1.75947 0.98651 -0.00343252 0.16022 -0.033419
7271 -2.56494 -0.0384999 1.75555 0.986569 -0.00143932 0.159507 -0.0351756
7272 -2.64523 -0.0277004 1.61685 0.980892 0.00211713 0.191677 -0.0332639
7275 -2.56283 0.00236542 1.81693 0.988876 -0.000290267 0.146862 -0.0235942
7276 -2.64112 0.00100277 1.70552 0.984469 0.00308301 0.173971 -0.0233646
7277 -2.63017 0.0825243 1.73878 0.98587 0.00648191 0.167389 -0.000586772
7278 -2.63003 -0.0760695 1.70298 0.984583 -0.00301949 0.168615 -0.046439
7279 -2.58497 0.0288371 1.81791 0.989151 0.00243871 0.145978 -0.0162985
7281 -2.60261 -0.086621 1.74211 0.986867 -0.00295929 0.153647 -0.0497671
7282 -2.72695 -0.0721137 1.67973 0.980861 -0.00203689 0.1893 -0.0455374
7283 -2.77401 0.124107 1.66197 0.979287 0.0139582 0.201534 0.013615
7284 -2.70437 -0.162782 1.69268 0.981199 -0.00736189 0.178838 -0.0721933
7285 -2.63764 0.147474 1.73346 0.987364 0.00899369 0.157052 0.01913
7286 -2.79436 -0.135529 1.64615 0.976973 -0.00573047 0.203267 -0.064608
7292 -2.75182 0.112261 1.69425 0.983644 0.0125021 0.17937 0.0106944
7295 -2.78311 -0.131656 1.68242 0.981156 -0.00632442 0.182905 -0.0619587
7296 -2.7474 -0.131473 1.69466 0.983307 -0.00443098 0.171072 -0.0618197
7298 -2.82621 0.0821068 1.67173 0.981735 0.00986079 0.189981 0.00241758
7300 -2.8408 0.0453563 1.66772 0.981347 0.00862013 0.191818 -0.00949627
7302 -2.75114 -0.193735 1.71848 0.983922 -0.0103403 0.15943 -0.0798252
7304 -2.89919 0.124677 1.63278 0.979024 0.0150542 0.202542 0.0162067
7307 -2.74725 -0.0868723 1.74262 0.98756 -0.00414776 0.149618 -0.0481852
7309 -2.84707 -0.165461 1.67946 0.981503 -0.00736891 0.17719 -0.0721151
7310 -2.85198 0.062919 1.68755 0.984072 0.00816631 0.177555 -0.003176
7311 -2.85014 -0.0383616 1.68637 0.983885 -0.00043808 0.175553 -0.0339265
7313 -2.82867 -0.140199 1.71026 0.984324 -0.00612996 0.16439 -0.0635907
7315 -2.85899 -0.110153 1.69606 0.983786 -0.00626959 0.170213 -0.0561482
7317 -2.84516 0.0333505 1.73437 0.986925 0.00289187 0.160595 -0.0134431
7320 -2.89386 -0.144627 1.70225 0.983257 -0.00799799 0.169514 -0.066377
7321 -2.91547 0.0470904 1.68743 0.984441 0.00492237 0.175424 -0.00881981
7322 -2.96261 -0.00614132 1.64676 0.981531 0.00305869 0.189685 -0.0246319
7323 -3.00308 0.0697512 1.62307 0.979662 0.0108818 0.200357 -0.000851097
7324 -2.82382 -0.0272605 1.77487 0.989713 -0.000170318 0.139674 -0.0309589
7327 -2.90185 -0.141474 1.72383 0.985434 -0.00613283 0.15702 -0.0650176
7330 -3.00282 0.0523978 1.65625 0.982974 0.0083919 0.183461 -0.00575182
7331 -3.0513 0.128391 1.60404 0.979702 0.0163254 0.198912 0.0187564
7333 -2.97918 -0.134762 1.67843 0.983557 -0.00374162 0.169378 -0.0625457
7334 -2.98128 -0.125541 1.69519 0.9842 -0.00482368 0.166644 -0.0596467
7335 -2.94329 -0.0819523 1.7296 0.987112 -0.00108195 0.153297 -0.0459125
7336 -2.98752 -0.082302 1.69092 0.985032 -0.000659191 0.165853 -0.0469603
7341 -2.96746 -0.0867274 1.73824 0.987744 1.23145e-05 0.14852 -0.0479903
7342 -2.9949 0.0296893 1.73306 0.987982 0.00314758 0.153848 -0.0145906
7343 -2.95493 -0.0590359 1.76979 0.989517 -0.00216213 0.138756 -0.03998
7344 -3.04013 0.0587246 1.69113 0.986266 0.00693109 0.164951 -0.00470358
7345 -3.08851 -0.0401668 1.62551 0.982719 0.00054708 0.181876 -0.034411
7346 -2.98509 -0.0420813 1.74626 0.989191 0.000820078 0.142673 -0.0338474
7348 -3.0432 0.0244212 1.72176 0.987813 0.00431594 0.154888 -0.0146982
7349 -2.98351 -0.0954742 1.77673 0.989806 -0.00407725 0.133503 -0.0494367
7350 -3.05787 -0.111713 1.69237 0.985954 -0.00402668 0.157397 -0.0557214
7351 -3.06803 -0.0678172 1.69768 0.986445 -0.00266119 0.15834 -0.0429918
7352 -3.046 -0.0565858 1.74386 0.988337 -0.00184513 0.146853 -0.0402588
7354 -3.03249 -0.0507877 1.75415 0.989464 0.000759206 0.13963 -0.0382637
7355 -3.14954 0.00638683 1.62541 0.983541 0.00524498 0.179334 -0.0214321
7363 -3.20127 -0.00253921 1.61093 0.984254 0.0037831 0.175247 -0.0227808
7366 -3.18277 -0.0979997 1.64222 0.985447 -0.00235855 0.161664 -0.0524714
7370 -3.14316 -0.0357072 1.74104 0.990265 0.0012599 0.135357 -0.0324208
7376 -3.22714 -0.0736627 1.72645 0.988211 0.0024238 0.146644 -0.0439119
7378 -3.1906 -0.133793 1.72972 0.989222 -0.0012466 0.132611 -0.0620641
7379 -3.1443 0.081065 1.74513 0.993165 0.0115598 0.116128 0.00189445
7382 -3.32033 0.085189 1.68679 0.986849 0.0137932 0.160989 0.00460418
7383 -3.1671 -0.116831 1.75093 0.992064 0.00107443 0.112179 -0.0567742
7385 -3.34353 0.0854324 1.68322 0.987106 0.0143573 0.159358 0.00463811
7386 -3.28049 -0.00726166 1.72484 0.990205 0.0074375 0.137397 -0.0236611
7387 -3.327 -0.117417 1.69909 0.987167 0.000133577 0.14898 -0.0574979
7388 -3.26803 -0.108281 1.73126 0.990308 0.00033999 0.127943 -0.0540353
7390 -3.16031 0.0697022 1.76912 0.995844 0.00949799 0.0905738 -4.7867e-05
7391 -3.29235 -0.0908753 1.72868 0.99074 0.000457906 0.127019 -0.0479716
7392 -3.25296 -0.0517926 1.74989 0.992992 0.00267111 0.112664 -0.0355793
7393 -3.25235 -0.0248902 1.75175 0.993578 0.00438385 0.109635 -0.0276358
7394 -3.26045 -0.00698349 1.75275 0.993776 0.00576346 0.108991 -0.022293
7395 -3.28032 -0.00830493 1.74941 0.993432 0.00652487 0.111908 -0.0229616
7396 -3.27642 -0.000179384 1.75336 0.993922 0.00688398 0.107928 -0.0205644
7397 -3.28385 -0.00679721 1.75333 0.993944 0.00650162 0.10734 -0.0226281
7398 -3.33939 -0.0143182 1.73563 0.992341 0.00491379 0.120857 -0.0250778
7399 -3.46752 -0.022592 1.65003 0.986712 0.00606127 0.15999 -0.0276829
7400 -3.26488 -0.113975 1.76438 0.994121 0.00176783 0.0935634 -0.0544542
7403 -3.49401 -0.0421091 1.64757 0.986884 0.00509095 0.157629 -0.0344458
7406 -3.37951 -0.130197 1.73006 0.991744 0.000353096 0.113558 -0.0595637
7408 -3.23922 0.0614846 1.80092 0.997689 0.00970476 0.0672188 -0.00215958
7409 -3.25293 0.0595605 1.80174 0.997579 0.00999626 0.0687619 -0.00300528
7412 -3.42075 -0.0514525 1.7465 0.992991 0.00130091 0.112569 -0.0359969
7415 -3.36605 -0.0885777 1.77612 0.994879 0.00409303 0.0898168 -0.0461679
7416 -3.44511 -0.0520031 1.73436 0.993031 0.00537837 0.112443 -0.0348848
7417 -3.50131 -0.125913 1.69909 0.990019 -0.000817447 0.128361 -0.0581868
7421 -3.43761 -0.0132946 1.76906 0.994786 0.00673412 0.0990334 -0.0233996
7422 -3.56634 0.061356 1.65833 0.990069 0.0122878 0.140047 1.72994e-05
7423 -3.47232 -0.0929301 1.74659 0.993159 0.0038584 0.106707 -0.0472595
7427 -3.50666 0.023171 1.75445 0.99399 0.00991672 0.108416 -0.0114408
7428 -3.54501 -0.0191181 1.72138 0.992432 0.00890579 0.119932 -0.0248196
7429 -3.57659 -0.115486 1.69839 0.990151 0.000979027 0.128788 -0.0548918
7432 -3.58834 -0.103125 1.70237 0.990663 0.00255394 0.126447 -0.0509078
7434 -3.60772 -0.0303384 1.71738 0.991483 0.0045571 0.127022 -0.0283816
7436 -3.50728 -0.0471631 1.79172 0.995302 0.00766292 0.090911 -0.0324055
7437 -3.5694 -0.12564 1.74457 0.992432 0.00269855 0.109396 -0.0557099
7441 -3.54516 -0.0332527 1.79734 0.995374 0.00613081 0.092256 -0.0261086
7442 -3.63382 -0.0118501 1.72681 0.992656 0.0086929 0.118881 -0.0206465
7443 -3.55027 -0.0841681 1.80188 0.995033 0.0051863 0.089966 -0.0422853
7445 -3.59099 0.0248023 1.78053 0.995019 0.00839937 0.0987362 -0.0108224
7448 -3.6529 -0.108778 1.74851 0.99227 0.000792934 0.113081 -0.0511159
7449 -3.67298 -0.0846201 1.7224 0.991876 0.004148 0.119326 -0.0438944
7451 -3.60022 -0.0351843 1.81213 0.995514 0.00919224 0.0897696 -0.0284268
7452 -3.7525 -0.0294306 1.65328 0.989346 0.00619297 0.142718 -0.0280545
7453 -3.66888 -0.102154 1.7562 0.992796 0.00416379 0.10932 -0.0488654
7456 -3.67157 0.0118981 1.77409 0.9945 0.0101011 0.103163 -0.0150286
7458 -3.70327 0.0377931 1.7665 0.994078 0.0126548 0.10773 -0.00659185
7459 -3.71126 -0.0850586 1.76182 0.993084 0.00614069 0.108872 -0.0435009
7460 -3.69118 -0.00242056 1.77339 0.99466 0.00978029 0.101038 -0.0186279
7461 -3.70856 0.0349641 1.76823 0.994402 0.0103388 0.10489 -0.00744579
7462 -3.7277 -0.00482441 1.76779 0.993834 0.0117284 0.108433 -0.0199886
7463 -3.64152 -0.108155 1.78247 0.995395 0.0026355 0.0810601 -0.0511029
7466 -3.817 0.164905 1.74287 0.991197 0.019719 0.126621 0.0332587
7467 -3.63852 -0.0337004 1.78239 0.996971 0.00496865 0.0723772 -0.0280418
7468 -3.89342 0.143607 1.73006 0.988649 0.0227544 0.145908 0.0276925
7469 -3.61973 0.00445094 1.78941 0.997837 0.0054275 0.0633607 -0.0166261
7470 -3.7713 -0.036 1.7789 0.993963 0.00652424 0.105977 -0.0276184
7471 -3.77127 -0.0496589 1.77755 0.994074 0.00830097 0.103375 -0.0325703
7473 -3.90329 0.184453 1.73051 0.989308 0.022302 0.138365 0.0403412
7474 -3.89646 0.14999 1.74817 0.990323 0.0212602 0.134066 0.0288733
7475 -3.73773 -0.0972052 1.79346 0.99523 0.00318641 0.0854422 -0.0469647
7476 -3.79304 -0.0470275 1.78753 0.994544 0.00840315 0.0988876 -0.0321398
7478 -3.95393 0.158932 1.73918 0.989216 0.0232998 0.141102 0.0316035
7479 -3.8308 -0.0244516 1.78771 0.994332 0.0108271 0.102557 -0.0258563
7480 -3.96769 0.133364 1.74301 0.989563 0.0225457 0.140332 0.0237627
7481 -3.73911 0.0264993 1.811 0.997348 0.00765455 0.0714714 -0.0113831
7483 -3.91834 0.0614609 1.7744 0.992752 0.0153768 0.119187 0.000760305
7486 -3.90582 -0.00963874 1.78861 0.993784 0.0099109 0.109045 -0.0200886
7487 -3.9544 0.0718241 1.77167 0.992541 0.0170703 0.120608 0.00506969
7490 -4.00192 0.147828 1.75119 0.991232 0.020361 0.127208 0.0293694
7491 -3.98773 0.0569407 1.7733 0.99256 0.0160682 0.120689 0.00103391
7492 -3.92193 -0.0262294 1.79902 0.994736 0.0112958 0.0987783 -0.0248042
7493 -3.93849 -0.0143001 1.79646 0.994594 0.0119926 0.100988 -0.0209989
7496 -3.88816 0.0312667 1.82771 0.996852 0.00936023 0.0782638 -0.00850712
7498 -4.0735 0.145668 1.75367 0.991173 0.0216176 0.127547 0.0289912
7502 -4.11193 0.0897125 1.76296 0.991227 0.0213732 0.129947 0.0112413
7503 -3.99409 -0.0632258 1.82016 0.994937 0.00826009 0.0931713 -0.0367695
7505 -4.12703 0.125819 1.76883 0.991492 0.0213713 0.126592 0.0214613
7507 -4.09325 0.0732424 1.79586 0.993624 0.0164451 0.111418 0.00519256
7508 -4.14457 0.152607 1.76484 0.991589 0.0210861 0.123966 0.0306425
7510 -4.03367 0.0339751 1.83452 0.996187 0.010687 0.0863128 -0.00692312
7511 -4.1042 0.0122263 1.80287 0.994329 0.0147622 0.104643 -0.0118945
7514 -4.19759 0.0515376 1.75314 0.991621 0.0184916 0.127832 0.00214992
7516 -4.17347 0.0718659 1.7697 0.992919 0.0173096 0.117269 0.00781317
7517 -4.15623 -0.00844989 1.78586 0.993614 0.0140161 0.110675 -0.016913
7518 -4.18801 0.115303 1.78198 0.992685 0.0184757 0.117562 0.0203405
7519 -4.16235 -0.0284144 1.79066 0.99365 0.0126479 0.109404 -0.0230308
7520 -4.22024 0.0874401 1.77115 0.992011 0.0198093 0.123944 0.0125919
7522 -4.24565 0.0938694 1.76613 0.991457 0.0212063 0.127852 0.0147416
7526 -4.23866 0.122909 1.7811 0.992707 0.0205144 0.116367 0.0238733
7528 -4.23248 0.00436285 1.78267 0.993444 0.0186893 0.11225 -0.0109787
7530 -4.20282 -0.0462793 1.81547 0.99437 0.0145194 0.101501 -0.0267356
7534 -4.29586 -0.183531 1.70033 0.988226 0.0133299 0.136745 -0.0673297
7538 -4.241 -0.0102664 1.7959 0.993525 0.0141717 0.111251 -0.0181572
7543 -4.32441 0.000775422 1.72936 0.990483 0.0211151 0.135567 -0.0109241
7544 -4.28107 0.0365293 1.76848 0.992609 0.01796 0.120017 -0.00110982
7545 -4.31186 0.0123185 1.74895 0.991395 0.0217051 0.128946 -0.00615617
7546 -4.29035 -0.0931894 1.73227 0.991246 0.0165861 0.125519 -0.0374314
7551 -4.27708 -0.0436862 1.75407 0.992087 0.0136043 0.122239 -0.025215
7560 -4.29273 -0.0977942 1.74845 0.990665 0.0139558 0.128889 -0.042149
7571 -4.27065 -0.0180136 1.77011 0.992733 0.0173888 0.117933 -0.0164634
7578 -4.26847 0.00554864 1.77385 0.992733 0.0184851 0.118404 -0.0109098
7583 -4.25482 0.0205351 1.79582 0.993403 0.0154483 0.11337 -0.00772743
7602 -4.32678 0.0273544 1.7396 0.990483 0.0206207 0.13605 -0.0028565
7874 -4.24838 -0.0143717 1.79774 0.993628 0.0143756 0.110447 -0.0172613
